\BOOKMARK [0][-]{chapter*.1}{Acknowledgements}{}% 1
\BOOKMARK [0][-]{chapter.1}{To the Instructor}{}% 2
\BOOKMARK [0][-]{chapter.2}{Prologue: Three Lessons Before We Begin}{}% 3
\BOOKMARK [-1][-]{part.1}{In Which We Raise A Number Of Questions}{}% 4
\BOOKMARK [0][-]{chapter.3}{Numbers, Real \(R\) and Rational \(Q\)}{part.1}% 5
\BOOKMARK [0][-]{chapter.4}{Calculus in the 17th and 18th Centuries}{part.1}% 6
\BOOKMARK [0][-]{chapter.5}{Questions Concerning Power Series}{part.1}% 7
\BOOKMARK [-1][-]{part.2}{Interregnum}{}% 8
\BOOKMARK [0][-]{chapter.6}{Joseph Fourier: The Man Who Broke Calculus}{part.2}% 9
\BOOKMARK [-1][-]{part.3}{In Which We Find \(Some\) Answers}{}% 10
\BOOKMARK [0][-]{chapter.7}{Convergence of Sequences and Series}{part.3}% 11
\BOOKMARK [0][-]{chapter.8}{A ``Tayl'' of Three Remainders}{part.3}% 12
\BOOKMARK [0][-]{chapter.9}{Continuity: What It Isn't and What It Is}{part.3}% 13
\BOOKMARK [0][-]{chapter.10}{Intermediate and Extreme Values}{part.3}% 14
\BOOKMARK [0][-]{chapter.11}{Back to Power Series}{part.3}% 15
\BOOKMARK [0][-]{chapter.12}{Back to the Real Numbers}{part.3}% 16
\BOOKMARK [0][-]{chapter.13}{Epilogues}{part.3}% 17
\BOOKMARK [-1][-]{section*.426}{Back Matter}{}% 18
\BOOKMARK [0][-]{chapter*.427}{Bibliography}{section*.426}% 19
\BOOKMARK [0][-]{section*.428}{Index}{section*.426}% 20
