INFO    : PreTeXt project found in `/home/ecb5/Dropbox/Books/ASORA`.
WARNING : Project's CLI version could not be detected from `requirements.txt`.
WARNING : Try `pretext init --refresh` to produce a compatible file.
INFO    : Since no target was supplied, we will use "html".

INFO    : Staging latest build located in `/home/ecb5/Dropbox/Books/ASORA/output/html` at `/home/ecb5/Dropbox/Books/ASORA/output/stage`.
INFO    : 
INFO    : Deployment is now staged at `/home/ecb5/Dropbox/Books/ASORA/output/stage`.
INFO    : Preparing to deploy from active `main` git branch.
INFO    : 
INFO    : Changes to project source since last commit detected.
INFO    : Add/committing these changes to local Git repository.
INFO    : 
INFO    : Committing your latest build to the `gh-pages` branch.
INFO    : 
INFO    : Attempting to connect to remote repository at `git@github.com:ecb5/ASORA.git`...
INFO    : 
INFO    : 
INFO    : Latest build successfully pushed to GitHub!
INFO    : 
INFO    : To enable GitHub Pages, visit
INFO    :     https://github.com/ecb5/ASORA/settings/pages
INFO    : selecting the `gh-pages` branch with the `/ (root)` folder.
INFO    : 
INFO    : Visit
INFO    :     https://github.com/ecb5/ASORA/actions/
INFO    : to check on the status of your GitHub Pages deployment.
INFO    : 
INFO    : Your built project will soon be available to the public at:
INFO    :     https://ecb5.github.io/ASORA/
