This is pdfTeX, Version 3.14159265-2.6-1.40.20 (MiKTeX 2.9.7250 64-bit) (preloaded format=pdflatex 2019.12.11)  1 FEB 2022 17:12
entering extended mode
**&pdflatex prv_SolutionManual.ini \nonstopmode\nofiles\PassOptionsToPackage{ac
tive,tightpage,auctex}{preview}\AtBeginDocument{\ifx\ifPreview\undefined\Requir
ePackage[displaymath,floats,graphics,textmath,sections,footnotes]{preview}[2004
/11/05]\fi} \input \detokenize{ SolutionManual.tex }
(prv_SolutionManual.ini
LaTeX2e <2019-10-01> patch level 3
! I can't find file `mylatex.ltx'.
l.5 \let\dump\PREVIEWdump\dump}\input mylatex.ltx 
                                                  \relax%
Please type another input file name
! Emergency stop.
l.5 \let\dump\PREVIEWdump\dump}\input mylatex.ltx 
                                                  \relax%
*** (job aborted, file error in nonstop mode)

 
Here is how much of TeX's memory you used:
 11 strings out of 492484
 286 string characters out of 3120241
 58725 words of memory out of 3000000
 4455 multiletter control sequences out of 15000+200000
 3640 words of font info for 14 fonts, out of 3000000 for 9000
 1141 hyphenation exceptions out of 8191
 5i,0n,3p,410b,8s stack positions out of 5000i,500n,10000p,200000b,50000s
!  ==> Fatal error occurred, no output PDF file produced!
