\BOOKMARK [-1][-]{part.1}{I In Which We Raise a Number of Questions}{}% 1
\BOOKMARK [0][-]{chapter*.2}{Prologue: Three Lessons Before We Begin}{part.1}% 2
\BOOKMARK [1][-]{problem.1}{Problem 1}{chapter*.2}% 3
\BOOKMARK [2][-]{problem.2}{Problem 2}{problem.1}% 4
\BOOKMARK [2][-]{problem.3}{Problem 3}{problem.1}% 5
\BOOKMARK [2][-]{problem.4}{Problem 4}{problem.1}% 6
\BOOKMARK [2][-]{problem.5}{Problem 5}{problem.1}% 7
\BOOKMARK [2][-]{problem.6}{Problem 6}{problem.1}% 8
\BOOKMARK [0][-]{chapter.1}{Numbers, Real \(R\) and Rational \(Q\)}{part.1}% 9
\BOOKMARK [1][-]{problem.7}{Problem 7}{chapter.1}% 10
\BOOKMARK [2][-]{problem.8}{Problem 8}{problem.7}% 11
\BOOKMARK [2][-]{problem.9}{Problem 9}{problem.7}% 12
\BOOKMARK [2][-]{problem.10}{Problem 10}{problem.7}% 13
\BOOKMARK [2][-]{problem.11}{Problem 11}{problem.7}% 14
\BOOKMARK [2][-]{problem.12}{Problem 12}{problem.7}% 15
\BOOKMARK [2][-]{problem.13}{Problem 13}{problem.7}% 16
\BOOKMARK [0][-]{chapter.2}{Calculus in the 17th and 18th Centuries}{part.1}% 17
\BOOKMARK [1][-]{problem.14}{Problem 14}{chapter.2}% 18
\BOOKMARK [2][-]{problem.15}{Problem 15}{problem.14}% 19
\BOOKMARK [2][-]{problem.16}{Problem 16}{problem.14}% 20
\BOOKMARK [2][-]{problem.17}{Problem 17}{problem.14}% 21
\BOOKMARK [2][-]{problem.18}{Problem 18}{problem.14}% 22
\BOOKMARK [2][-]{problem.19}{Problem 19}{problem.14}% 23
\BOOKMARK [2][-]{problem.20}{Problem 20}{problem.14}% 24
\BOOKMARK [2][-]{problem.21}{Problem 21}{problem.14}% 25
\BOOKMARK [2][-]{problem.22}{Problem 22}{problem.14}% 26
\BOOKMARK [2][-]{problem.23}{Problem 23}{problem.14}% 27
\BOOKMARK [2][-]{problem.24}{Problem 24}{problem.14}% 28
\BOOKMARK [2][-]{problem.25}{Problem 25}{problem.14}% 29
\BOOKMARK [2][-]{problem.26}{Problem 26}{problem.14}% 30
\BOOKMARK [2][-]{problem.27}{Problem 27}{problem.14}% 31
\BOOKMARK [2][-]{problem.28}{Problem 28}{problem.14}% 32
\BOOKMARK [2][-]{problem.29}{Problem 29}{problem.14}% 33
\BOOKMARK [2][-]{problem.30}{Problem 30}{problem.14}% 34
\BOOKMARK [2][-]{problem.31}{Problem 31}{problem.14}% 35
\BOOKMARK [2][-]{problem.32}{Problem 32}{problem.14}% 36
\BOOKMARK [2][-]{problem.33}{Problem 33}{problem.14}% 37
\BOOKMARK [2][-]{problem.34}{Problem 34}{problem.14}% 38
\BOOKMARK [2][-]{problem.35}{Problem 35}{problem.14}% 39
\BOOKMARK [0][-]{chapter.3}{Questions Concerning Power Series}{part.1}% 40
\BOOKMARK [1][-]{problem.36}{Problem 36}{chapter.3}% 41
\BOOKMARK [2][-]{problem.37}{Problem 37}{problem.36}% 42
\BOOKMARK [2][-]{problem.38}{Problem 38}{problem.36}% 43
\BOOKMARK [2][-]{problem.39}{Problem 39}{problem.36}% 44
\BOOKMARK [2][-]{problem.40}{Problem 40}{problem.36}% 45
\BOOKMARK [2][-]{problem.41}{Problem 41}{problem.36}% 46
\BOOKMARK [2][-]{problem.42}{Problem 42}{problem.36}% 47
\BOOKMARK [2][-]{problem.43}{Problem 43}{problem.36}% 48
\BOOKMARK [2][-]{problem.44}{Problem 44}{problem.36}% 49
\BOOKMARK [2][-]{problem.45}{Problem 45}{problem.36}% 50
\BOOKMARK [-1][-]{part.2}{II Interregnum}{}% 51
\BOOKMARK [0][-]{problem.46}{Problem 46}{part.2}% 52
\BOOKMARK [1][-]{problem.47}{Problem 47}{problem.46}% 53
\BOOKMARK [2][-]{problem.48}{Problem 48}{problem.47}% 54
\BOOKMARK [2][-]{problem.49}{Problem 49}{problem.47}% 55
\BOOKMARK [2][-]{problem.50}{Problem 50}{problem.47}% 56
\BOOKMARK [2][-]{problem.51}{Problem 51}{problem.47}% 57
\BOOKMARK [2][-]{problem.52}{Problem 52}{problem.47}% 58
\BOOKMARK [2][-]{problem.53}{Problem 53}{problem.47}% 59
\BOOKMARK [2][-]{problem.54}{Problem 54}{problem.47}% 60
\BOOKMARK [2][-]{problem.55}{Problem 55}{problem.47}% 61
\BOOKMARK [-1][-]{part.3}{III In Which We Find \(Some\) Answers}{}% 62
\BOOKMARK [0][-]{chapter.4}{Convergence of Sequences and Series}{part.3}% 63
\BOOKMARK [1][-]{problem.56}{Problem 56}{chapter.4}% 64
\BOOKMARK [2][-]{problem.57}{Problem 57}{problem.56}% 65
\BOOKMARK [2][-]{problem.58}{Problem 58}{problem.56}% 66
\BOOKMARK [2][-]{problem.59}{Problem 59}{problem.56}% 67
\BOOKMARK [2][-]{problem.60}{Problem 60}{problem.56}% 68
\BOOKMARK [2][-]{problem.61}{Problem 61}{problem.56}% 69
\BOOKMARK [2][-]{problem.62}{Problem 62}{problem.56}% 70
\BOOKMARK [2][-]{problem.63}{Problem 63}{problem.56}% 71
\BOOKMARK [2][-]{problem.64}{Problem 64}{problem.56}% 72
\BOOKMARK [2][-]{problem.65}{Problem 65}{problem.56}% 73
\BOOKMARK [2][-]{problem.66}{Problem 66}{problem.56}% 74
\BOOKMARK [2][-]{problem.67}{Problem 67}{problem.56}% 75
\BOOKMARK [2][-]{problem.68}{Problem 68}{problem.56}% 76
\BOOKMARK [2][-]{problem.69}{Problem 69}{problem.56}% 77
\BOOKMARK [2][-]{problem.70}{Problem 70}{problem.56}% 78
\BOOKMARK [2][-]{problem.71}{Problem 71}{problem.56}% 79
\BOOKMARK [2][-]{problem.72}{Problem 72}{problem.56}% 80
\BOOKMARK [2][-]{problem.73}{Problem 73}{problem.56}% 81
\BOOKMARK [2][-]{problem.74}{Problem 74}{problem.56}% 82
\BOOKMARK [2][-]{problem.75}{Problem 75}{problem.56}% 83
\BOOKMARK [2][-]{problem.76}{Problem 76}{problem.56}% 84
\BOOKMARK [2][-]{problem.77}{Problem 77}{problem.56}% 85
\BOOKMARK [2][-]{problem.78}{Problem 78}{problem.56}% 86
\BOOKMARK [2][-]{problem.79}{Problem 79}{problem.56}% 87
\BOOKMARK [2][-]{problem.80}{Problem 80}{problem.56}% 88
\BOOKMARK [2][-]{problem.81}{Problem 81}{problem.56}% 89
\BOOKMARK [2][-]{problem.82}{Problem 82}{problem.56}% 90
\BOOKMARK [2][-]{problem.83}{Problem 83}{problem.56}% 91
\BOOKMARK [2][-]{problem.84}{Problem 84}{problem.56}% 92
\BOOKMARK [2][-]{problem.85}{Problem 85}{problem.56}% 93
\BOOKMARK [2][-]{problem.86}{Problem 86}{problem.56}% 94
\BOOKMARK [2][-]{problem.87}{Problem 87}{problem.56}% 95
\BOOKMARK [0][-]{chapter.5}{Convergence of the Taylor Series: A ``Tayl'' of Three Remainders}{part.3}% 96
\BOOKMARK [1][-]{problem.88}{Problem 88}{chapter.5}% 97
\BOOKMARK [2][-]{problem.89}{Problem 89}{problem.88}% 98
\BOOKMARK [2][-]{problem.90}{Problem 90}{problem.88}% 99
\BOOKMARK [2][-]{problem.91}{Problem 91}{problem.88}% 100
\BOOKMARK [2][-]{problem.92}{Problem 92}{problem.88}% 101
\BOOKMARK [2][-]{problem.93}{Problem 93}{problem.88}% 102
\BOOKMARK [2][-]{problem.94}{Problem 94}{problem.88}% 103
\BOOKMARK [2][-]{problem.95}{Problem 95}{problem.88}% 104
\BOOKMARK [2][-]{problem.96}{Problem 96}{problem.88}% 105
\BOOKMARK [2][-]{problem.97}{Problem 97}{problem.88}% 106
\BOOKMARK [2][-]{problem.98}{Problem 98}{problem.88}% 107
\BOOKMARK [0][-]{chapter.6}{Continuity: What It Isn't and What It Is}{part.3}% 108
\BOOKMARK [1][-]{problem.99}{Problem 99}{chapter.6}% 109
\BOOKMARK [2][-]{problem.100}{Problem 100}{problem.99}% 110
\BOOKMARK [2][-]{problem.101}{Problem 101}{problem.99}% 111
\BOOKMARK [2][-]{problem.102}{Problem 102}{problem.99}% 112
\BOOKMARK [2][-]{problem.103}{Problem 103}{problem.99}% 113
\BOOKMARK [2][-]{problem.104}{Problem 104}{problem.99}% 114
\BOOKMARK [2][-]{problem.105}{Problem 105}{problem.99}% 115
\BOOKMARK [2][-]{problem.106}{Problem 106}{problem.99}% 116
\BOOKMARK [2][-]{problem.107}{Problem 107}{problem.99}% 117
\BOOKMARK [2][-]{problem.108}{Problem 108}{problem.99}% 118
\BOOKMARK [2][-]{problem.109}{Problem 109}{problem.99}% 119
\BOOKMARK [2][-]{problem.110}{Problem 110}{problem.99}% 120
\BOOKMARK [2][-]{problem.111}{Problem 111}{problem.99}% 121
\BOOKMARK [2][-]{problem.112}{Problem 112}{problem.99}% 122
\BOOKMARK [2][-]{problem.113}{Problem 113}{problem.99}% 123
\BOOKMARK [2][-]{problem.114}{Problem 114}{problem.99}% 124
\BOOKMARK [2][-]{problem.115}{Problem 115}{problem.99}% 125
\BOOKMARK [2][-]{problem.116}{Problem 116}{problem.99}% 126
\BOOKMARK [2][-]{problem.117}{Problem 117}{problem.99}% 127
\BOOKMARK [2][-]{problem.118}{Problem 118}{problem.99}% 128
\BOOKMARK [2][-]{problem.119}{Problem 119}{problem.99}% 129
\BOOKMARK [2][-]{problem.120}{Problem 120}{problem.99}% 130
\BOOKMARK [2][-]{problem.121}{Problem 121}{problem.99}% 131
\BOOKMARK [2][-]{problem.122}{Problem 122}{problem.99}% 132
\BOOKMARK [2][-]{problem.123}{Problem 123}{problem.99}% 133
\BOOKMARK [2][-]{problem.124}{Problem 124}{problem.99}% 134
\BOOKMARK [2][-]{problem.125}{Problem 125}{problem.99}% 135
\BOOKMARK [2][-]{problem.126}{Problem 126}{problem.99}% 136
\BOOKMARK [2][-]{problem.127}{Problem 127}{problem.99}% 137
\BOOKMARK [2][-]{problem.128}{Problem 128}{problem.99}% 138
\BOOKMARK [2][-]{problem.129}{Problem 129}{problem.99}% 139
\BOOKMARK [2][-]{problem.130}{Problem 130}{problem.99}% 140
\BOOKMARK [2][-]{problem.131}{Problem 131}{problem.99}% 141
\BOOKMARK [2][-]{problem.132}{Problem 132}{problem.99}% 142
\BOOKMARK [2][-]{problem.133}{Problem 133}{problem.99}% 143
\BOOKMARK [2][-]{problem.134}{Problem 134}{problem.99}% 144
\BOOKMARK [0][-]{chapter.7}{Intermediate and Extreme Values}{part.3}% 145
\BOOKMARK [1][-]{problem.135}{Problem 135}{chapter.7}% 146
\BOOKMARK [2][-]{problem.136}{Problem 136}{problem.135}% 147
\BOOKMARK [2][-]{problem.137}{Problem 137}{problem.135}% 148
\BOOKMARK [2][-]{problem.138}{Problem 138}{problem.135}% 149
\BOOKMARK [2][-]{problem.139}{Problem 139}{problem.135}% 150
\BOOKMARK [2][-]{problem.140}{Problem 140}{problem.135}% 151
\BOOKMARK [2][-]{problem.141}{Problem 141}{problem.135}% 152
\BOOKMARK [2][-]{problem.142}{Problem 142}{problem.135}% 153
\BOOKMARK [2][-]{problem.143}{Problem 143}{problem.135}% 154
\BOOKMARK [2][-]{problem.144}{Problem 144}{problem.135}% 155
\BOOKMARK [2][-]{problem.145}{Problem 145}{problem.135}% 156
\BOOKMARK [2][-]{problem.146}{Problem 146}{problem.135}% 157
\BOOKMARK [2][-]{problem.147}{Problem 147}{problem.135}% 158
\BOOKMARK [2][-]{problem.148}{Problem 148}{problem.135}% 159
\BOOKMARK [2][-]{problem.149}{Problem 149}{problem.135}% 160
\BOOKMARK [2][-]{problem.150}{Problem 150}{problem.135}% 161
\BOOKMARK [2][-]{problem.151}{Problem 151}{problem.135}% 162
\BOOKMARK [2][-]{problem.152}{Problem 152}{problem.135}% 163
\BOOKMARK [2][-]{problem.153}{Problem 153}{problem.135}% 164
\BOOKMARK [2][-]{problem.154}{Problem 154}{problem.135}% 165
\BOOKMARK [2][-]{problem.155}{Problem 155}{problem.135}% 166
\BOOKMARK [2][-]{problem.156}{Problem 156}{problem.135}% 167
\BOOKMARK [2][-]{problem.157}{Problem 157}{problem.135}% 168
\BOOKMARK [2][-]{problem.158}{Problem 158}{problem.135}% 169
\BOOKMARK [2][-]{problem.159}{Problem 159}{problem.135}% 170
\BOOKMARK [2][-]{problem.160}{Problem 160}{problem.135}% 171
\BOOKMARK [0][-]{chapter.8}{Back to Power Series}{part.3}% 172
\BOOKMARK [1][-]{problem.161}{Problem 161}{chapter.8}% 173
\BOOKMARK [2][-]{problem.162}{Problem 162}{problem.161}% 174
\BOOKMARK [2][-]{problem.163}{Problem 163}{problem.161}% 175
\BOOKMARK [2][-]{problem.164}{Problem 164}{problem.161}% 176
\BOOKMARK [2][-]{problem.165}{Problem 165}{problem.161}% 177
\BOOKMARK [2][-]{problem.166}{Problem 166}{problem.161}% 178
\BOOKMARK [2][-]{problem.167}{Problem 167}{problem.161}% 179
\BOOKMARK [2][-]{problem.168}{Problem 168}{problem.161}% 180
\BOOKMARK [2][-]{problem.169}{Problem 169}{problem.161}% 181
\BOOKMARK [2][-]{problem.170}{Problem 170}{problem.161}% 182
\BOOKMARK [2][-]{problem.171}{Problem 171}{problem.161}% 183
\BOOKMARK [2][-]{problem.172}{Problem 172}{problem.161}% 184
\BOOKMARK [2][-]{problem.173}{Problem 173}{problem.161}% 185
\BOOKMARK [2][-]{problem.174}{Problem 174}{problem.161}% 186
\BOOKMARK [2][-]{problem.175}{Problem 175}{problem.161}% 187
\BOOKMARK [2][-]{problem.176}{Problem 176}{problem.161}% 188
\BOOKMARK [2][-]{problem.177}{Problem 177}{problem.161}% 189
\BOOKMARK [2][-]{problem.178}{Problem 178}{problem.161}% 190
\BOOKMARK [2][-]{problem.179}{Problem 179}{problem.161}% 191
\BOOKMARK [2][-]{problem.180}{Problem 180}{problem.161}% 192
\BOOKMARK [2][-]{problem.181}{Problem 181}{problem.161}% 193
\BOOKMARK [2][-]{problem.182}{Problem 182}{problem.161}% 194
\BOOKMARK [2][-]{problem.183}{Problem 183}{problem.161}% 195
\BOOKMARK [2][-]{problem.184}{Problem 184}{problem.161}% 196
\BOOKMARK [2][-]{problem.185}{Problem 185}{problem.161}% 197
\BOOKMARK [2][-]{problem.186}{Problem 186}{problem.161}% 198
\BOOKMARK [2][-]{problem.187}{Problem 187}{problem.161}% 199
\BOOKMARK [2][-]{problem.188}{Problem 188}{problem.161}% 200
\BOOKMARK [2][-]{problem.189}{Problem 189}{problem.161}% 201
\BOOKMARK [2][-]{problem.190}{Problem 190}{problem.161}% 202
\BOOKMARK [2][-]{problem.191}{Problem 191}{problem.161}% 203
\BOOKMARK [2][-]{problem.192}{Problem 192}{problem.161}% 204
\BOOKMARK [2][-]{problem.193}{Problem 193}{problem.161}% 205
\BOOKMARK [2][-]{problem.194}{Problem 194}{problem.161}% 206
\BOOKMARK [0][-]{chapter.9}{Back to the Real Numbers}{part.3}% 207
\BOOKMARK [1][-]{problem.195}{Problem 195}{chapter.9}% 208
\BOOKMARK [2][-]{problem.196}{Problem 196}{problem.195}% 209
\BOOKMARK [2][-]{problem.197}{Problem 197}{problem.195}% 210
\BOOKMARK [2][-]{problem.198}{Problem 198}{problem.195}% 211
\BOOKMARK [2][-]{problem.199}{Problem 199}{problem.195}% 212
\BOOKMARK [2][-]{problem.200}{Problem 200}{problem.195}% 213
\BOOKMARK [2][-]{problem.201}{Problem 201}{problem.195}% 214
\BOOKMARK [2][-]{problem.202}{Problem 202}{problem.195}% 215
\BOOKMARK [2][-]{problem.203}{Problem 203}{problem.195}% 216
\BOOKMARK [2][-]{problem.204}{Problem 204}{problem.195}% 217
\BOOKMARK [2][-]{problem.205}{Problem 205}{problem.195}% 218
\BOOKMARK [2][-]{problem.206}{Problem 206}{problem.195}% 219
\BOOKMARK [2][-]{problem.207}{Problem 207}{problem.195}% 220
\BOOKMARK [2][-]{problem.208}{Problem 208}{problem.195}% 221
\BOOKMARK [2][-]{problem.209}{Problem 209}{problem.195}% 222
\BOOKMARK [0][-]{chapter*.3}{Epilogue}{part.3}% 223
\BOOKMARK [1][-]{section*.4}{Epilogue: On the Nature of Numbers}{chapter*.3}% 224
\BOOKMARK [2][-]{problem.210}{Problem 210}{section*.4}% 225
\BOOKMARK [2][-]{problem.211}{Problem 211}{section*.4}% 226
\BOOKMARK [2][-]{problem.212}{Problem 212}{section*.4}% 227
\BOOKMARK [2][-]{problem.213}{Problem 213}{section*.4}% 228
\BOOKMARK [2][-]{problem.214}{Problem 214}{section*.4}% 229
\BOOKMARK [2][-]{problem.215}{Problem 215}{section*.4}% 230
\BOOKMARK [2][-]{problem.216}{Problem 216}{section*.4}% 231
\BOOKMARK [2][-]{problem.217}{Problem 217}{section*.4}% 232
\BOOKMARK [2][-]{problem.218}{Problem 218}{section*.4}% 233
\BOOKMARK [2][-]{problem.219}{Problem 219}{section*.4}% 234
\BOOKMARK [2][-]{problem.220}{Problem 220}{section*.4}% 235
\BOOKMARK [2][-]{problem.221}{Problem 221}{section*.4}% 236
\BOOKMARK [2][-]{problem.222}{Problem 222}{section*.4}% 237
