This is pdfTeX, Version 3.14159265-2.6-1.40.20 (TeX Live 2019/Debian) (preloaded format=pdflatex 2020.10.25)  13 FEB 2022 14:36
entering extended mode
 restricted \write18 enabled.
 file:line:error style messages enabled.
 %&-line parsing enabled.
**SolutionManual.tex
(./SolutionManual.tex
LaTeX2e <2020-02-02> patch level 2
L3 programming layer <2020-02-14>
(/usr/share/texlive/texmf-dist/tex/latex/base/book.cls
Document Class: book 2019/12/20 v1.4l Standard LaTeX document class
(/usr/share/texlive/texmf-dist/tex/latex/base/bk10.clo
File: bk10.clo 2019/12/20 v1.4l Standard LaTeX file (size option)
)
\c@part=\count167
\c@chapter=\count168
\c@section=\count169
\c@subsection=\count170
\c@subsubsection=\count171
\c@paragraph=\count172
\c@subparagraph=\count173
\c@figure=\count174
\c@table=\count175
\abovecaptionskip=\skip47
\belowcaptionskip=\skip48
\bibindent=\dimen134
)
(/home/ecb5/texmf/tex/latex/wrapfig/wrapfig.sty
\wrapoverhang=\dimen135
\WF@size=\dimen136
\c@WF@wrappedlines=\count176
\WF@box=\box45
\WF@everypar=\toks14
Package: wrapfig 2003/01/31  v 3.6
)
(/usr/share/texlive/texmf-dist/tex/generic/iftex/ifpdf.sty
Package: ifpdf 2019/10/25 v3.4 ifpdf legacy package. Use iftex instead.

(/usr/share/texlive/texmf-dist/tex/generic/iftex/iftex.sty
Package: iftex 2019/11/07 v1.0c TeX engine tests
))
(/usr/share/texlive/texmf-dist/tex/latex/hyperref/hyperref.sty
Package: hyperref 2020/01/14 v7.00d Hypertext links for LaTeX

(/usr/share/texlive/texmf-dist/tex/generic/ltxcmds/ltxcmds.sty
Package: ltxcmds 2019/12/15 v1.24 LaTeX kernel commands for general use (HO)
)
(/usr/share/texlive/texmf-dist/tex/latex/pdftexcmds/pdftexcmds.sty
Package: pdftexcmds 2019/11/24 v0.31 Utility functions of pdfTeX for LuaTeX (HO
)

(/usr/share/texlive/texmf-dist/tex/generic/infwarerr/infwarerr.sty
Package: infwarerr 2019/12/03 v1.5 Providing info/warning/error messages (HO)
)
Package pdftexcmds Info: \pdf@primitive is available.
Package pdftexcmds Info: \pdf@ifprimitive is available.
Package pdftexcmds Info: \pdfdraftmode found.
)
(/usr/share/texlive/texmf-dist/tex/latex/graphics/keyval.sty
Package: keyval 2014/10/28 v1.15 key=value parser (DPC)
\KV@toks@=\toks15
)
(/usr/share/texlive/texmf-dist/tex/generic/kvsetkeys/kvsetkeys.sty
Package: kvsetkeys 2019/12/15 v1.18 Key value parser (HO)
)
(/usr/share/texlive/texmf-dist/tex/generic/kvdefinekeys/kvdefinekeys.sty
Package: kvdefinekeys 2019-12-19 v1.6 Define keys (HO)
)
(/usr/share/texlive/texmf-dist/tex/generic/pdfescape/pdfescape.sty
Package: pdfescape 2019/12/09 v1.15 Implements pdfTeX's escape features (HO)
)
(/usr/share/texlive/texmf-dist/tex/latex/hycolor/hycolor.sty
Package: hycolor 2020-01-27 v1.10 Color options for hyperref/bookmark (HO)
)
(/usr/share/texlive/texmf-dist/tex/latex/letltxmacro/letltxmacro.sty
Package: letltxmacro 2019/12/03 v1.6 Let assignment for LaTeX macros (HO)
)
(/usr/share/texlive/texmf-dist/tex/latex/auxhook/auxhook.sty
Package: auxhook 2019-12-17 v1.6 Hooks for auxiliary files (HO)
)
(/usr/share/texlive/texmf-dist/tex/latex/kvoptions/kvoptions.sty
Package: kvoptions 2019/11/29 v3.13 Key value format for package options (HO)
)
\@linkdim=\dimen137
\Hy@linkcounter=\count177
\Hy@pagecounter=\count178

(/usr/share/texlive/texmf-dist/tex/latex/hyperref/pd1enc.def
File: pd1enc.def 2020/01/14 v7.00d Hyperref: PDFDocEncoding definition (HO)
Now handling font encoding PD1 ...
... no UTF-8 mapping file for font encoding PD1
)
(/usr/share/texlive/texmf-dist/tex/generic/intcalc/intcalc.sty
Package: intcalc 2019/12/15 v1.3 Expandable calculations with integers (HO)
)
(/usr/share/texlive/texmf-dist/tex/generic/etexcmds/etexcmds.sty
Package: etexcmds 2019/12/15 v1.7 Avoid name clashes with e-TeX commands (HO)
)
\Hy@SavedSpaceFactor=\count179
\pdfmajorversion=\count180
Package hyperref Info: Hyper figures OFF on input line 4547.
Package hyperref Info: Link nesting OFF on input line 4552.
Package hyperref Info: Hyper index ON on input line 4555.
Package hyperref Info: Plain pages OFF on input line 4562.
Package hyperref Info: Backreferencing OFF on input line 4567.
Package hyperref Info: Implicit mode ON; LaTeX internals redefined.
Package hyperref Info: Bookmarks ON on input line 4800.
\c@Hy@tempcnt=\count181

(/home/ecb5/texmf/tex/latex/url/url.sty
\Urlmuskip=\muskip16
Package: url 2013/09/16  ver 3.4  Verb mode for urls, etc.
)
LaTeX Info: Redefining \url on input line 5159.
\XeTeXLinkMargin=\dimen138

(/usr/share/texlive/texmf-dist/tex/generic/bitset/bitset.sty
Package: bitset 2019/12/09 v1.3 Handle bit-vector datatype (HO)

(/usr/share/texlive/texmf-dist/tex/generic/bigintcalc/bigintcalc.sty
Package: bigintcalc 2019/12/15 v1.5 Expandable calculations on big integers (HO
)
))
\Fld@menulength=\count182
\Field@Width=\dimen139
\Fld@charsize=\dimen140
Package hyperref Info: Hyper figures OFF on input line 6430.
Package hyperref Info: Link nesting OFF on input line 6435.
Package hyperref Info: Hyper index ON on input line 6438.
Package hyperref Info: backreferencing OFF on input line 6445.
Package hyperref Info: Link coloring OFF on input line 6450.
Package hyperref Info: Link coloring with OCG OFF on input line 6455.
Package hyperref Info: PDF/A mode OFF on input line 6460.
LaTeX Info: Redefining \ref on input line 6500.
LaTeX Info: Redefining \pageref on input line 6504.

(/usr/share/texlive/texmf-dist/tex/generic/atbegshi/atbegshi.sty
Package: atbegshi 2019/12/05 v1.19 At begin shipout hook (HO)
)
\Hy@abspage=\count183
\c@Item=\count184
\c@Hfootnote=\count185
)
Package hyperref Info: Driver (autodetected): hpdftex.

(/usr/share/texlive/texmf-dist/tex/latex/hyperref/hpdftex.def
File: hpdftex.def 2020/01/14 v7.00d Hyperref driver for pdfTeX

(/usr/share/texlive/texmf-dist/tex/latex/atveryend/atveryend.sty
Package: atveryend 2019-12-11 v1.11 Hooks at the very end of document (HO)
Package atveryend Info: \enddocument detected (standard20110627).
)
\Fld@listcount=\count186
\c@bookmark@seq@number=\count187

(/usr/share/texlive/texmf-dist/tex/latex/rerunfilecheck/rerunfilecheck.sty
Package: rerunfilecheck 2019/12/05 v1.9 Rerun checks for auxiliary files (HO)

(/usr/share/texlive/texmf-dist/tex/generic/uniquecounter/uniquecounter.sty
Package: uniquecounter 2019/12/15 v1.4 Provide unlimited unique counter (HO)
)
Package uniquecounter Info: New unique counter `rerunfilecheck' on input line 2
86.
)
\Hy@SectionHShift=\skip49
)
(/usr/share/texlive/texmf-dist/tex/latex/amsmath/amsmath.sty
Package: amsmath 2020/01/20 v2.17e AMS math features
\@mathmargin=\skip50

For additional information on amsmath, use the `?' option.
(/usr/share/texlive/texmf-dist/tex/latex/amsmath/amstext.sty
Package: amstext 2000/06/29 v2.01 AMS text

(/usr/share/texlive/texmf-dist/tex/latex/amsmath/amsgen.sty
File: amsgen.sty 1999/11/30 v2.0 generic functions
\@emptytoks=\toks16
\ex@=\dimen141
))
(/usr/share/texlive/texmf-dist/tex/latex/amsmath/amsbsy.sty
Package: amsbsy 1999/11/29 v1.2d Bold Symbols
\pmbraise@=\dimen142
)
(/usr/share/texlive/texmf-dist/tex/latex/amsmath/amsopn.sty
Package: amsopn 2016/03/08 v2.02 operator names
)
\inf@bad=\count188
LaTeX Info: Redefining \frac on input line 227.
\uproot@=\count189
\leftroot@=\count190
LaTeX Info: Redefining \overline on input line 389.
\classnum@=\count191
\DOTSCASE@=\count192
LaTeX Info: Redefining \ldots on input line 486.
LaTeX Info: Redefining \dots on input line 489.
LaTeX Info: Redefining \cdots on input line 610.
\Mathstrutbox@=\box46
\strutbox@=\box47
\big@size=\dimen143
LaTeX Font Info:    Redeclaring font encoding OML on input line 733.
LaTeX Font Info:    Redeclaring font encoding OMS on input line 734.
\macc@depth=\count193
\c@MaxMatrixCols=\count194
\dotsspace@=\muskip17
\c@parentequation=\count195
\dspbrk@lvl=\count196
\tag@help=\toks17
\row@=\count197
\column@=\count198
\maxfields@=\count199
\andhelp@=\toks18
\eqnshift@=\dimen144
\alignsep@=\dimen145
\tagshift@=\dimen146
\tagwidth@=\dimen147
\totwidth@=\dimen148
\lineht@=\dimen149
\@envbody=\toks19
\multlinegap=\skip51
\multlinetaggap=\skip52
\mathdisplay@stack=\toks20
LaTeX Info: Redefining \[ on input line 2859.
LaTeX Info: Redefining \] on input line 2860.
)
(/usr/share/texlive/texmf-dist/tex/latex/amsfonts/amssymb.sty
Package: amssymb 2013/01/14 v3.01 AMS font symbols

(/usr/share/texlive/texmf-dist/tex/latex/amsfonts/amsfonts.sty
Package: amsfonts 2013/01/14 v3.01 Basic AMSFonts support
\symAMSa=\mathgroup4
\symAMSb=\mathgroup5
LaTeX Font Info:    Redeclaring math symbol \hbar on input line 98.
LaTeX Font Info:    Overwriting math alphabet `\mathfrak' in version `bold'
(Font)                  U/euf/m/n --> U/euf/b/n on input line 106.
))
(/home/ecb5/texmf/tex/latex/amscls/amsthm.sty
Package: amsthm 2015/03/10 v2.20.2
\thm@style=\toks21
\thm@bodyfont=\toks22
\thm@headfont=\toks23
\thm@notefont=\toks24
\thm@headpunct=\toks25
\thm@preskip=\skip53
\thm@postskip=\skip54
\thm@headsep=\skip55
\dth@everypar=\toks26
)
(/usr/share/texlive/texmf-dist/tex/latex/graphics/graphicx.sty
Package: graphicx 2019/11/30 v1.2a Enhanced LaTeX Graphics (DPC,SPQR)

(/usr/share/texlive/texmf-dist/tex/latex/graphics/graphics.sty
Package: graphics 2019/11/30 v1.4a Standard LaTeX Graphics (DPC,SPQR)

(/usr/share/texlive/texmf-dist/tex/latex/graphics/trig.sty
Package: trig 2016/01/03 v1.10 sin cos tan (DPC)
)
(/usr/share/texlive/texmf-dist/tex/latex/graphics-cfg/graphics.cfg
File: graphics.cfg 2016/06/04 v1.11 sample graphics configuration
)
Package graphics Info: Driver file: pdftex.def on input line 105.

(/usr/share/texlive/texmf-dist/tex/latex/graphics-def/pdftex.def
File: pdftex.def 2018/01/08 v1.0l Graphics/color driver for pdftex
))
\Gin@req@height=\dimen150
\Gin@req@width=\dimen151
)
(/usr/share/texlive/texmf-dist/tex/latex/graphics/color.sty
Package: color 2019/11/23 v1.2a Standard LaTeX Color (DPC)

(/usr/share/texlive/texmf-dist/tex/latex/graphics-cfg/color.cfg
File: color.cfg 2016/01/02 v1.6 sample color configuration
)
Package color Info: Driver file: pdftex.def on input line 147.
)
(/usr/share/texlive/texmf-dist/tex/latex/base/makeidx.sty
Package: makeidx 2014/09/29 v1.0m Standard LaTeX package
)
\c@problem=\count266
\c@definition=\count267
\c@theorem=\count268
\c@example=\count269
\c@corollary=\count270
\c@lemma=\count271
\@indexfile=\write3
\openout3 = `SolutionManual.idx'.


Writing index file SolutionManual.idx
(/usr/share/texlive/texmf-dist/tex/latex/l3backend/l3backend-pdfmode.def
File: l3backend-pdfmode.def 2020-02-03 L3 backend support: PDF mode
\l__kernel_color_stack_int=\count272
\l__pdf_internal_box=\box48
)
(./SolutionManual.aux)
\openout1 = `SolutionManual.aux'.

LaTeX Font Info:    Checking defaults for OML/cmm/m/it on input line 88.
LaTeX Font Info:    ... okay on input line 88.
LaTeX Font Info:    Checking defaults for OMS/cmsy/m/n on input line 88.
LaTeX Font Info:    ... okay on input line 88.
LaTeX Font Info:    Checking defaults for OT1/cmr/m/n on input line 88.
LaTeX Font Info:    ... okay on input line 88.
LaTeX Font Info:    Checking defaults for T1/cmr/m/n on input line 88.
LaTeX Font Info:    ... okay on input line 88.
LaTeX Font Info:    Checking defaults for TS1/cmr/m/n on input line 88.
LaTeX Font Info:    ... okay on input line 88.
LaTeX Font Info:    Checking defaults for OMX/cmex/m/n on input line 88.
LaTeX Font Info:    ... okay on input line 88.
LaTeX Font Info:    Checking defaults for U/cmr/m/n on input line 88.
LaTeX Font Info:    ... okay on input line 88.
LaTeX Font Info:    Checking defaults for PD1/pdf/m/n on input line 88.
LaTeX Font Info:    ... okay on input line 88.
\AtBeginShipoutBox=\box49
Package hyperref Info: Link coloring OFF on input line 88.

(/usr/share/texlive/texmf-dist/tex/latex/hyperref/nameref.sty
Package: nameref 2019/09/16 v2.46 Cross-referencing by name of section

(/usr/share/texlive/texmf-dist/tex/latex/refcount/refcount.sty
Package: refcount 2019/12/15 v3.6 Data extraction from label references (HO)
)
(/usr/share/texlive/texmf-dist/tex/generic/gettitlestring/gettitlestring.sty
Package: gettitlestring 2019/12/15 v1.6 Cleanup title references (HO)
)
\c@section@level=\count273
)
LaTeX Info: Redefining \ref on input line 88.
LaTeX Info: Redefining \pageref on input line 88.
LaTeX Info: Redefining \nameref on input line 88.

(./SolutionManual.out) (./SolutionManual.out)
\@outlinefile=\write4
\openout4 = `SolutionManual.out'.


(/usr/share/texlive/texmf-dist/tex/context/base/mkii/supp-pdf.mkii
[Loading MPS to PDF converter (version 2006.09.02).]
\scratchcounter=\count274
\scratchdimen=\dimen152
\scratchbox=\box50
\nofMPsegments=\count275
\nofMParguments=\count276
\everyMPshowfont=\toks27
\MPscratchCnt=\count277
\MPscratchDim=\dimen153
\MPnumerator=\count278
\makeMPintoPDFobject=\count279
\everyMPtoPDFconversion=\toks28
) (/usr/share/texlive/texmf-dist/tex/latex/epstopdf-pkg/epstopdf-base.sty
Package: epstopdf-base 2020-01-24 v2.11 Base part for package epstopdf
Package epstopdf-base Info: Redefining graphics rule for `.eps' on input line 4
85.

(/usr/share/texlive/texmf-dist/tex/latex/latexconfig/epstopdf-sys.cfg
File: epstopdf-sys.cfg 2010/07/13 v1.3 Configuration of (r)epstopdf for TeX Liv
e
))
LaTeX Font Info:    Trying to load font information for U+msa on input line 95.


(/usr/share/texlive/texmf-dist/tex/latex/amsfonts/umsa.fd
File: umsa.fd 2013/01/14 v3.01 AMS symbols A
)
LaTeX Font Info:    Trying to load font information for U+msb on input line 95.


(/usr/share/texlive/texmf-dist/tex/latex/amsfonts/umsb.fd
File: umsb.fd 2013/01/14 v3.01 AMS symbols B
) [1


{/var/lib/texmf/fonts/map/pdftex/updmap/pdftex.map}] (./SolutionManual.tocpdfTe
X warning (ext4): destination with the same identifier (name{page.1}) has been 
already used, duplicate ignored
<to be read again> 
                   \relax 
l.34 ...ernating harmonic series}}{53}{problem.30}
                                                  % [1

] [2] [3] [4] [5])
\tf@toc=\write5
\openout5 = `SolutionManual.toc'.


[6] [7

]

Package hyperref Warning: Difference (2) between bookmark levels is greater 
(hyperref)                than one, level fixed on input line 110.


Package hyperref Warning: Token not allowed in a PDF string (PDFDocEncoding):
(hyperref)                \kern 28.45274pt
(hyperref)                removed on input line 110.

[8

] [9] [10]

Package hyperref Warning: Token not allowed in a PDF string (PDFDocEncoding):
(hyperref)                \kern 28.45274pt
(hyperref)                removed on input line 227.

[11] [12]

Package hyperref Warning: Token not allowed in a PDF string (PDFDocEncoding):
(hyperref)                \kern 28.45274pt
(hyperref)                removed on input line 311.


Overfull \hbox (25.00003pt too wide) in paragraph at lines 328--333
[]
 []

[13]

Package hyperref Warning: Token not allowed in a PDF string (PDFDocEncoding):
(hyperref)                \kern 28.45274pt
(hyperref)                removed on input line 356.


Overfull \hbox (30.29402pt too wide) in paragraph at lines 368--371
[]$[]$ \OT1/cmr/m/it/10 If $\OML/cmm/m/it/10 p [] []$ \OT1/cmr/m/it/10 then $\O
ML/cmm/m/it/10 p [] []$ \OT1/cmr/m/it/10 for some $\OML/cmm/m/it/10 k \OMS/cmsy
/m/n/10 2 []$ 
 []


Overfull \hbox (0.98653pt too wide) in paragraph at lines 372--375
[]\OT1/cmr/m/it/10 Supose $\OML/cmm/m/it/10 p [] []:$ \OT1/cmr/m/it/10 Then by 
Prob-lem []3[] $\OML/cmm/m/it/10 p [] []$ \OT1/cmr/m/it/10 or $\OML/cmm/m/it/10
 p [] []:$ 
 []

[14]

Package hyperref Warning: Token not allowed in a PDF string (PDFDocEncoding):
(hyperref)                \kern 28.45274pt
(hyperref)                removed on input line 385.


Package amsmath Warning: Foreign command \atopwithdelims;
(amsmath)                \frac or \genfrac should be used instead
(amsmath)                 on input line 387.


Overfull \hbox (31.17076pt too wide) in paragraph at lines 392--397
[]\OT1/cmr/m/it/10 Since $[] \OT1/cmr/m/n/10 = []$ \OT1/cmr/m/it/10 we have $\O
ML/cmm/m/it/10 p\OT1/cmr/m/n/10 ! = []\OML/cmm/m/it/10 k\OT1/cmr/m/n/10 !(\OML/
cmm/m/it/10 p \OMS/cmsy/m/n/10 ^^@ \OML/cmm/m/it/10 k\OT1/cmr/m/n/10 )!\OML/cmm
/m/it/10 :$ \OT1/cmr/m/it/10 Clearly $\OML/cmm/m/it/10 p [] []:$ \OT1/cmr/m/it/
10 There-fore $\OML/cmm/m/it/10 p [] []:$ 
 []

[15]

Package hyperref Warning: Token not allowed in a PDF string (PDFDocEncoding):
(hyperref)                \kern 28.45274pt
(hyperref)                removed on input line 417.

[16]
Chapter 1.

Package hyperref Warning: Token not allowed in a PDF string (PDFDocEncoding):
(hyperref)                removing `math shift' on input line 451.


Package hyperref Warning: Token not allowed in a PDF string (PDFDocEncoding):
(hyperref)                removing `math shift' on input line 451.


Package hyperref Warning: Token not allowed in a PDF string (PDFDocEncoding):
(hyperref)                removing `math shift' on input line 451.


Package hyperref Warning: Token not allowed in a PDF string (PDFDocEncoding):
(hyperref)                removing `math shift' on input line 451.


Package hyperref Warning: Difference (2) between bookmark levels is greater 
(hyperref)                than one, level fixed on input line 458.


Package hyperref Warning: Token not allowed in a PDF string (PDFDocEncoding):
(hyperref)                \kern 28.45274pt
(hyperref)                removed on input line 458.

[17

]
Underfull \hbox (badness 10000) in paragraph at lines 502--506

 []


Package hyperref Warning: Token not allowed in a PDF string (PDFDocEncoding):
(hyperref)                \kern 28.45274pt
(hyperref)                removed on input line 508.

[18]

Package hyperref Warning: Token not allowed in a PDF string (PDFDocEncoding):
(hyperref)                \kern 28.45274pt
(hyperref)                removed on input line 525.


Underfull \hbox (badness 10000) in paragraph at lines 552--554

 []


Underfull \hbox (badness 10000) in paragraph at lines 577--579

 []

[19]
Underfull \hbox (badness 10000) in paragraph at lines 602--604

 []


Underfull \hbox (badness 10000) in paragraph at lines 613--615

 []


Underfull \hbox (badness 10000) in paragraph at lines 625--631

 []

[20]

Package hyperref Warning: Token not allowed in a PDF string (PDFDocEncoding):
(hyperref)                \kern 28.45274pt
(hyperref)                removed on input line 649.


Overfull \hbox (27.55557pt too wide) in paragraph at lines 651--663
[] []
 []


Underfull \hbox (badness 10000) in paragraph at lines 673--675

 []


Overfull \hbox (47.00003pt too wide) in paragraph at lines 680--685
[]
 []


Underfull \hbox (badness 10000) in paragraph at lines 699--702

 []

[21]
Overfull \hbox (25.00003pt too wide) in paragraph at lines 703--709
[]
 []


Underfull \hbox (badness 10000) in paragraph at lines 720--722

 []

[22]

Package hyperref Warning: Token not allowed in a PDF string (PDFDocEncoding):
(hyperref)                \kern 28.45274pt
(hyperref)                removed on input line 729.


Overfull \hbox (25.00003pt too wide) in paragraph at lines 734--739
[]
 []


Underfull \hbox (badness 10000) in paragraph at lines 739--742

 []


Overfull \hbox (25.00003pt too wide) in paragraph at lines 749--757
[]
 []


Underfull \hbox (badness 10000) in paragraph at lines 758--762

 []

[23]

Package hyperref Warning: Token not allowed in a PDF string (PDFDocEncoding):
(hyperref)                \kern 28.45274pt
(hyperref)                removed on input line 769.

[24]

Package hyperref Warning: Token not allowed in a PDF string (PDFDocEncoding):
(hyperref)                \kern 28.45274pt
(hyperref)                removed on input line 783.

[25]
Chapter 2.

Package hyperref Warning: Difference (2) between bookmark levels is greater 
(hyperref)                than one, level fixed on input line 812.


Package hyperref Warning: Token not allowed in a PDF string (PDFDocEncoding):
(hyperref)                \kern 28.45274pt
(hyperref)                removed on input line 812.


Overfull \hbox (27.55557pt too wide) in paragraph at lines 814--820
[] []
 []


Underfull \hbox (badness 10000) in paragraph at lines 844--845

 []

[26

] [27] [28]

Package hyperref Warning: Token not allowed in a PDF string (PDFDocEncoding):
(hyperref)                \kern 28.45274pt
(hyperref)                removed on input line 890.


Overfull \hbox (18.21352pt too wide) in paragraph at lines 913--913
\OT1/cmr/m/it/10 Since $\OML/cmm/m/it/10 y \OT1/cmr/m/n/10 = \OML/cmm/m/it/10 x
[]$ \OT1/cmr/m/it/10 we see that $\OML/cmm/m/it/10 y[] \OT1/cmr/m/n/10 = \OML/c
mm/m/it/10 x[]$ \OT1/cmr/m/it/10 so that $[] \OT1/cmr/m/n/10 = [] = \OML/cmm/m/
it/10 x[] \OT1/cmr/m/n/10 =
 []


Overfull \hbox (18.21352pt too wide) in paragraph at lines 913--913
\OT1/cmr/m/it/10 Since $\OML/cmm/m/it/10 y \OT1/cmr/m/n/10 = \OML/cmm/m/it/10 x
[]$ \OT1/cmr/m/it/10 we see that $\OML/cmm/m/it/10 y[] \OT1/cmr/m/n/10 = \OML/c
mm/m/it/10 x[]$ \OT1/cmr/m/it/10 so that $[] \OT1/cmr/m/n/10 = [] = \OML/cmm/m/
it/10 x[] \OT1/cmr/m/n/10 =
 []

[29]

Package hyperref Warning: Token not allowed in a PDF string (PDFDocEncoding):
(hyperref)                \kern 28.45274pt
(hyperref)                removed on input line 928.

[30]

Package hyperref Warning: Token not allowed in a PDF string (PDFDocEncoding):
(hyperref)                \kern 28.45274pt
(hyperref)                removed on input line 957.


Overfull \hbox (2.55554pt too wide) in paragraph at lines 958--967
[] []
 []


Underfull \hbox (badness 10000) in paragraph at lines 975--978

 []

[31]

Package hyperref Warning: Token not allowed in a PDF string (PDFDocEncoding):
(hyperref)                \kern 28.45274pt
(hyperref)                removed on input line 982.


Overfull \hbox (2.55554pt too wide) in paragraph at lines 983--987
[] []
 []


Underfull \hbox (badness 10000) in paragraph at lines 992--995

 []

[32]

Package hyperref Warning: Token not allowed in a PDF string (PDFDocEncoding):
(hyperref)                \kern 28.45274pt
(hyperref)                removed on input line 999.


Overfull \hbox (2.55554pt too wide) in paragraph at lines 1003--1006
[] []
 []

[33]

Package hyperref Warning: Token not allowed in a PDF string (PDFDocEncoding):
(hyperref)                \kern 28.45274pt
(hyperref)                removed on input line 1021.


Overfull \hbox (2.55554pt too wide) in paragraph at lines 1028--1031
[] []
 []

[34]

Package hyperref Warning: Token not allowed in a PDF string (PDFDocEncoding):
(hyperref)                \kern 28.45274pt
(hyperref)                removed on input line 1044.


Overfull \hbox (4.71495pt too wide) detected at line 1083
[] \OML/cmm/m/it/10 x \OT1/cmr/m/n/10 = \OML/cmm/m/it/10 a[] \OT1/cmr/m/n/10 + 
\OML/cmm/m/it/10 a[]x \OMS/cmsy/m/n/10 ^^@ [] \OML/cmm/m/it/10 a[]x[] \OMS/cmsy
/m/n/10 ^^@ [] \OML/cmm/m/it/10 a[]x[] \OT1/cmr/m/n/10 + [] \OML/cmm/m/it/10 a[
]x[] \OT1/cmr/m/n/10 + [] \OML/cmm/m/it/10 a[]x[] \OMS/cmsy/m/n/10 ^^@ [] \OML/
cmm/m/it/10 a[]x[] \OMS/cmsy/m/n/10 ^^@ [] \OML/cmm/m/it/10 a[]x[] \OT1/cmr/m/n
/10 + [] 
 []

[35]
Overfull \hbox (58.43697pt too wide) detected at line 1104
[]
 []

[36]

Package hyperref Warning: Token not allowed in a PDF string (PDFDocEncoding):
(hyperref)                \kern 28.45274pt
(hyperref)                removed on input line 1115.


Overfull \hbox (0.97346pt too wide) in paragraph at lines 1141--1149
\OT1/cmr/m/it/10 com-puter al-ge-bra sys-tem to plot these for $\OMS/cmsy/m/n/1
0 ^^@\OT1/cmr/m/n/10 4\OML/cmm/m/it/10 ^^Y \OMS/cmsy/m/n/10 ^^T \OML/cmm/m/it/1
0 x \OMS/cmsy/m/n/10 ^^T \OT1/cmr/m/n/10 4\OML/cmm/m/it/10 ^^Y; N \OT1/cmr/m/n/
10 = 1\OML/cmm/m/it/10 ; \OT1/cmr/m/n/10 2\OML/cmm/m/it/10 ; \OT1/cmr/m/n/10 5\
OML/cmm/m/it/10 ; \OT1/cmr/m/n/10 10\OML/cmm/m/it/10 ; \OT1/cmr/m/n/10 15$\OT1/
cmr/m/it/10 .
 []

<22b-1sin.png, id=1624, 803.0pt x 803.0pt>
File: 22b-1sin.png Graphic file (type png)
<use 22b-1sin.png>
Package pdftex.def Info: 22b-1sin.png  used on input line 1151.
(pdftex.def)             Requested size: 289.07977pt x 144.53375pt.

Overfull \hbox (25.00003pt too wide) in paragraph at lines 1150--1152
[] 
 []

<22b-2sin.png, id=1627, 803.0pt x 803.0pt>
File: 22b-2sin.png Graphic file (type png)
<use 22b-2sin.png>
Package pdftex.def Info: 22b-2sin.png  used on input line 1154.
(pdftex.def)             Requested size: 289.07977pt x 144.53375pt.

Overfull \hbox (25.00003pt too wide) in paragraph at lines 1153--1155
[] 
 []

[37 <./22b-1sin.png>]
<22b-5sin.png, id=1637, 803.0pt x 803.0pt>
File: 22b-5sin.png Graphic file (type png)
<use 22b-5sin.png>
Package pdftex.def Info: 22b-5sin.png  used on input line 1157.
(pdftex.def)             Requested size: 289.07977pt x 144.53375pt.

Overfull \hbox (25.00003pt too wide) in paragraph at lines 1156--1158
[] 
 []

<22b-10sin.png, id=1639, 803.0pt x 803.0pt>
File: 22b-10sin.png Graphic file (type png)
<use 22b-10sin.png>
Package pdftex.def Info: 22b-10sin.png  used on input line 1160.
(pdftex.def)             Requested size: 289.07977pt x 144.53375pt.

Overfull \hbox (25.00003pt too wide) in paragraph at lines 1159--1161
[] 
 []

<22b-15sin.png, id=1641, 803.0pt x 803.0pt>
File: 22b-15sin.png Graphic file (type png)
<use 22b-15sin.png>
Package pdftex.def Info: 22b-15sin.png  used on input line 1163.
(pdftex.def)             Requested size: 289.07977pt x 144.53375pt.

Overfull \hbox (25.00003pt too wide) in paragraph at lines 1162--1164
[] 
 []

[38 <./22b-2sin.png> <./22b-5sin.png> <./22b-10sin.png>]
<22b-1cos.png, id=1653, 803.0pt x 803.0pt>
File: 22b-1cos.png Graphic file (type png)
<use 22b-1cos.png>
Package pdftex.def Info: 22b-1cos.png  used on input line 1166.
(pdftex.def)             Requested size: 289.07977pt x 144.53375pt.

Overfull \hbox (25.00003pt too wide) in paragraph at lines 1165--1167
[] 
 []

<22b-2cos.png, id=1655, 803.0pt x 803.0pt>
File: 22b-2cos.png Graphic file (type png)
<use 22b-2cos.png>
Package pdftex.def Info: 22b-2cos.png  used on input line 1169.
(pdftex.def)             Requested size: 289.07977pt x 144.53375pt.

Overfull \hbox (25.00003pt too wide) in paragraph at lines 1168--1170
[] 
 []

<22b-5cos.png, id=1657, 803.0pt x 803.0pt>
File: 22b-5cos.png Graphic file (type png)
<use 22b-5cos.png>
Package pdftex.def Info: 22b-5cos.png  used on input line 1172.
(pdftex.def)             Requested size: 289.07977pt x 144.53375pt.

Overfull \hbox (25.00003pt too wide) in paragraph at lines 1171--1173
[] 
 []

[39 <./22b-15sin.png> <./22b-1cos.png> <./22b-2cos.png>]
<22b-10cos.png, id=1669, 803.0pt x 803.0pt>
File: 22b-10cos.png Graphic file (type png)
<use 22b-10cos.png>
Package pdftex.def Info: 22b-10cos.png  used on input line 1175.
(pdftex.def)             Requested size: 289.07977pt x 144.53375pt.

Overfull \hbox (25.00003pt too wide) in paragraph at lines 1174--1176
[] 
 []

<22b-15cos.png, id=1671, 803.0pt x 803.0pt>
File: 22b-15cos.png Graphic file (type png)
<use 22b-15cos.png>
Package pdftex.def Info: 22b-15cos.png  used on input line 1178.
(pdftex.def)             Requested size: 289.07977pt x 144.53375pt.

Overfull \hbox (25.00003pt too wide) in paragraph at lines 1177--1179
[] 
 []

[40 <./22b-5cos.png> <./22b-10cos.png> <./22b-15cos.png>]

Package hyperref Warning: Token not allowed in a PDF string (PDFDocEncoding):
(hyperref)                \kern 28.45274pt
(hyperref)                removed on input line 1188.

[41] [42]

Package hyperref Warning: Token not allowed in a PDF string (PDFDocEncoding):
(hyperref)                \kern 28.45274pt
(hyperref)                removed on input line 1229.

[43] [44]

Package hyperref Warning: Token not allowed in a PDF string (PDFDocEncoding):
(hyperref)                \kern 28.45274pt
(hyperref)                removed on input line 1277.

<p25-5.png, id=1700, 803.0pt x 803.0pt>
File: p25-5.png Graphic file (type png)
<use p25-5.png>
Package pdftex.def Info: p25-5.png  used on input line 1286.
(pdftex.def)             Requested size: 289.07977pt x 144.53375pt.

Underfull \hbox (badness 10000) in paragraph at lines 1280--1287

 []

<p25-10.png, id=1702, 803.0pt x 803.0pt>
File: p25-10.png Graphic file (type png)
<use p25-10.png>
Package pdftex.def Info: p25-10.png  used on input line 1289.
(pdftex.def)             Requested size: 289.07977pt x 144.53375pt.

Underfull \hbox (badness 10000) in paragraph at lines 1288--1290

 []

<p25-15.png, id=1704, 803.0pt x 803.0pt>
File: p25-15.png Graphic file (type png)
<use p25-15.png>
Package pdftex.def Info: p25-15.png  used on input line 1292.
(pdftex.def)             Requested size: 289.07977pt x 144.53375pt.

Underfull \hbox (badness 10000) in paragraph at lines 1291--1293

 []

[45 <./p25-5.png> <./p25-10.png>]
<p25-95.png, id=1714, 803.0pt x 803.0pt>
File: p25-95.png Graphic file (type png)
<use p25-95.png>
Package pdftex.def Info: p25-95.png  used on input line 1295.
(pdftex.def)             Requested size: 289.07977pt x 144.53375pt.

Underfull \hbox (badness 10000) in paragraph at lines 1294--1296

 []

<p25-100.png, id=1716, 803.0pt x 803.0pt>
File: p25-100.png Graphic file (type png)
<use p25-100.png>
Package pdftex.def Info: p25-100.png  used on input line 1298.
(pdftex.def)             Requested size: 289.07977pt x 144.53375pt.
[46 <./p25-15.png> <./p25-95.png> <./p25-100.png>]

Package hyperref Warning: Token not allowed in a PDF string (PDFDocEncoding):
(hyperref)                \kern 28.45274pt
(hyperref)                removed on input line 1305.

[47]

Package hyperref Warning: Token not allowed in a PDF string (PDFDocEncoding):
(hyperref)                \kern 28.45274pt
(hyperref)                removed on input line 1344.

[48]

Package hyperref Warning: Token not allowed in a PDF string (PDFDocEncoding):
(hyperref)                \kern 28.45274pt
(hyperref)                removed on input line 1387.

[49] [50]

Package hyperref Warning: Token not allowed in a PDF string (PDFDocEncoding):
(hyperref)                \kern 28.45274pt
(hyperref)                removed on input line 1431.

[51] [52]

Package hyperref Warning: Token not allowed in a PDF string (PDFDocEncoding):
(hyperref)                \kern 28.45274pt
(hyperref)                removed on input line 1515.

[53]

Package hyperref Warning: Token not allowed in a PDF string (PDFDocEncoding):
(hyperref)                \kern 28.45274pt
(hyperref)                removed on input line 1538.

[54] [55]

Package hyperref Warning: Token not allowed in a PDF string (PDFDocEncoding):
(hyperref)                \kern 28.45274pt
(hyperref)                removed on input line 1612.

[56]

Package hyperref Warning: Token not allowed in a PDF string (PDFDocEncoding):
(hyperref)                \kern 28.45274pt
(hyperref)                removed on input line 1628.

[57]

Package hyperref Warning: Token not allowed in a PDF string (PDFDocEncoding):
(hyperref)                \kern 28.45274pt
(hyperref)                removed on input line 1642.


Overfull \hbox (16.51414pt too wide) detected at line 1678
[]
 []

[58]

Package hyperref Warning: Token not allowed in a PDF string (PDFDocEncoding):
(hyperref)                \kern 28.45274pt
(hyperref)                removed on input line 1687.

[59]
Chapter 3.

Package hyperref Warning: Difference (2) between bookmark levels is greater 
(hyperref)                than one, level fixed on input line 1727.


Package hyperref Warning: Token not allowed in a PDF string (PDFDocEncoding):
(hyperref)                \kern 28.45274pt
(hyperref)                removed on input line 1727.

[60

]

Package hyperref Warning: Token not allowed in a PDF string (PDFDocEncoding):
(hyperref)                \kern 28.45274pt
(hyperref)                removed on input line 1751.

[61]

Package hyperref Warning: Token not allowed in a PDF string (PDFDocEncoding):
(hyperref)                \kern 28.45274pt
(hyperref)                removed on input line 1785.


Underfull \hbox (badness 10000) in paragraph at lines 1803--1805

 []

[62]

Package hyperref Warning: Token not allowed in a PDF string (PDFDocEncoding):
(hyperref)                \kern 28.45274pt
(hyperref)                removed on input line 1822.

[63]

Package hyperref Warning: Token not allowed in a PDF string (PDFDocEncoding):
(hyperref)                \kern 28.45274pt
(hyperref)                removed on input line 1833.

[64]

Package hyperref Warning: Token not allowed in a PDF string (PDFDocEncoding):
(hyperref)                \kern 28.45274pt
(hyperref)                removed on input line 1854.

[65]

Package hyperref Warning: Token not allowed in a PDF string (PDFDocEncoding):
(hyperref)                \kern 28.45274pt
(hyperref)                removed on input line 1863.

[66]

Package hyperref Warning: Token not allowed in a PDF string (PDFDocEncoding):
(hyperref)                \kern 28.45274pt
(hyperref)                removed on input line 1895.

[67] [68]

Package hyperref Warning: Token not allowed in a PDF string (PDFDocEncoding):
(hyperref)                \kern 28.45274pt
(hyperref)                removed on input line 1955.

[69]

Package hyperref Warning: Token not allowed in a PDF string (PDFDocEncoding):
(hyperref)                \kern 28.45274pt
(hyperref)                removed on input line 1966.

[70] [71

]

Package hyperref Warning: Difference (3) between bookmark levels is greater 
(hyperref)                than one, level fixed on input line 1996.


Package hyperref Warning: Token not allowed in a PDF string (PDFDocEncoding):
(hyperref)                \kern 28.45274pt
(hyperref)                removed on input line 1996.

[72]

Package hyperref Warning: Difference (2) between bookmark levels is greater 
(hyperref)                than one, level fixed on input line 2009.


Package hyperref Warning: Token not allowed in a PDF string (PDFDocEncoding):
(hyperref)                \kern 28.45274pt
(hyperref)                removed on input line 2009.

[73]

Package hyperref Warning: Token not allowed in a PDF string (PDFDocEncoding):
(hyperref)                \kern 28.45274pt
(hyperref)                removed on input line 2022.

[74]

Package hyperref Warning: Token not allowed in a PDF string (PDFDocEncoding):
(hyperref)                \kern 28.45274pt
(hyperref)                removed on input line 2034.


Overfull \hbox (87.13983pt too wide) detected at line 2061
[]
 []

[75]

Package hyperref Warning: Token not allowed in a PDF string (PDFDocEncoding):
(hyperref)                \kern 28.45274pt
(hyperref)                removed on input line 2068.

[76] [77]

Package hyperref Warning: Token not allowed in a PDF string (PDFDocEncoding):
(hyperref)                \kern 28.45274pt
(hyperref)                removed on input line 2151.

[78]

Package hyperref Warning: Token not allowed in a PDF string (PDFDocEncoding):
(hyperref)                \kern 28.45274pt
(hyperref)                removed on input line 2167.

[79]

Package hyperref Warning: Token not allowed in a PDF string (PDFDocEncoding):
(hyperref)                \kern 28.45274pt
(hyperref)                removed on input line 2186.

[80]

Package hyperref Warning: Token not allowed in a PDF string (PDFDocEncoding):
(hyperref)                \kern 28.45274pt
(hyperref)                removed on input line 2205.

[81]

Package hyperref Warning: Token not allowed in a PDF string (PDFDocEncoding):
(hyperref)                \kern 28.45274pt
(hyperref)                removed on input line 2227.

<P55a-1.png, id=1891, 336.50719pt x 251.43938pt>
File: P55a-1.png Graphic file (type png)
<use P55a-1.png>
Package pdftex.def Info: P55a-1.png  used on input line 2245.
(pdftex.def)             Requested size: 289.08244pt x 252.9427pt.
<P55a-5.png, id=1893, 323.70938pt x 255.20343pt>
File: P55a-5.png Graphic file (type png)
<use P55a-5.png>
Package pdftex.def Info: P55a-5.png  used on input line 2247.
(pdftex.def)             Requested size: 289.09819pt x 252.95981pt.
<P55a-10.png, id=1895, 322.95656pt x 245.41687pt>
File: P55a-10.png Graphic file (type png)
<use P55a-10.png>
Package pdftex.def Info: P55a-10.png  used on input line 2249.
(pdftex.def)             Requested size: 289.09605pt x 252.95444pt.

Underfull \hbox (badness 10000) in paragraph at lines 2244--2250

 []

[82 <./P55a-1.png>]
<P55b-1.png, id=1903, 307.1475pt x 243.91125pt>
File: P55b-1.png Graphic file (type png)
<use P55b-1.png>
Package pdftex.def Info: P55b-1.png  used on input line 2251.
(pdftex.def)             Requested size: 289.0983pt x 252.94713pt.
<P55b-5.png, id=1905, 313.17pt x 239.39438pt>
File: P55b-5.png Graphic file (type png)
<use P55b-5.png>
Package pdftex.def Info: P55b-5.png  used on input line 2253.
(pdftex.def)             Requested size: 289.08994pt x 252.94588pt.
<P55b-10.png, id=1907, 307.90031pt x 240.9pt>
File: P55b-10.png Graphic file (type png)
<use P55b-10.png>
Package pdftex.def Info: P55b-10.png  used on input line 2255.
(pdftex.def)             Requested size: 289.10214pt x 252.95245pt.

Underfull \hbox (badness 10000) in paragraph at lines 2250--2256

 []

[83 <./P55a-5.png> <./P55a-10.png>] [84 <./P55b-1.png> <./P55b-5.png>] [85 <./P
55b-10.png>] [86

]
Chapter 4.

Package hyperref Warning: Difference (2) between bookmark levels is greater 
(hyperref)                than one, level fixed on input line 2272.


Package hyperref Warning: Token not allowed in a PDF string (PDFDocEncoding):
(hyperref)                \kern 28.45274pt
(hyperref)                removed on input line 2272.

[87

]
Underfull \hbox (badness 10000) in paragraph at lines 2308--2310

 []

[88]

Package hyperref Warning: Token not allowed in a PDF string (PDFDocEncoding):
(hyperref)                \kern 28.45274pt
(hyperref)                removed on input line 2316.

[89]

Package hyperref Warning: Token not allowed in a PDF string (PDFDocEncoding):
(hyperref)                \kern 28.45274pt
(hyperref)                removed on input line 2345.

[90]

Package hyperref Warning: Token not allowed in a PDF string (PDFDocEncoding):
(hyperref)                \kern 28.45274pt
(hyperref)                removed on input line 2355.

[91] [92]

Package hyperref Warning: Token not allowed in a PDF string (PDFDocEncoding):
(hyperref)                \kern 28.45274pt
(hyperref)                removed on input line 2402.

[93]

Package hyperref Warning: Token not allowed in a PDF string (PDFDocEncoding):
(hyperref)                \kern 28.45274pt
(hyperref)                removed on input line 2414.

[94]

Package hyperref Warning: Token not allowed in a PDF string (PDFDocEncoding):
(hyperref)                \kern 28.45274pt
(hyperref)                removed on input line 2424.

[95]

Package hyperref Warning: Token not allowed in a PDF string (PDFDocEncoding):
(hyperref)                \kern 28.45274pt
(hyperref)                removed on input line 2466.

[96]

Package hyperref Warning: Token not allowed in a PDF string (PDFDocEncoding):
(hyperref)                \kern 28.45274pt
(hyperref)                removed on input line 2517.

[97]

Package hyperref Warning: Token not allowed in a PDF string (PDFDocEncoding):
(hyperref)                \kern 28.45274pt
(hyperref)                removed on input line 2547.


Overfull \hbox (2.55554pt too wide) in paragraph at lines 2555--2557
[] [] 
 []


Underfull \hbox (badness 10000) in paragraph at lines 2555--2557

 []


Underfull \hbox (badness 10000) in paragraph at lines 2573--2576

 []


Underfull \hbox (badness 10000) in paragraph at lines 2585--2587

 []

[98]
Underfull \hbox (badness 10000) in paragraph at lines 2602--2605

 []

[99]

Package hyperref Warning: Token not allowed in a PDF string (PDFDocEncoding):
(hyperref)                \kern 28.45274pt
(hyperref)                removed on input line 2617.

[100]

Package hyperref Warning: Token not allowed in a PDF string (PDFDocEncoding):
(hyperref)                \kern 28.45274pt
(hyperref)                removed on input line 2650.

[101]

Package hyperref Warning: Token not allowed in a PDF string (PDFDocEncoding):
(hyperref)                \kern 28.45274pt
(hyperref)                removed on input line 2696.

[102]

Package hyperref Warning: Token not allowed in a PDF string (PDFDocEncoding):
(hyperref)                \kern 28.45274pt
(hyperref)                removed on input line 2728.

[103]

Package hyperref Warning: Token not allowed in a PDF string (PDFDocEncoding):
(hyperref)                \kern 28.45274pt
(hyperref)                removed on input line 2747.

[104]

Package hyperref Warning: Token not allowed in a PDF string (PDFDocEncoding):
(hyperref)                \kern 28.45274pt
(hyperref)                removed on input line 2760.

[105]

Package hyperref Warning: Token not allowed in a PDF string (PDFDocEncoding):
(hyperref)                \kern 28.45274pt
(hyperref)                removed on input line 2789.

[106]

Package hyperref Warning: Token not allowed in a PDF string (PDFDocEncoding):
(hyperref)                \kern 28.45274pt
(hyperref)                removed on input line 2812.

[107]

Package hyperref Warning: Token not allowed in a PDF string (PDFDocEncoding):
(hyperref)                \kern 28.45274pt
(hyperref)                removed on input line 2824.

[108]

Package hyperref Warning: Token not allowed in a PDF string (PDFDocEncoding):
(hyperref)                \kern 28.45274pt
(hyperref)                removed on input line 2857.

[109]

Package hyperref Warning: Token not allowed in a PDF string (PDFDocEncoding):
(hyperref)                \kern 28.45274pt
(hyperref)                removed on input line 2873.


Overfull \hbox (25.00003pt too wide) in paragraph at lines 2883--2890
[]
 []


Underfull \hbox (badness 10000) in paragraph at lines 2898--2901

 []

[110]

Package hyperref Warning: Token not allowed in a PDF string (PDFDocEncoding):
(hyperref)                \kern 28.45274pt
(hyperref)                removed on input line 2918.

[111]

Package hyperref Warning: Token not allowed in a PDF string (PDFDocEncoding):
(hyperref)                \kern 28.45274pt
(hyperref)                removed on input line 2936.


Overfull \hbox (7.78242pt too wide) in paragraph at lines 2947--2950
[]\OT1/cmr/m/it/10 Since $[][]$ di-verges there is an $\OML/cmm/m/it/10 "[]$ \O
T1/cmr/m/it/10 such that $\OMS/cmsy/m/n/10 8 \OML/cmm/m/it/10 r[] \OMS/cmsy/m/n
/10 2 \U/msb/m/n/10 R\OML/cmm/m/it/10 ; []N \OMS/cmsy/m/n/10 2
 []


LaTeX Warning: Reference `thm:ConstantSequence' on page 112 undefined on input 
line 2969.

[112]

Package hyperref Warning: Token not allowed in a PDF string (PDFDocEncoding):
(hyperref)                \kern 28.45274pt
(hyperref)                removed on input line 2977.

[113]

Package hyperref Warning: Token not allowed in a PDF string (PDFDocEncoding):
(hyperref)                \kern 28.45274pt
(hyperref)                removed on input line 3024.


Underfull \hbox (badness 10000) in paragraph at lines 3040--3043

 []


Underfull \hbox (badness 10000) in paragraph at lines 3047--3053

 []

[114]

Package hyperref Warning: Token not allowed in a PDF string (PDFDocEncoding):
(hyperref)                \kern 28.45274pt
(hyperref)                removed on input line 3064.


Overfull \hbox (27.55557pt too wide) in paragraph at lines 3066--3077
[] []
 []


Underfull \hbox (badness 10000) in paragraph at lines 3096--3100

 []


Overfull \hbox (25.00003pt too wide) in paragraph at lines 3100--3107
[][]
 []


Underfull \hbox (badness 10000) in paragraph at lines 3114--3117

 []

[115]

Package hyperref Warning: Token not allowed in a PDF string (PDFDocEncoding):
(hyperref)                \kern 28.45274pt
(hyperref)                removed on input line 3122.

[116]

Package hyperref Warning: Token not allowed in a PDF string (PDFDocEncoding):
(hyperref)                \kern 28.45274pt
(hyperref)                removed on input line 3133.

[117]

Package hyperref Warning: Token not allowed in a PDF string (PDFDocEncoding):
(hyperref)                \kern 28.45274pt
(hyperref)                removed on input line 3169.

[118]

Package hyperref Warning: Token not allowed in a PDF string (PDFDocEncoding):
(hyperref)                \kern 28.45274pt
(hyperref)                removed on input line 3182.

[119]

Package hyperref Warning: Token not allowed in a PDF string (PDFDocEncoding):
(hyperref)                \kern 28.45274pt
(hyperref)                removed on input line 3218.

[120]

Package hyperref Warning: Token not allowed in a PDF string (PDFDocEncoding):
(hyperref)                \kern 28.45274pt
(hyperref)                removed on input line 3251.


Underfull \hbox (badness 10000) in paragraph at lines 3275--3277

 []

[121] [122]
Chapter 5.

Package hyperref Warning: Difference (2) between bookmark levels is greater 
(hyperref)                than one, level fixed on input line 3331.


Package hyperref Warning: Token not allowed in a PDF string (PDFDocEncoding):
(hyperref)                \kern 28.45274pt
(hyperref)                removed on input line 3331.

[123

]

Package hyperref Warning: Token not allowed in a PDF string (PDFDocEncoding):
(hyperref)                \kern 28.45274pt
(hyperref)                removed on input line 3364.

[124] [125]

Package hyperref Warning: Token not allowed in a PDF string (PDFDocEncoding):
(hyperref)                \kern 28.45274pt
(hyperref)                removed on input line 3406.

[126]

Package hyperref Warning: Token not allowed in a PDF string (PDFDocEncoding):
(hyperref)                \kern 28.45274pt
(hyperref)                removed on input line 3431.

[127]

Package hyperref Warning: Token not allowed in a PDF string (PDFDocEncoding):
(hyperref)                \kern 28.45274pt
(hyperref)                removed on input line 3465.

[128]
Overfull \hbox (8.41495pt too wide) detected at line 3509
[]
 []

[129]

Package hyperref Warning: Token not allowed in a PDF string (PDFDocEncoding):
(hyperref)                \kern 28.45274pt
(hyperref)                removed on input line 3524.

[130] [131]

Package hyperref Warning: Token not allowed in a PDF string (PDFDocEncoding):
(hyperref)                \kern 28.45274pt
(hyperref)                removed on input line 3594.

[132]

Package hyperref Warning: Token not allowed in a PDF string (PDFDocEncoding):
(hyperref)                \kern 28.45274pt
(hyperref)                removed on input line 3606.

[133]

Package hyperref Warning: Token not allowed in a PDF string (PDFDocEncoding):
(hyperref)                \kern 28.45274pt
(hyperref)                removed on input line 3656.

[134]

Package hyperref Warning: Token not allowed in a PDF string (PDFDocEncoding):
(hyperref)                \kern 28.45274pt
(hyperref)                removed on input line 3667.

[135]

Package hyperref Warning: Token not allowed in a PDF string (PDFDocEncoding):
(hyperref)                \kern 28.45274pt
(hyperref)                removed on input line 3686.

[136]
Chapter 6.

Package hyperref Warning: Difference (2) between bookmark levels is greater 
(hyperref)                than one, level fixed on input line 3724.


Package hyperref Warning: Token not allowed in a PDF string (PDFDocEncoding):
(hyperref)                \kern 28.45274pt
(hyperref)                removed on input line 3724.

[137

]

Package hyperref Warning: Token not allowed in a PDF string (PDFDocEncoding):
(hyperref)                \kern 28.45274pt
(hyperref)                removed on input line 3747.


Overfull \hbox (30.82443pt too wide) in paragraph at lines 3757--3759
[]\OT1/cmr/m/it/10 Take $\OML/cmm/m/it/10 ^^N \OT1/cmr/m/n/10 = \OML/cmm/m/it/1
0 ":$ \OT1/cmr/m/it/10 Then $\OMS/cmsy/m/n/10 8\OML/cmm/m/it/10 x[] [] < ^^N$ \
OT1/cmr/m/it/10 we see that $[] \OT1/cmr/m/n/10 =
 []

[138]

Package hyperref Warning: Token not allowed in a PDF string (PDFDocEncoding):
(hyperref)                \kern 28.45274pt
(hyperref)                removed on input line 3769.

[139]

Package hyperref Warning: Token not allowed in a PDF string (PDFDocEncoding):
(hyperref)                \kern 28.45274pt
(hyperref)                removed on input line 3793.

[140]

Package hyperref Warning: Token not allowed in a PDF string (PDFDocEncoding):
(hyperref)                \kern 28.45274pt
(hyperref)                removed on input line 3818.

[141]

Package hyperref Warning: Token not allowed in a PDF string (PDFDocEncoding):
(hyperref)                \kern 28.45274pt
(hyperref)                removed on input line 3832.

[142]

Package hyperref Warning: Token not allowed in a PDF string (PDFDocEncoding):
(hyperref)                \kern 28.45274pt
(hyperref)                removed on input line 3842.

<Prob105.png, id=2214, 374.14781pt x 343.2825pt>
File: Prob105.png Graphic file (type png)
<use Prob105.png>
Package pdftex.def Info: Prob105.png  used on input line 3851.
(pdftex.def)             Requested size: 144.54117pt x 144.53908pt.

Overfull \hbox (25.00003pt too wide) in paragraph at lines 3844--3855
[]
 []

[143 <./Prob105.png>] [144]

Package hyperref Warning: Token not allowed in a PDF string (PDFDocEncoding):
(hyperref)                \kern 28.45274pt
(hyperref)                removed on input line 3906.

[145]

Package hyperref Warning: Token not allowed in a PDF string (PDFDocEncoding):
(hyperref)                \kern 28.45274pt
(hyperref)                removed on input line 3961.

[146]

Package hyperref Warning: Token not allowed in a PDF string (PDFDocEncoding):
(hyperref)                \kern 28.45274pt
(hyperref)                removed on input line 3978.

[147]

Package hyperref Warning: Token not allowed in a PDF string (PDFDocEncoding):
(hyperref)                \kern 28.45274pt
(hyperref)                removed on input line 4049.

[148]

Package hyperref Warning: Token not allowed in a PDF string (PDFDocEncoding):
(hyperref)                \kern 28.45274pt
(hyperref)                removed on input line 4066.

[149]
<TextGraphics/Ch5fig7.png, id=2253, 639.89063pt x 439.6425pt>
File: TextGraphics/Ch5fig7.png Graphic file (type png)
<use TextGraphics/Ch5fig7.png>
Package pdftex.def Info: TextGraphics/Ch5fig7.png  used on input line 4104.
(pdftex.def)             Requested size: 289.08073pt x 144.5391pt.


Package hyperref Warning: Token not allowed in a PDF string (PDFDocEncoding):
(hyperref)                \kern 28.45274pt
(hyperref)                removed on input line 4117.

[150 <./TextGraphics/Ch5fig7.png>]

Package hyperref Warning: Token not allowed in a PDF string (PDFDocEncoding):
(hyperref)                \kern 28.45274pt
(hyperref)                removed on input line 4137.

[151]

Package hyperref Warning: Token not allowed in a PDF string (PDFDocEncoding):
(hyperref)                \kern 28.45274pt
(hyperref)                removed on input line 4147.

[152]

Package hyperref Warning: Token not allowed in a PDF string (PDFDocEncoding):
(hyperref)                \kern 28.45274pt
(hyperref)                removed on input line 4167.

<TextGraphics/Ch5fig8.png, id=2276, 612.03656pt x 386.94562pt>
File: TextGraphics/Ch5fig8.png Graphic file (type png)
<use TextGraphics/Ch5fig8.png>
Package pdftex.def Info: TextGraphics/Ch5fig8.png  used on input line 4171.
(pdftex.def)             Requested size: 289.07674pt x 216.81206pt.
[153 <./TextGraphics/Ch5fig8.png>]

Package hyperref Warning: Token not allowed in a PDF string (PDFDocEncoding):
(hyperref)                \kern 28.45274pt
(hyperref)                removed on input line 4180.

[154]

Package hyperref Warning: Token not allowed in a PDF string (PDFDocEncoding):
(hyperref)                \kern 28.45274pt
(hyperref)                removed on input line 4199.

[155]

Package hyperref Warning: Token not allowed in a PDF string (PDFDocEncoding):
(hyperref)                \kern 28.45274pt
(hyperref)                removed on input line 4212.

[156]

Package hyperref Warning: Token not allowed in a PDF string (PDFDocEncoding):
(hyperref)                \kern 28.45274pt
(hyperref)                removed on input line 4230.

[157]

Package hyperref Warning: Token not allowed in a PDF string (PDFDocEncoding):
(hyperref)                \kern 28.45274pt
(hyperref)                removed on input line 4241.

[158]

Package hyperref Warning: Token not allowed in a PDF string (PDFDocEncoding):
(hyperref)                \kern 28.45274pt
(hyperref)                removed on input line 4256.

[159]

Package hyperref Warning: Token not allowed in a PDF string (PDFDocEncoding):
(hyperref)                \kern 28.45274pt
(hyperref)                removed on input line 4276.


Underfull \hbox (badness 10000) in paragraph at lines 4280--4282

 []


Underfull \hbox (badness 10000) in paragraph at lines 4307--4309

 []

[160] [161]

Package hyperref Warning: Token not allowed in a PDF string (PDFDocEncoding):
(hyperref)                \kern 28.45274pt
(hyperref)                removed on input line 4348.

[162]

Package hyperref Warning: Token not allowed in a PDF string (PDFDocEncoding):
(hyperref)                \kern 28.45274pt
(hyperref)                removed on input line 4369.

[163]

Package hyperref Warning: Token not allowed in a PDF string (PDFDocEncoding):
(hyperref)                \kern 28.45274pt
(hyperref)                removed on input line 4392.

[164]

Package hyperref Warning: Token not allowed in a PDF string (PDFDocEncoding):
(hyperref)                \kern 28.45274pt
(hyperref)                removed on input line 4413.

[165] [166]

Package hyperref Warning: Token not allowed in a PDF string (PDFDocEncoding):
(hyperref)                \kern 28.45274pt
(hyperref)                removed on input line 4485.

[167]

Package hyperref Warning: Token not allowed in a PDF string (PDFDocEncoding):
(hyperref)                \kern 28.45274pt
(hyperref)                removed on input line 4494.

[168]

Package hyperref Warning: Token not allowed in a PDF string (PDFDocEncoding):
(hyperref)                \kern 28.45274pt
(hyperref)                removed on input line 4506.

[169]

Package hyperref Warning: Token not allowed in a PDF string (PDFDocEncoding):
(hyperref)                \kern 28.45274pt
(hyperref)                removed on input line 4515.

[170]

Package hyperref Warning: Token not allowed in a PDF string (PDFDocEncoding):
(hyperref)                \kern 28.45274pt
(hyperref)                removed on input line 4526.


LaTeX Warning: Reference `cor:PosDerivIncFunc2' on page 171 undefined on input 
line 4527.

[171]

Package hyperref Warning: Token not allowed in a PDF string (PDFDocEncoding):
(hyperref)                \kern 28.45274pt
(hyperref)                removed on input line 4536.

[172]

Package hyperref Warning: Token not allowed in a PDF string (PDFDocEncoding):
(hyperref)                \kern 28.45274pt
(hyperref)                removed on input line 4548.

[173]

Package hyperref Warning: Token not allowed in a PDF string (PDFDocEncoding):
(hyperref)                \kern 28.45274pt
(hyperref)                removed on input line 4568.

[174]

Package hyperref Warning: Token not allowed in a PDF string (PDFDocEncoding):
(hyperref)                \kern 28.45274pt
(hyperref)                removed on input line 4587.

[175]
Chapter 7.

Package hyperref Warning: Difference (2) between bookmark levels is greater 
(hyperref)                than one, level fixed on input line 4608.


Package hyperref Warning: Token not allowed in a PDF string (PDFDocEncoding):
(hyperref)                \kern 28.45274pt
(hyperref)                removed on input line 4608.

[176

]

Package hyperref Warning: Token not allowed in a PDF string (PDFDocEncoding):
(hyperref)                \kern 28.45274pt
(hyperref)                removed on input line 4634.


Overfull \hbox (0.63902pt too wide) in paragraph at lines 4636--4641
[]\OT1/cmr/m/it/10 Find two se-quences of ra-tio-nal num-bers $[] $and $[]$ whi
ch
 []

[177]

Package hyperref Warning: Token not allowed in a PDF string (PDFDocEncoding):
(hyperref)                \kern 28.45274pt
(hyperref)                removed on input line 4663.

[178]

Package hyperref Warning: Token not allowed in a PDF string (PDFDocEncoding):
(hyperref)                \kern 28.45274pt
(hyperref)                removed on input line 4679.

[179]

Package hyperref Warning: Token not allowed in a PDF string (PDFDocEncoding):
(hyperref)                \kern 28.45274pt
(hyperref)                removed on input line 4688.

<TextGraphics/Ch6fig7.png, id=2415, 694.84593pt x 201.75375pt>
File: TextGraphics/Ch6fig7.png Graphic file (type png)
<use TextGraphics/Ch6fig7.png>
Package pdftex.def Info: TextGraphics/Ch6fig7.png  used on input line 4699.
(pdftex.def)             Requested size: 289.07664pt x 115.63191pt.

Overfull \hbox (25.00003pt too wide) in paragraph at lines 4698--4704
[]
 []

[180 <./TextGraphics/Ch6fig7.png>] [181]

Package hyperref Warning: Token not allowed in a PDF string (PDFDocEncoding):
(hyperref)                \kern 28.45274pt
(hyperref)                removed on input line 4758.

[182]

Package hyperref Warning: Token not allowed in a PDF string (PDFDocEncoding):
(hyperref)                \kern 28.45274pt
(hyperref)                removed on input line 4768.


Underfull \hbox (badness 10000) in paragraph at lines 4770--4773

 []

[183]

Package hyperref Warning: Token not allowed in a PDF string (PDFDocEncoding):
(hyperref)                \kern 28.45274pt
(hyperref)                removed on input line 4814.


Underfull \hbox (badness 10000) in paragraph at lines 4839--4840

 []

[184]

Package hyperref Warning: Token not allowed in a PDF string (PDFDocEncoding):
(hyperref)                \kern 28.45274pt
(hyperref)                removed on input line 4857.

[185]

Package hyperref Warning: Token not allowed in a PDF string (PDFDocEncoding):
(hyperref)                \kern 28.45274pt
(hyperref)                removed on input line 4883.

[186]

Package hyperref Warning: Token not allowed in a PDF string (PDFDocEncoding):
(hyperref)                \kern 28.45274pt
(hyperref)                removed on input line 4893.

[187]

Package hyperref Warning: Token not allowed in a PDF string (PDFDocEncoding):
(hyperref)                \kern 28.45274pt
(hyperref)                removed on input line 4927.

[188]

Package hyperref Warning: Token not allowed in a PDF string (PDFDocEncoding):
(hyperref)                \kern 28.45274pt
(hyperref)                removed on input line 4946.

[189]

Package hyperref Warning: Token not allowed in a PDF string (PDFDocEncoding):
(hyperref)                \kern 28.45274pt
(hyperref)                removed on input line 4964.

[190]

Package hyperref Warning: Token not allowed in a PDF string (PDFDocEncoding):
(hyperref)                \kern 28.45274pt
(hyperref)                removed on input line 4980.


Underfull \hbox (badness 10000) in paragraph at lines 5009--5011

 []

[191]

Package hyperref Warning: Token not allowed in a PDF string (PDFDocEncoding):
(hyperref)                \kern 28.45274pt
(hyperref)                removed on input line 5028.


Overfull \hbox (9.3053pt too wide) in paragraph at lines 5029--5036
[][]\OT1/cmr/bx/n/10 Problem 150. []\OT1/cmr/m/it/10 Con-sider the fol-low-ing 
cu-ri-ous ex-pres-sion $[]\OML/cmm/m/it/10 :$
 []


Underfull \hbox (badness 10000) in paragraph at lines 5029--5036

 []

[192] [193]

Package hyperref Warning: Token not allowed in a PDF string (PDFDocEncoding):
(hyperref)                \kern 28.45274pt
(hyperref)                removed on input line 5121.

[194]

Package hyperref Warning: Token not allowed in a PDF string (PDFDocEncoding):
(hyperref)                \kern 28.45274pt
(hyperref)                removed on input line 5130.

[195]

Package hyperref Warning: Token not allowed in a PDF string (PDFDocEncoding):
(hyperref)                \kern 28.45274pt
(hyperref)                removed on input line 5150.

[196]

Package hyperref Warning: Token not allowed in a PDF string (PDFDocEncoding):
(hyperref)                \kern 28.45274pt
(hyperref)                removed on input line 5160.

[197]

Package hyperref Warning: Token not allowed in a PDF string (PDFDocEncoding):
(hyperref)                \kern 28.45274pt
(hyperref)                removed on input line 5183.

[198]

Package hyperref Warning: Token not allowed in a PDF string (PDFDocEncoding):
(hyperref)                \kern 28.45274pt
(hyperref)                removed on input line 5203.


Overfull \hbox (2.55554pt too wide) in paragraph at lines 5204--5213
[] []
 []


Underfull \hbox (badness 10000) in paragraph at lines 5222--5226

 []

[199]

Package hyperref Warning: Token not allowed in a PDF string (PDFDocEncoding):
(hyperref)                \kern 28.45274pt
(hyperref)                removed on input line 5230.

[200]

Package hyperref Warning: Token not allowed in a PDF string (PDFDocEncoding):
(hyperref)                \kern 28.45274pt
(hyperref)                removed on input line 5241.

[201]

Package hyperref Warning: Token not allowed in a PDF string (PDFDocEncoding):
(hyperref)                \kern 28.45274pt
(hyperref)                removed on input line 5253.

[202]

Package hyperref Warning: Token not allowed in a PDF string (PDFDocEncoding):
(hyperref)                \kern 28.45274pt
(hyperref)                removed on input line 5272.

[203]
Chapter 8.

Package hyperref Warning: Difference (2) between bookmark levels is greater 
(hyperref)                than one, level fixed on input line 5303.


Package hyperref Warning: Token not allowed in a PDF string (PDFDocEncoding):
(hyperref)                \kern 28.45274pt
(hyperref)                removed on input line 5303.

[204

]

Package hyperref Warning: Token not allowed in a PDF string (PDFDocEncoding):
(hyperref)                \kern 28.45274pt
(hyperref)                removed on input line 5331.

[205]

Package hyperref Warning: Token not allowed in a PDF string (PDFDocEncoding):
(hyperref)                \kern 28.45274pt
(hyperref)                removed on input line 5353.

[206]

Package hyperref Warning: Token not allowed in a PDF string (PDFDocEncoding):
(hyperref)                \kern 28.45274pt
(hyperref)                removed on input line 5381.


Overfull \hbox (1.18204pt too wide) in paragraph at lines 5397--5400
[]\OT1/cmr/m/it/10 In this case there is a $\OML/cmm/m/it/10 b$ \OT1/cmr/m/it/1
0 such that $\OML/cmm/m/it/10 x < b < \OT1/cmr/m/n/10 1\OML/cmm/m/it/10 :$ \OT1
/cmr/m/it/10 Since $[] \OT1/cmr/m/n/10 =
 []

[207]

Package hyperref Warning: Token not allowed in a PDF string (PDFDocEncoding):
(hyperref)                \kern 28.45274pt
(hyperref)                removed on input line 5420.

[208]

Package hyperref Warning: Token not allowed in a PDF string (PDFDocEncoding):
(hyperref)                \kern 28.45274pt
(hyperref)                removed on input line 5451.

[209]

Package hyperref Warning: Token not allowed in a PDF string (PDFDocEncoding):
(hyperref)                \kern 28.45274pt
(hyperref)                removed on input line 5484.

[210]

Package hyperref Warning: Token not allowed in a PDF string (PDFDocEncoding):
(hyperref)                \kern 28.45274pt
(hyperref)                removed on input line 5507.

[211]

Package hyperref Warning: Token not allowed in a PDF string (PDFDocEncoding):
(hyperref)                \kern 28.45274pt
(hyperref)                removed on input line 5540.

[212]

Package hyperref Warning: Token not allowed in a PDF string (PDFDocEncoding):
(hyperref)                \kern 28.45274pt
(hyperref)                removed on input line 5557.

[213]

Package hyperref Warning: Token not allowed in a PDF string (PDFDocEncoding):
(hyperref)                \kern 28.45274pt
(hyperref)                removed on input line 5587.

[214]

Package hyperref Warning: Token not allowed in a PDF string (PDFDocEncoding):
(hyperref)                \kern 28.45274pt
(hyperref)                removed on input line 5610.

[215]

Package hyperref Warning: Token not allowed in a PDF string (PDFDocEncoding):
(hyperref)                \kern 28.45274pt
(hyperref)                removed on input line 5627.

[216]

Package hyperref Warning: Token not allowed in a PDF string (PDFDocEncoding):
(hyperref)                \kern 28.45274pt
(hyperref)                removed on input line 5640.

[217]

Package hyperref Warning: Token not allowed in a PDF string (PDFDocEncoding):
(hyperref)                \kern 28.45274pt
(hyperref)                removed on input line 5660.

[218]

Package hyperref Warning: Token not allowed in a PDF string (PDFDocEncoding):
(hyperref)                \kern 28.45274pt
(hyperref)                removed on input line 5681.

[219]

Package hyperref Warning: Token not allowed in a PDF string (PDFDocEncoding):
(hyperref)                \kern 28.45274pt
(hyperref)                removed on input line 5690.


Underfull \hbox (badness 10000) in paragraph at lines 5697--5698

 []

[220] [221]

Package hyperref Warning: Token not allowed in a PDF string (PDFDocEncoding):
(hyperref)                \kern 28.45274pt
(hyperref)                removed on input line 5750.

[222]

Package hyperref Warning: Token not allowed in a PDF string (PDFDocEncoding):
(hyperref)                \kern 28.45274pt
(hyperref)                removed on input line 5781.

[223]

Package hyperref Warning: Token not allowed in a PDF string (PDFDocEncoding):
(hyperref)                \kern 28.45274pt
(hyperref)                removed on input line 5791.

[224]

Package hyperref Warning: Token not allowed in a PDF string (PDFDocEncoding):
(hyperref)                \kern 28.45274pt
(hyperref)                removed on input line 5810.


Overfull \hbox (31.96965pt too wide) in paragraph at lines 5836--5838
\OT1/cmr/m/it/10 Therefore $\OML/cmm/m/it/10 B \OMS/cmsy/m/n/10 ^^T \OML/cmm/m/
it/10 A: [][]$ 
 []

[225] [226]

Package hyperref Warning: Token not allowed in a PDF string (PDFDocEncoding):
(hyperref)                \kern 28.45274pt
(hyperref)                removed on input line 5879.

[227]

Package hyperref Warning: Token not allowed in a PDF string (PDFDocEncoding):
(hyperref)                \kern 28.45274pt
(hyperref)                removed on input line 5907.

[228]

Package hyperref Warning: Token not allowed in a PDF string (PDFDocEncoding):
(hyperref)                \kern 28.45274pt
(hyperref)                removed on input line 5936.

[229]

Package hyperref Warning: Token not allowed in a PDF string (PDFDocEncoding):
(hyperref)                \kern 28.45274pt
(hyperref)                removed on input line 5946.


LaTeX Warning: Reference `interegnum' on page 230 undefined on input line 5948.


[230]

Package hyperref Warning: Token not allowed in a PDF string (PDFDocEncoding):
(hyperref)                \kern 28.45274pt
(hyperref)                removed on input line 5964.

[231]

Package hyperref Warning: Token not allowed in a PDF string (PDFDocEncoding):
(hyperref)                \kern 28.45274pt
(hyperref)                removed on input line 5989.

[232]

Package hyperref Warning: Token not allowed in a PDF string (PDFDocEncoding):
(hyperref)                \kern 28.45274pt
(hyperref)                removed on input line 5999.

[233]

Package hyperref Warning: Token not allowed in a PDF string (PDFDocEncoding):
(hyperref)                \kern 28.45274pt
(hyperref)                removed on input line 6020.

[234]

Package hyperref Warning: Token not allowed in a PDF string (PDFDocEncoding):
(hyperref)                \kern 28.45274pt
(hyperref)                removed on input line 6033.

[235]

Package hyperref Warning: Token not allowed in a PDF string (PDFDocEncoding):
(hyperref)                \kern 28.45274pt
(hyperref)                removed on input line 6058.

[236]

Package hyperref Warning: Token not allowed in a PDF string (PDFDocEncoding):
(hyperref)                \kern 28.45274pt
(hyperref)                removed on input line 6079.

[237]

Package hyperref Warning: Token not allowed in a PDF string (PDFDocEncoding):
(hyperref)                \kern 28.45274pt
(hyperref)                removed on input line 6092.


LaTeX Warning: Reference `AbelsTheorem' on page 238 undefined on input line 609
3.

[238]

Package hyperref Warning: Token not allowed in a PDF string (PDFDocEncoding):
(hyperref)                \kern 28.45274pt
(hyperref)                removed on input line 6112.


LaTeX Warning: Reference `cor:PowerSeriesConvUnif' on page 239 undefined on inp
ut line 6113.


Overfull \hbox (2.55554pt too wide) in paragraph at lines 6113--6118
[] [] 
 []


Underfull \hbox (badness 10000) in paragraph at lines 6139--6141

 []

[239]
Chapter 9.

Package hyperref Warning: Difference (2) between bookmark levels is greater 
(hyperref)                than one, level fixed on input line 6150.


Package hyperref Warning: Token not allowed in a PDF string (PDFDocEncoding):
(hyperref)                \kern 28.45274pt
(hyperref)                removed on input line 6150.

[240

]

Package hyperref Warning: Token not allowed in a PDF string (PDFDocEncoding):
(hyperref)                \kern 28.45274pt
(hyperref)                removed on input line 6163.

[241]

Package hyperref Warning: Token not allowed in a PDF string (PDFDocEncoding):
(hyperref)                \kern 28.45274pt
(hyperref)                removed on input line 6183.

[242]

Package hyperref Warning: Token not allowed in a PDF string (PDFDocEncoding):
(hyperref)                \kern 28.45274pt
(hyperref)                removed on input line 6197.

[243]

Package hyperref Warning: Token not allowed in a PDF string (PDFDocEncoding):
(hyperref)                \kern 28.45274pt
(hyperref)                removed on input line 6209.

[244]

Package hyperref Warning: Token not allowed in a PDF string (PDFDocEncoding):
(hyperref)                \kern 28.45274pt
(hyperref)                removed on input line 6232.

[245] [246]

Package hyperref Warning: Token not allowed in a PDF string (PDFDocEncoding):
(hyperref)                \kern 28.45274pt
(hyperref)                removed on input line 6303.

[247]

Package hyperref Warning: Token not allowed in a PDF string (PDFDocEncoding):
(hyperref)                \kern 28.45274pt
(hyperref)                removed on input line 6312.


LaTeX Warning: Reference `cor:Q-MeasureZero' on page 248 undefined on input lin
e 6313.

[248]

Package hyperref Warning: Token not allowed in a PDF string (PDFDocEncoding):
(hyperref)                \kern 28.45274pt
(hyperref)                removed on input line 6330.

[249]

Package hyperref Warning: Token not allowed in a PDF string (PDFDocEncoding):
(hyperref)                \kern 28.45274pt
(hyperref)                removed on input line 6388.

[250]

Package hyperref Warning: Token not allowed in a PDF string (PDFDocEncoding):
(hyperref)                \kern 28.45274pt
(hyperref)                removed on input line 6399.


Overfull \hbox (6.98605pt too wide) in paragraph at lines 6400--6404
[][]\OT1/cmr/bx/n/10 Problem 205. []\OT1/cmr/m/it/10 Prove: If $[] \OT1/cmr/m/n
/10 = \OML/cmm/m/it/10 n;$ \OT1/cmr/m/it/10 then $[] \OT1/cmr/m/n/10 = 2[]\OML/
cmm/m/it/10 :$ \OT1/cmr/m/it/10 [Hint: Let $\OML/cmm/m/it/10 S \OT1/cmr/m/n/10 
= []\OML/cmm/m/it/10 :$
 []

[251]

Package hyperref Warning: Token not allowed in a PDF string (PDFDocEncoding):
(hyperref)                \kern 28.45274pt
(hyperref)                removed on input line 6427.

[252]

Package hyperref Warning: Token not allowed in a PDF string (PDFDocEncoding):
(hyperref)                \kern 28.45274pt
(hyperref)                removed on input line 6441.

[253]

Package hyperref Warning: Token not allowed in a PDF string (PDFDocEncoding):
(hyperref)                \kern 28.45274pt
(hyperref)                removed on input line 6452.

[254]

Package hyperref Warning: Token not allowed in a PDF string (PDFDocEncoding):
(hyperref)                \kern 28.45274pt
(hyperref)                removed on input line 6462.

[255]

Package hyperref Warning: Token not allowed in a PDF string (PDFDocEncoding):
(hyperref)                \kern 28.45274pt
(hyperref)                removed on input line 6495.

[256

]

Package hyperref Warning: Token not allowed in a PDF string (PDFDocEncoding):
(hyperref)                \kern 28.45274pt
(hyperref)                removed on input line 6505.

[257]

Package hyperref Warning: Token not allowed in a PDF string (PDFDocEncoding):
(hyperref)                \kern 28.45274pt
(hyperref)                removed on input line 6528.


Overfull \hbox (10.85207pt too wide) in paragraph at lines 6529--6531
[][]\OT1/cmr/bx/n/10 Problem 212. []\OT1/cmr/m/it/10 Con-sider the set of or-de
red pairs of real num-bers, $[] \OML/cmm/m/it/10 ;$
 []

[258]

Package hyperref Warning: Token not allowed in a PDF string (PDFDocEncoding):
(hyperref)                \kern 28.45274pt
(hyperref)                removed on input line 6550.

[259]

Package hyperref Warning: Token not allowed in a PDF string (PDFDocEncoding):
(hyperref)                \kern 28.45274pt
(hyperref)                removed on input line 6570.

[260]

Package hyperref Warning: Token not allowed in a PDF string (PDFDocEncoding):
(hyperref)                \kern 28.45274pt
(hyperref)                removed on input line 6581.

[261]

Package hyperref Warning: Token not allowed in a PDF string (PDFDocEncoding):
(hyperref)                \kern 28.45274pt
(hyperref)                removed on input line 6596.

[262]

Package hyperref Warning: Token not allowed in a PDF string (PDFDocEncoding):
(hyperref)                \kern 28.45274pt
(hyperref)                removed on input line 6612.

[263]

Package hyperref Warning: Token not allowed in a PDF string (PDFDocEncoding):
(hyperref)                \kern 28.45274pt
(hyperref)                removed on input line 6626.

[264]

Package hyperref Warning: Token not allowed in a PDF string (PDFDocEncoding):
(hyperref)                \kern 28.45274pt
(hyperref)                removed on input line 6651.

[265]

Package hyperref Warning: Token not allowed in a PDF string (PDFDocEncoding):
(hyperref)                \kern 28.45274pt
(hyperref)                removed on input line 6667.

[266]

Package hyperref Warning: Token not allowed in a PDF string (PDFDocEncoding):
(hyperref)                \kern 28.45274pt
(hyperref)                removed on input line 6686.

[267]

Package hyperref Warning: Token not allowed in a PDF string (PDFDocEncoding):
(hyperref)                \kern 28.45274pt
(hyperref)                removed on input line 6700.

[268]
Package atveryend Info: Empty hook `BeforeClearDocument' on input line 6718.
Package atveryend Info: Empty hook `AfterLastShipout' on input line 6718.
 (./SolutionManual.aux)
Package atveryend Info: Executing hook `AtVeryEndDocument' on input line 6718.
Package atveryend Info: Executing hook `AtEndAfterFileList' on input line 6718.

Package rerunfilecheck Info: File `SolutionManual.out' has not changed.
(rerunfilecheck)             Checksum: D1A8E859099CF362ECAE772D7396C761;14169.


LaTeX Warning: There were undefined references.

Package atveryend Info: Empty hook `AtVeryVeryEnd' on input line 6718.
 ) 
Here is how much of TeX's memory you used:
 7931 strings out of 481239
 116691 string characters out of 5920376
 371760 words of memory out of 5000000
 22466 multiletter control sequences out of 15000+600000
 549082 words of font info for 87 fonts, out of 8000000 for 9000
 1141 hyphenation exceptions out of 8191
 34i,17n,31p,277b,534s stack positions out of 5000i,500n,10000p,200000b,80000s
pdfTeX warning (dest): name{problem.136} has been referenced but does not exi
st, replaced by a fixed one

pdfTeX warning (dest): name{problem.29} has been referenced but does not exist,
 replaced by a fixed one

pdfTeX warning (dest): name{problem.27} has been referenced but does not exist,
 replaced by a fixed one

pdfTeX warning (dest): name{problem.21} has been referenced but does not exist,
 replaced by a fixed one

{/usr/share/texmf/fonts/enc/dvips/cm-super/cm-super-ts1.enc}</usr/share/texlive
/texmf-dist/fonts/type1/public/amsfonts/cm/cmbx10.pfb></usr/share/texlive/texmf
-dist/fonts/type1/public/amsfonts/cm/cmbx12.pfb></usr/share/texlive/texmf-dist/
fonts/type1/public/amsfonts/cm/cmcsc10.pfb></usr/share/texlive/texmf-dist/fonts
/type1/public/amsfonts/cm/cmex10.pfb></usr/share/texlive/texmf-dist/fonts/type1
/public/amsfonts/cmextra/cmex7.pfb></usr/share/texlive/texmf-dist/fonts/type1/p
ublic/amsfonts/cm/cmmi10.pfb></usr/share/texlive/texmf-dist/fonts/type1/public/
amsfonts/cm/cmmi12.pfb></usr/share/texlive/texmf-dist/fonts/type1/public/amsfon
ts/cm/cmmi5.pfb></usr/share/texlive/texmf-dist/fonts/type1/public/amsfonts/cm/c
mmi7.pfb></usr/share/texlive/texmf-dist/fonts/type1/public/amsfonts/cm/cmmi8.pf
b></usr/share/texlive/texmf-dist/fonts/type1/public/amsfonts/cm/cmr10.pfb></usr
/share/texlive/texmf-dist/fonts/type1/public/amsfonts/cm/cmr12.pfb></usr/share/
texlive/texmf-dist/fonts/type1/public/amsfonts/cm/cmr17.pfb></usr/share/texlive
/texmf-dist/fonts/type1/public/amsfonts/cm/cmr5.pfb></usr/share/texlive/texmf-d
ist/fonts/type1/public/amsfonts/cm/cmr6.pfb></usr/share/texlive/texmf-dist/font
s/type1/public/amsfonts/cm/cmr7.pfb></usr/share/texlive/texmf-dist/fonts/type1/
public/amsfonts/cm/cmr8.pfb></usr/share/texlive/texmf-dist/fonts/type1/public/a
msfonts/cm/cmsl10.pfb></usr/share/texlive/texmf-dist/fonts/type1/public/amsfont
s/cm/cmsy10.pfb></usr/share/texlive/texmf-dist/fonts/type1/public/amsfonts/cm/c
msy5.pfb></usr/share/texlive/texmf-dist/fonts/type1/public/amsfonts/cm/cmsy7.pf
b></usr/share/texlive/texmf-dist/fonts/type1/public/amsfonts/cm/cmti10.pfb></us
r/share/texlive/texmf-dist/fonts/type1/public/amsfonts/cm/cmti7.pfb></usr/share
/texlive/texmf-dist/fonts/type1/public/amsfonts/symbols/msam10.pfb></usr/share/
texlive/texmf-dist/fonts/type1/public/amsfonts/symbols/msbm10.pfb></usr/share/t
exmf/fonts/type1/public/cm-super/sfrm1000.pfb>
Output written on SolutionManual.pdf (269 pages, 1158011 bytes).
PDF statistics:
 3110 PDF objects out of 3580 (max. 8388607)
 2709 compressed objects within 28 object streams
 596 named destinations out of 1000 (max. 500000)
 2172 words of extra memory for PDF output out of 10000 (max. 10000000)

