This is pdfTeX, Version 3.14159265-2.6-1.40.20 (TeX Live 2019/Debian) (preloaded format=pdflatex 2020.10.25)  20 MAR 2022 18:05
entering extended mode
 restricted \write18 enabled.
 %&-line parsing enabled.
**ASORA.tex
(./ASORA.tex
LaTeX2e <2020-02-02> patch level 2
L3 programming layer <2020-02-14>
(/usr/share/texlive/texmf-dist/tex/latex/snapshot/snapshot.sty
Package: snapshot 2012/08/06 v2.13
)
(/usr/share/texlive/texmf-dist/tex/latex/base/book.cls
Document Class: book 2019/12/20 v1.4l Standard LaTeX document class
(/usr/share/texlive/texmf-dist/tex/latex/base/bk10.clo
File: bk10.clo 2019/12/20 v1.4l Standard LaTeX file (size option)
)
\c@part=\count167
\c@chapter=\count168
\c@section=\count169
\c@subsection=\count170
\c@subsubsection=\count171
\c@paragraph=\count172
\c@subparagraph=\count173
\c@figure=\count174
\c@table=\count175
\abovecaptionskip=\skip47
\belowcaptionskip=\skip48
\bibindent=\dimen134
)
(/usr/share/texlive/texmf-dist/tex/latex/geometry/geometry.sty
Package: geometry 2020/01/02 v5.9 Page Geometry

(/usr/share/texlive/texmf-dist/tex/latex/graphics/keyval.sty
Package: keyval 2014/10/28 v1.15 key=value parser (DPC)
\KV@toks@=\toks14
)
(/usr/share/texlive/texmf-dist/tex/generic/iftex/ifvtex.sty
Package: ifvtex 2019/10/25 v1.7 ifvtex legacy package. Use iftex instead.

(/usr/share/texlive/texmf-dist/tex/generic/iftex/iftex.sty
Package: iftex 2019/11/07 v1.0c TeX engine tests
))
\Gm@cnth=\count176
\Gm@cntv=\count177
\c@Gm@tempcnt=\count178
\Gm@bindingoffset=\dimen135
\Gm@wd@mp=\dimen136
\Gm@odd@mp=\dimen137
\Gm@even@mp=\dimen138
\Gm@layoutwidth=\dimen139
\Gm@layoutheight=\dimen140
\Gm@layouthoffset=\dimen141
\Gm@layoutvoffset=\dimen142
\Gm@dimlist=\toks15
)
(/usr/share/texlive/texmf-dist/tex/latex/base/ifthen.sty
Package: ifthen 2014/09/29 v1.1c Standard LaTeX ifthen package (DPC)
)
(/usr/share/texlive/texmf-dist/tex/latex/etoolbox/etoolbox.sty
Package: etoolbox 2019/09/21 v2.5h e-TeX tools for LaTeX (JAW)
\etb@tempcnta=\count179
)
(/usr/share/texlive/texmf-dist/tex/generic/iftex/ifxetex.sty
Package: ifxetex 2019/10/25 v0.7 ifxetex legacy package. Use iftex instead.
)
(/usr/share/texlive/texmf-dist/tex/generic/iftex/ifluatex.sty
Package: ifluatex 2019/10/25 v1.5 ifluatex legacy package. Use iftex instead.
)
(/usr/share/texlive/texmf-dist/tex/latex/graphics/graphicx.sty
Package: graphicx 2019/11/30 v1.2a Enhanced LaTeX Graphics (DPC,SPQR)

(/usr/share/texlive/texmf-dist/tex/latex/graphics/graphics.sty
Package: graphics 2019/11/30 v1.4a Standard LaTeX Graphics (DPC,SPQR)

(/usr/share/texlive/texmf-dist/tex/latex/graphics/trig.sty
Package: trig 2016/01/03 v1.10 sin cos tan (DPC)
)
(/usr/share/texlive/texmf-dist/tex/latex/graphics-cfg/graphics.cfg
File: graphics.cfg 2016/06/04 v1.11 sample graphics configuration
)
Package graphics Info: Driver file: pdftex.def on input line 105.

(/usr/share/texlive/texmf-dist/tex/latex/graphics-def/pdftex.def
File: pdftex.def 2018/01/08 v1.0l Graphics/color driver for pdftex
))
\Gin@req@height=\dimen143
\Gin@req@width=\dimen144
)
(/usr/share/texlive/texmf-dist/tex/latex/xcolor/xcolor.sty
Package: xcolor 2016/05/11 v2.12 LaTeX color extensions (UK)

(/usr/share/texlive/texmf-dist/tex/latex/graphics-cfg/color.cfg
File: color.cfg 2016/01/02 v1.6 sample color configuration
)
Package xcolor Info: Package option `usenames' ignored on input line 216.
Package xcolor Info: Driver file: pdftex.def on input line 225.

(/usr/share/texlive/texmf-dist/tex/latex/colortbl/colortbl.sty
Package: colortbl 2020/01/04 v1.0e Color table columns (DPC)

(/usr/share/texlive/texmf-dist/tex/latex/tools/array.sty
Package: array 2019/08/31 v2.4l Tabular extension package (FMi)
\col@sep=\dimen145
\ar@mcellbox=\box45
\extrarowheight=\dimen146
\NC@list=\toks16
\extratabsurround=\skip49
\backup@length=\skip50
\ar@cellbox=\box46
)
\everycr=\toks17
\minrowclearance=\skip51
)
\rownum=\count180
Package xcolor Info: Model `cmy' substituted by `cmy0' on input line 1348.
Package xcolor Info: Model `hsb' substituted by `rgb' on input line 1352.
Package xcolor Info: Model `RGB' extended on input line 1364.
Package xcolor Info: Model `HTML' substituted by `rgb' on input line 1366.
Package xcolor Info: Model `Hsb' substituted by `hsb' on input line 1367.
Package xcolor Info: Model `tHsb' substituted by `hsb' on input line 1368.
Package xcolor Info: Model `HSB' substituted by `hsb' on input line 1369.
Package xcolor Info: Model `Gray' substituted by `gray' on input line 1370.
Package xcolor Info: Model `wave' substituted by `hsb' on input line 1371.

(/usr/share/texlive/texmf-dist/tex/latex/graphics/dvipsnam.def
File: dvipsnam.def 2016/06/17 v3.0m Driver-dependent file (DPC,SPQR)
)
(/usr/share/texlive/texmf-dist/tex/latex/xcolor/svgnam.def
File: svgnam.def 2016/05/11 v2.12 Predefined colors according to SVG 1.1 (UK)
))
(/usr/share/texlive/texmf-dist/tex/latex/tcolorbox/tcolorbox.sty
Package: tcolorbox 2019/11/15 version 4.22 text color boxes

(/usr/share/texlive/texmf-dist/tex/latex/pgf/basiclayer/pgf.sty
(/usr/share/texlive/texmf-dist/tex/latex/pgf/utilities/pgfrcs.sty
(/usr/share/texlive/texmf-dist/tex/generic/pgf/utilities/pgfutil-common.tex
\pgfutil@everybye=\toks18
\pgfutil@tempdima=\dimen147
\pgfutil@tempdimb=\dimen148

(/usr/share/texlive/texmf-dist/tex/generic/pgf/utilities/pgfutil-common-lists.t
ex)) (/usr/share/texlive/texmf-dist/tex/generic/pgf/utilities/pgfutil-latex.def
\pgfutil@abb=\box47
(/usr/share/texlive/texmf-dist/tex/latex/ms/everyshi.sty
Package: everyshi 2001/05/15 v3.00 EveryShipout Package (MS)
))
(/usr/share/texlive/texmf-dist/tex/generic/pgf/utilities/pgfrcs.code.tex
(/usr/share/texlive/texmf-dist/tex/generic/pgf/pgf.revision.tex)
Package: pgfrcs 2020/01/08 v3.1.5b (3.1.5b)
))
Package: pgf 2020/01/08 v3.1.5b (3.1.5b)

(/usr/share/texlive/texmf-dist/tex/latex/pgf/basiclayer/pgfcore.sty
(/usr/share/texlive/texmf-dist/tex/latex/pgf/systemlayer/pgfsys.sty
(/usr/share/texlive/texmf-dist/tex/generic/pgf/systemlayer/pgfsys.code.tex
Package: pgfsys 2020/01/08 v3.1.5b (3.1.5b)

(/usr/share/texlive/texmf-dist/tex/generic/pgf/utilities/pgfkeys.code.tex
\pgfkeys@pathtoks=\toks19
\pgfkeys@temptoks=\toks20

(/usr/share/texlive/texmf-dist/tex/generic/pgf/utilities/pgfkeysfiltered.code.t
ex
\pgfkeys@tmptoks=\toks21
))
\pgf@x=\dimen149
\pgf@y=\dimen150
\pgf@xa=\dimen151
\pgf@ya=\dimen152
\pgf@xb=\dimen153
\pgf@yb=\dimen154
\pgf@xc=\dimen155
\pgf@yc=\dimen156
\pgf@xd=\dimen157
\pgf@yd=\dimen158
\w@pgf@writea=\write3
\r@pgf@reada=\read2
\c@pgf@counta=\count181
\c@pgf@countb=\count182
\c@pgf@countc=\count183
\c@pgf@countd=\count184
\t@pgf@toka=\toks22
\t@pgf@tokb=\toks23
\t@pgf@tokc=\toks24
\pgf@sys@id@count=\count185
 (/usr/share/texlive/texmf-dist/tex/generic/pgf/systemlayer/pgf.cfg
File: pgf.cfg 2020/01/08 v3.1.5b (3.1.5b)
)
Driver file for pgf: pgfsys-pdftex.def

(/usr/share/texlive/texmf-dist/tex/generic/pgf/systemlayer/pgfsys-pdftex.def
File: pgfsys-pdftex.def 2020/01/08 v3.1.5b (3.1.5b)

(/usr/share/texlive/texmf-dist/tex/generic/pgf/systemlayer/pgfsys-common-pdf.de
f
File: pgfsys-common-pdf.def 2020/01/08 v3.1.5b (3.1.5b)
)))
(/usr/share/texlive/texmf-dist/tex/generic/pgf/systemlayer/pgfsyssoftpath.code.
tex
File: pgfsyssoftpath.code.tex 2020/01/08 v3.1.5b (3.1.5b)
\pgfsyssoftpath@smallbuffer@items=\count186
\pgfsyssoftpath@bigbuffer@items=\count187
)
(/usr/share/texlive/texmf-dist/tex/generic/pgf/systemlayer/pgfsysprotocol.code.
tex
File: pgfsysprotocol.code.tex 2020/01/08 v3.1.5b (3.1.5b)
))
(/usr/share/texlive/texmf-dist/tex/generic/pgf/basiclayer/pgfcore.code.tex
Package: pgfcore 2020/01/08 v3.1.5b (3.1.5b)

(/usr/share/texlive/texmf-dist/tex/generic/pgf/math/pgfmath.code.tex
(/usr/share/texlive/texmf-dist/tex/generic/pgf/math/pgfmathcalc.code.tex
(/usr/share/texlive/texmf-dist/tex/generic/pgf/math/pgfmathutil.code.tex)
(/usr/share/texlive/texmf-dist/tex/generic/pgf/math/pgfmathparser.code.tex
\pgfmath@dimen=\dimen159
\pgfmath@count=\count188
\pgfmath@box=\box48
\pgfmath@toks=\toks25
\pgfmath@stack@operand=\toks26
\pgfmath@stack@operation=\toks27
)
(/usr/share/texlive/texmf-dist/tex/generic/pgf/math/pgfmathfunctions.code.tex
(/usr/share/texlive/texmf-dist/tex/generic/pgf/math/pgfmathfunctions.basic.code
.tex)
(/usr/share/texlive/texmf-dist/tex/generic/pgf/math/pgfmathfunctions.trigonomet
ric.code.tex)
(/usr/share/texlive/texmf-dist/tex/generic/pgf/math/pgfmathfunctions.random.cod
e.tex)
(/usr/share/texlive/texmf-dist/tex/generic/pgf/math/pgfmathfunctions.comparison
.code.tex)
(/usr/share/texlive/texmf-dist/tex/generic/pgf/math/pgfmathfunctions.base.code.
tex)
(/usr/share/texlive/texmf-dist/tex/generic/pgf/math/pgfmathfunctions.round.code
.tex)
(/usr/share/texlive/texmf-dist/tex/generic/pgf/math/pgfmathfunctions.misc.code.
tex)
(/usr/share/texlive/texmf-dist/tex/generic/pgf/math/pgfmathfunctions.integerari
thmetics.code.tex)))
(/usr/share/texlive/texmf-dist/tex/generic/pgf/math/pgfmathfloat.code.tex
\c@pgfmathroundto@lastzeros=\count189
))
(/usr/share/texlive/texmf-dist/tex/generic/pgf/math/pgfint.code.tex)
(/usr/share/texlive/texmf-dist/tex/generic/pgf/basiclayer/pgfcorepoints.code.te
x
File: pgfcorepoints.code.tex 2020/01/08 v3.1.5b (3.1.5b)
\pgf@picminx=\dimen160
\pgf@picmaxx=\dimen161
\pgf@picminy=\dimen162
\pgf@picmaxy=\dimen163
\pgf@pathminx=\dimen164
\pgf@pathmaxx=\dimen165
\pgf@pathminy=\dimen166
\pgf@pathmaxy=\dimen167
\pgf@xx=\dimen168
\pgf@xy=\dimen169
\pgf@yx=\dimen170
\pgf@yy=\dimen171
\pgf@zx=\dimen172
\pgf@zy=\dimen173
)
(/usr/share/texlive/texmf-dist/tex/generic/pgf/basiclayer/pgfcorepathconstruct.
code.tex
File: pgfcorepathconstruct.code.tex 2020/01/08 v3.1.5b (3.1.5b)
\pgf@path@lastx=\dimen174
\pgf@path@lasty=\dimen175
)
(/usr/share/texlive/texmf-dist/tex/generic/pgf/basiclayer/pgfcorepathusage.code
.tex
File: pgfcorepathusage.code.tex 2020/01/08 v3.1.5b (3.1.5b)
\pgf@shorten@end@additional=\dimen176
\pgf@shorten@start@additional=\dimen177
)
(/usr/share/texlive/texmf-dist/tex/generic/pgf/basiclayer/pgfcorescopes.code.te
x
File: pgfcorescopes.code.tex 2020/01/08 v3.1.5b (3.1.5b)
\pgfpic=\box49
\pgf@hbox=\box50
\pgf@layerbox@main=\box51
\pgf@picture@serial@count=\count190
)
(/usr/share/texlive/texmf-dist/tex/generic/pgf/basiclayer/pgfcoregraphicstate.c
ode.tex
File: pgfcoregraphicstate.code.tex 2020/01/08 v3.1.5b (3.1.5b)
\pgflinewidth=\dimen178
)
(/usr/share/texlive/texmf-dist/tex/generic/pgf/basiclayer/pgfcoretransformation
s.code.tex
File: pgfcoretransformations.code.tex 2020/01/08 v3.1.5b (3.1.5b)
\pgf@pt@x=\dimen179
\pgf@pt@y=\dimen180
\pgf@pt@temp=\dimen181
)
(/usr/share/texlive/texmf-dist/tex/generic/pgf/basiclayer/pgfcorequick.code.tex
File: pgfcorequick.code.tex 2020/01/08 v3.1.5b (3.1.5b)
)
(/usr/share/texlive/texmf-dist/tex/generic/pgf/basiclayer/pgfcoreobjects.code.t
ex
File: pgfcoreobjects.code.tex 2020/01/08 v3.1.5b (3.1.5b)
)
(/usr/share/texlive/texmf-dist/tex/generic/pgf/basiclayer/pgfcorepathprocessing
.code.tex
File: pgfcorepathprocessing.code.tex 2020/01/08 v3.1.5b (3.1.5b)
)
(/usr/share/texlive/texmf-dist/tex/generic/pgf/basiclayer/pgfcorearrows.code.te
x
File: pgfcorearrows.code.tex 2020/01/08 v3.1.5b (3.1.5b)
\pgfarrowsep=\dimen182
)
(/usr/share/texlive/texmf-dist/tex/generic/pgf/basiclayer/pgfcoreshade.code.tex
File: pgfcoreshade.code.tex 2020/01/08 v3.1.5b (3.1.5b)
\pgf@max=\dimen183
\pgf@sys@shading@range@num=\count191
\pgf@shadingcount=\count192
)
(/usr/share/texlive/texmf-dist/tex/generic/pgf/basiclayer/pgfcoreimage.code.tex
File: pgfcoreimage.code.tex 2020/01/08 v3.1.5b (3.1.5b)

(/usr/share/texlive/texmf-dist/tex/generic/pgf/basiclayer/pgfcoreexternal.code.
tex
File: pgfcoreexternal.code.tex 2020/01/08 v3.1.5b (3.1.5b)
\pgfexternal@startupbox=\box52
))
(/usr/share/texlive/texmf-dist/tex/generic/pgf/basiclayer/pgfcorelayers.code.te
x
File: pgfcorelayers.code.tex 2020/01/08 v3.1.5b (3.1.5b)
)
(/usr/share/texlive/texmf-dist/tex/generic/pgf/basiclayer/pgfcoretransparency.c
ode.tex
File: pgfcoretransparency.code.tex 2020/01/08 v3.1.5b (3.1.5b)
)
(/usr/share/texlive/texmf-dist/tex/generic/pgf/basiclayer/pgfcorepatterns.code.
tex
File: pgfcorepatterns.code.tex 2020/01/08 v3.1.5b (3.1.5b)
)
(/usr/share/texlive/texmf-dist/tex/generic/pgf/basiclayer/pgfcorerdf.code.tex
File: pgfcorerdf.code.tex 2020/01/08 v3.1.5b (3.1.5b)
)))
(/usr/share/texlive/texmf-dist/tex/generic/pgf/modules/pgfmoduleshapes.code.tex
File: pgfmoduleshapes.code.tex 2020/01/08 v3.1.5b (3.1.5b)
\pgfnodeparttextbox=\box53
) (/usr/share/texlive/texmf-dist/tex/generic/pgf/modules/pgfmoduleplot.code.tex
File: pgfmoduleplot.code.tex 2020/01/08 v3.1.5b (3.1.5b)
)
(/usr/share/texlive/texmf-dist/tex/latex/pgf/compatibility/pgfcomp-version-0-65
.sty
Package: pgfcomp-version-0-65 2020/01/08 v3.1.5b (3.1.5b)
\pgf@nodesepstart=\dimen184
\pgf@nodesepend=\dimen185
)
(/usr/share/texlive/texmf-dist/tex/latex/pgf/compatibility/pgfcomp-version-1-18
.sty
Package: pgfcomp-version-1-18 2020/01/08 v3.1.5b (3.1.5b)
)) (/usr/share/texlive/texmf-dist/tex/latex/tools/verbatim.sty
Package: verbatim 2019/11/10 v1.5r LaTeX2e package for verbatim enhancements
\every@verbatim=\toks28
\verbatim@line=\toks29
\verbatim@in@stream=\read3
)
(/usr/share/texlive/texmf-dist/tex/latex/environ/environ.sty
Package: environ 2014/05/04 v0.3 A new way to define environments

(/usr/share/texlive/texmf-dist/tex/latex/trimspaces/trimspaces.sty
Package: trimspaces 2009/09/17 v1.1 Trim spaces around a token list
)
\@envbody=\toks30
)
\tcb@titlebox=\box54
\tcb@upperbox=\box55
\tcb@lowerbox=\box56
\tcb@phantombox=\box57
\c@tcbbreakpart=\count193
\c@tcblayer=\count194
\tcolorbox@number=\count195
\tcb@temp=\box58
\tcb@temp=\box59
\tcb@temp=\box60
\tcb@temp=\box61
\tcb@out=\write4
\tcb@record@out=\write5
)
(/usr/share/texlive/texmf-dist/tex/latex/tcolorbox/tcbskins.code.tex
Library (tcolorbox): 'tcbskins.code.tex' version '4.22'
(/usr/share/texlive/texmf-dist/tex/latex/pgf/frontendlayer/tikz.sty
(/usr/share/texlive/texmf-dist/tex/latex/pgf/utilities/pgffor.sty
(/usr/share/texlive/texmf-dist/tex/latex/pgf/utilities/pgfkeys.sty
(/usr/share/texlive/texmf-dist/tex/generic/pgf/utilities/pgfkeys.code.tex))
(/usr/share/texlive/texmf-dist/tex/latex/pgf/math/pgfmath.sty
(/usr/share/texlive/texmf-dist/tex/generic/pgf/math/pgfmath.code.tex))
(/usr/share/texlive/texmf-dist/tex/generic/pgf/utilities/pgffor.code.tex
Package: pgffor 2020/01/08 v3.1.5b (3.1.5b)

(/usr/share/texlive/texmf-dist/tex/generic/pgf/math/pgfmath.code.tex)
\pgffor@iter=\dimen186
\pgffor@skip=\dimen187
\pgffor@stack=\toks31
\pgffor@toks=\toks32
))
(/usr/share/texlive/texmf-dist/tex/generic/pgf/frontendlayer/tikz/tikz.code.tex
Package: tikz 2020/01/08 v3.1.5b (3.1.5b)

(/usr/share/texlive/texmf-dist/tex/generic/pgf/libraries/pgflibraryplothandlers
.code.tex
File: pgflibraryplothandlers.code.tex 2020/01/08 v3.1.5b (3.1.5b)
\pgf@plot@mark@count=\count196
\pgfplotmarksize=\dimen188
)
\tikz@lastx=\dimen189
\tikz@lasty=\dimen190
\tikz@lastxsaved=\dimen191
\tikz@lastysaved=\dimen192
\tikz@lastmovetox=\dimen193
\tikz@lastmovetoy=\dimen194
\tikzleveldistance=\dimen195
\tikzsiblingdistance=\dimen196
\tikz@figbox=\box62
\tikz@figbox@bg=\box63
\tikz@tempbox=\box64
\tikz@tempbox@bg=\box65
\tikztreelevel=\count197
\tikznumberofchildren=\count198
\tikznumberofcurrentchild=\count199
\tikz@fig@count=\count266

(/usr/share/texlive/texmf-dist/tex/generic/pgf/modules/pgfmodulematrix.code.tex
File: pgfmodulematrix.code.tex 2020/01/08 v3.1.5b (3.1.5b)
\pgfmatrixcurrentrow=\count267
\pgfmatrixcurrentcolumn=\count268
\pgf@matrix@numberofcolumns=\count269
)
\tikz@expandcount=\count270

(/usr/share/texlive/texmf-dist/tex/generic/pgf/frontendlayer/tikz/libraries/tik
zlibrarytopaths.code.tex
File: tikzlibrarytopaths.code.tex 2020/01/08 v3.1.5b (3.1.5b)
)))
\tcb@waterbox=\box66

(/usr/share/texlive/texmf-dist/tex/latex/tcolorbox/tcbskinsjigsaw.code.tex
Library (tcolorbox): 'tcbskinsjigsaw.code.tex' version '4.22'
)) (/usr/share/texlive/texmf-dist/tex/latex/tcolorbox/tcbbreakable.code.tex
Library (tcolorbox): 'tcbbreakable.code.tex' version '4.22'
\tcb@testbox=\box67
\tcb@totalupperbox=\box68
\tcb@totallowerbox=\box69
) (/usr/share/texlive/texmf-dist/tex/latex/tcolorbox/tcbraster.code.tex
Library (tcolorbox): 'tcbraster.code.tex' version '4.22'
\c@tcbrastercolumn=\count271
\c@tcbrasterrow=\count272
\c@tcbraster=\count273
) (/usr/share/texlive/texmf-dist/tex/latex/tcolorbox/tcbxparse.code.tex
Library (tcolorbox): 'tcbxparse.code.tex' version '4.22'
(/usr/share/texlive/texmf-dist/tex/latex/l3packages/xparse/xparse.sty
(/usr/share/texlive/texmf-dist/tex/latex/l3kernel/expl3.sty
Package: expl3 2020-02-14 L3 programming layer (loader) 

(/usr/share/texlive/texmf-dist/tex/latex/l3backend/l3backend-pdfmode.def
File: l3backend-pdfmode.def 2020-02-03 L3 backend support: PDF mode
\l__kernel_color_stack_int=\count274
\l__pdf_internal_box=\box70
))
Package: xparse 2020-02-14 L3 Experimental document command parser
\l__xparse_current_arg_int=\count275
\g__xparse_grabber_int=\count276
\l__xparse_m_args_int=\count277
\l__xparse_v_nesting_int=\count278
))
(/usr/share/texlive/texmf-dist/tex/generic/pgf/frontendlayer/tikz/libraries/tik
zlibrarycalc.code.tex
File: tikzlibrarycalc.code.tex 2020/01/08 v3.1.5b (3.1.5b)
)
(/usr/share/texlive/texmf-dist/tex/generic/xstring/xstring.sty
(/usr/share/texlive/texmf-dist/tex/generic/xstring/xstring.tex
\integerpart=\count279
\decimalpart=\count280
)
Package: xstring 2019/02/06 v1.83 String manipulations (CT)
)
(/usr/share/texlive/texmf-dist/tex/latex/base/inputenc.sty
Package: inputenc 2018/08/11 v1.3c Input encoding file
\inpenc@prehook=\toks33
\inpenc@posthook=\toks34
)
(/usr/share/texmf/tex/latex/lm/lmodern.sty
Package: lmodern 2009/10/30 v1.6 Latin Modern Fonts
LaTeX Font Info:    Overwriting symbol font `operators' in version `normal'
(Font)                  OT1/cmr/m/n --> OT1/lmr/m/n on input line 22.
LaTeX Font Info:    Overwriting symbol font `letters' in version `normal'
(Font)                  OML/cmm/m/it --> OML/lmm/m/it on input line 23.
LaTeX Font Info:    Overwriting symbol font `symbols' in version `normal'
(Font)                  OMS/cmsy/m/n --> OMS/lmsy/m/n on input line 24.
LaTeX Font Info:    Overwriting symbol font `largesymbols' in version `normal'
(Font)                  OMX/cmex/m/n --> OMX/lmex/m/n on input line 25.
LaTeX Font Info:    Overwriting symbol font `operators' in version `bold'
(Font)                  OT1/cmr/bx/n --> OT1/lmr/bx/n on input line 26.
LaTeX Font Info:    Overwriting symbol font `letters' in version `bold'
(Font)                  OML/cmm/b/it --> OML/lmm/b/it on input line 27.
LaTeX Font Info:    Overwriting symbol font `symbols' in version `bold'
(Font)                  OMS/cmsy/b/n --> OMS/lmsy/b/n on input line 28.
LaTeX Font Info:    Overwriting symbol font `largesymbols' in version `bold'
(Font)                  OMX/cmex/m/n --> OMX/lmex/m/n on input line 29.
LaTeX Font Info:    Overwriting math alphabet `\mathbf' in version `normal'
(Font)                  OT1/cmr/bx/n --> OT1/lmr/bx/n on input line 31.
LaTeX Font Info:    Overwriting math alphabet `\mathsf' in version `normal'
(Font)                  OT1/cmss/m/n --> OT1/lmss/m/n on input line 32.
LaTeX Font Info:    Overwriting math alphabet `\mathit' in version `normal'
(Font)                  OT1/cmr/m/it --> OT1/lmr/m/it on input line 33.
LaTeX Font Info:    Overwriting math alphabet `\mathtt' in version `normal'
(Font)                  OT1/cmtt/m/n --> OT1/lmtt/m/n on input line 34.
LaTeX Font Info:    Overwriting math alphabet `\mathbf' in version `bold'
(Font)                  OT1/cmr/bx/n --> OT1/lmr/bx/n on input line 35.
LaTeX Font Info:    Overwriting math alphabet `\mathsf' in version `bold'
(Font)                  OT1/cmss/bx/n --> OT1/lmss/bx/n on input line 36.
LaTeX Font Info:    Overwriting math alphabet `\mathit' in version `bold'
(Font)                  OT1/cmr/bx/it --> OT1/lmr/bx/it on input line 37.
LaTeX Font Info:    Overwriting math alphabet `\mathtt' in version `bold'
(Font)                  OT1/cmtt/m/n --> OT1/lmtt/m/n on input line 38.
)
(/usr/share/texlive/texmf-dist/tex/latex/base/fontenc.sty
Package: fontenc 2020/02/11 v2.0o Standard LaTeX package
LaTeX Font Info:    Trying to load font information for T1+lmr on input line 11
2.

(/usr/share/texmf/tex/latex/lm/t1lmr.fd
File: t1lmr.fd 2009/10/30 v1.6 Font defs for Latin Modern
))
(/usr/share/texlive/texmf-dist/tex/latex/microtype/microtype.sty
Package: microtype 2019/11/18 v2.7d Micro-typographical refinements (RS)
\MT@toks=\toks35
\MT@count=\count281
LaTeX Info: Redefining \textls on input line 790.
\MT@outer@kern=\dimen197
LaTeX Info: Redefining \textmicrotypecontext on input line 1354.
\MT@listname@count=\count282

(/usr/share/texlive/texmf-dist/tex/latex/microtype/microtype-pdftex.def
File: microtype-pdftex.def 2019/11/18 v2.7d Definitions specific to pdftex (RS)

LaTeX Info: Redefining \lsstyle on input line 914.
LaTeX Info: Redefining \lslig on input line 914.
\MT@outer@space=\skip52
)
Package microtype Info: Loading configuration file microtype.cfg.

(/usr/share/texlive/texmf-dist/tex/latex/microtype/microtype.cfg
File: microtype.cfg 2019/11/18 v2.7d microtype main configuration file (RS)
))
(/usr/share/texlive/texmf-dist/tex/latex/amsmath/amsmath.sty
Package: amsmath 2020/01/20 v2.17e AMS math features
\@mathmargin=\skip53

For additional information on amsmath, use the `?' option.
(/usr/share/texlive/texmf-dist/tex/latex/amsmath/amstext.sty
Package: amstext 2000/06/29 v2.01 AMS text

(/usr/share/texlive/texmf-dist/tex/latex/amsmath/amsgen.sty
File: amsgen.sty 1999/11/30 v2.0 generic functions
\@emptytoks=\toks36
\ex@=\dimen198
))
(/usr/share/texlive/texmf-dist/tex/latex/amsmath/amsbsy.sty
Package: amsbsy 1999/11/29 v1.2d Bold Symbols
\pmbraise@=\dimen199
)
(/usr/share/texlive/texmf-dist/tex/latex/amsmath/amsopn.sty
Package: amsopn 2016/03/08 v2.02 operator names
)
\inf@bad=\count283
LaTeX Info: Redefining \frac on input line 227.
\uproot@=\count284
\leftroot@=\count285
LaTeX Info: Redefining \overline on input line 389.
\classnum@=\count286
\DOTSCASE@=\count287
LaTeX Info: Redefining \ldots on input line 486.
LaTeX Info: Redefining \dots on input line 489.
LaTeX Info: Redefining \cdots on input line 610.
\Mathstrutbox@=\box71
\strutbox@=\box72
\big@size=\dimen256
LaTeX Font Info:    Redeclaring font encoding OML on input line 733.
LaTeX Font Info:    Redeclaring font encoding OMS on input line 734.
\macc@depth=\count288
\c@MaxMatrixCols=\count289
\dotsspace@=\muskip16
\c@parentequation=\count290
\dspbrk@lvl=\count291
\tag@help=\toks37
\row@=\count292
\column@=\count293
\maxfields@=\count294
\andhelp@=\toks38
\eqnshift@=\dimen257
\alignsep@=\dimen258
\tagshift@=\dimen259
\tagwidth@=\dimen260
\totwidth@=\dimen261
\lineht@=\dimen262
\@envbody=\toks39
\multlinegap=\skip54
\multlinetaggap=\skip55
\mathdisplay@stack=\toks40
LaTeX Info: Redefining \[ on input line 2859.
LaTeX Info: Redefining \] on input line 2860.
)
(/usr/share/texlive/texmf-dist/tex/latex/amsmath/amscd.sty
Package: amscd 2017/04/14 v2.1 AMS Commutative Diagrams
\athelp@=\toks41
\minaw@=\dimen263
\bigaw@=\dimen264
\minCDarrowwidth=\dimen265
)
(/usr/share/texlive/texmf-dist/tex/latex/amsfonts/amssymb.sty
Package: amssymb 2013/01/14 v3.01 AMS font symbols

(/usr/share/texlive/texmf-dist/tex/latex/amsfonts/amsfonts.sty
Package: amsfonts 2013/01/14 v3.01 Basic AMSFonts support
\symAMSa=\mathgroup4
\symAMSb=\mathgroup5
LaTeX Font Info:    Redeclaring math symbol \hbar on input line 98.
LaTeX Font Info:    Overwriting math alphabet `\mathfrak' in version `bold'
(Font)                  U/euf/m/n --> U/euf/b/n on input line 106.
))
(/usr/share/texlive/texmf-dist/tex/latex/titlesec/titlesec.sty
Package: titlesec 2019/10/16 v2.13 Sectioning titles
\ttl@box=\box73
\beforetitleunit=\skip56
\aftertitleunit=\skip57
\ttl@plus=\dimen266
\ttl@minus=\dimen267
\ttl@toksa=\toks42
\titlewidth=\dimen268
\titlewidthlast=\dimen269
\titlewidthfirst=\dimen270

(/usr/share/texlive/texmf-dist/tex/latex/titlesec/titleps.sty))
(/usr/share/texlive/texmf-dist/tex/latex/titlesec/titletoc.sty
Package: titletoc 2019/10/16 v2.13 TOC entries
\ttl@leftsep=\dimen271
)
(/usr/share/texlive/texmf-dist/tex/latex/qrcode/qrcode.sty
Package: qrcode 2015/01/08 v1.51 QR code generation

(/usr/share/texlive/texmf-dist/tex/latex/xkeyval/xkeyval.sty
Package: xkeyval 2014/12/03 v2.7a package option processing (HA)

(/usr/share/texlive/texmf-dist/tex/generic/xkeyval/xkeyval.tex
(/usr/share/texlive/texmf-dist/tex/generic/xkeyval/xkvutils.tex
\XKV@toks=\toks43
\XKV@tempa@toks=\toks44
)
\XKV@depth=\count295
File: xkeyval.tex 2014/12/03 v2.7a key=value parser (HA)
))
\c@qr@i=\count296
\c@qr@j=\count297
\qr@a=\count298
\qr@b=\count299
\qr@c=\count300
\qr@for@depth=\count301
\qr@for@maxdepth=\count302
\qr@for@start=\count303
\qr@for@end=\count304
\qr@for@step=\count305
\qr@newforcount=\count306
\qr@newforcount=\count307
\qr@desiredheight=\skip58
\qr@modulesize=\skip59
\qr@minipagewidth=\skip60
\c@maski=\count308
\c@maskj=\count309
\c@totalones=\count310
\c@penaltyi=\count311
\c@penaltyii=\count312
\c@penaltyiii=\count313
\c@penaltyiv=\count314
\c@qr@hexchars=\count315
\qr@newforcount=\count316
\c@qr@divisionsremaining=\count317
)
\qrsize=\skip61
\previewwidth=\skip62

(/usr/share/texlive/texmf-dist/tex/latex/enumitem/enumitem.sty
Package: enumitem 2019/06/20 v3.9 Customized lists
\labelindent=\skip63
\enit@outerparindent=\dimen272
\enit@toks=\toks45
\enit@inbox=\box74
\enit@count@id=\count318
\enitdp@description=\count319
)
\enitdp@referencelist=\count320
\dlititlewidth=\skip64
\dlimaxnarrowtitle=\skip65
\dlimaxmediumtitle=\skip66

(/usr/share/texlive/texmf-dist/tex/latex/imakeidx/imakeidx.sty
Package: imakeidx 2016/10/15 v1.3e Package for typesetting indices in a synchro
nous mode

(/usr/share/texlive/texmf-dist/tex/latex/tools/multicol.sty
Package: multicol 2019/12/09 v1.8y multicolumn formatting (FMi)
\c@tracingmulticols=\count321
\mult@box=\box75
\multicol@leftmargin=\dimen273
\c@unbalance=\count322
\c@collectmore=\count323
\doublecol@number=\count324
\multicoltolerance=\count325
\multicolpretolerance=\count326
\full@width=\dimen274
\page@free=\dimen275
\premulticols=\dimen276
\postmulticols=\dimen277
\multicolsep=\skip67
\multicolbaselineskip=\skip68
\partial@page=\box76
\last@line=\box77
\maxbalancingoverflow=\dimen278
\mult@rightbox=\box78
\mult@grightbox=\box79
\mult@gfirstbox=\box80
\mult@firstbox=\box81
\@tempa=\box82
\@tempa=\box83
\@tempa=\box84
\@tempa=\box85
\@tempa=\box86
\@tempa=\box87
\@tempa=\box88
\@tempa=\box89
\@tempa=\box90
\@tempa=\box91
\@tempa=\box92
\@tempa=\box93
\@tempa=\box94
\@tempa=\box95
\@tempa=\box96
\@tempa=\box97
\@tempa=\box98
\@tempa=\box99
\@tempa=\box100
\@tempa=\box101
\@tempa=\box102
\@tempa=\box103
\@tempa=\box104
\@tempa=\box105
\@tempa=\box106
\@tempa=\box107
\@tempa=\box108
\@tempa=\box109
\@tempa=\box110
\@tempa=\box111
\@tempa=\box112
\@tempa=\box113
\@tempa=\box114
\@tempa=\box115
\@tempa=\box116
\@tempa=\box117
\@tempa=\box118
\c@minrows=\count327
\c@columnbadness=\count328
\c@finalcolumnbadness=\count329
\last@try=\dimen279
\multicolovershoot=\dimen280
\multicolundershoot=\dimen281
\mult@nat@firstbox=\box119
\colbreak@box=\box120
\mc@col@check@num=\count330
))
\ASORA@idxfile=\write6
\openout6 = `ASORA.idx'.


Writing index file ASORA.idx
(/usr/share/texlive/texmf-dist/tex/latex/hyperref/hyperref.sty
Package: hyperref 2020/01/14 v7.00d Hypertext links for LaTeX

(/usr/share/texlive/texmf-dist/tex/generic/ltxcmds/ltxcmds.sty
Package: ltxcmds 2019/12/15 v1.24 LaTeX kernel commands for general use (HO)
)
(/usr/share/texlive/texmf-dist/tex/latex/pdftexcmds/pdftexcmds.sty
Package: pdftexcmds 2019/11/24 v0.31 Utility functions of pdfTeX for LuaTeX (HO
)

(/usr/share/texlive/texmf-dist/tex/generic/infwarerr/infwarerr.sty
Package: infwarerr 2019/12/03 v1.5 Providing info/warning/error messages (HO)
)
Package pdftexcmds Info: \pdf@primitive is available.
Package pdftexcmds Info: \pdf@ifprimitive is available.
Package pdftexcmds Info: \pdfdraftmode found.
)
(/usr/share/texlive/texmf-dist/tex/generic/kvsetkeys/kvsetkeys.sty
Package: kvsetkeys 2019/12/15 v1.18 Key value parser (HO)
)
(/usr/share/texlive/texmf-dist/tex/generic/kvdefinekeys/kvdefinekeys.sty
Package: kvdefinekeys 2019-12-19 v1.6 Define keys (HO)
)
(/usr/share/texlive/texmf-dist/tex/generic/pdfescape/pdfescape.sty
Package: pdfescape 2019/12/09 v1.15 Implements pdfTeX's escape features (HO)
)
(/usr/share/texlive/texmf-dist/tex/latex/hycolor/hycolor.sty
Package: hycolor 2020-01-27 v1.10 Color options for hyperref/bookmark (HO)
)
(/usr/share/texlive/texmf-dist/tex/latex/letltxmacro/letltxmacro.sty
Package: letltxmacro 2019/12/03 v1.6 Let assignment for LaTeX macros (HO)
)
(/usr/share/texlive/texmf-dist/tex/latex/auxhook/auxhook.sty
Package: auxhook 2019-12-17 v1.6 Hooks for auxiliary files (HO)
)
(/usr/share/texlive/texmf-dist/tex/latex/kvoptions/kvoptions.sty
Package: kvoptions 2019/11/29 v3.13 Key value format for package options (HO)
)
\@linkdim=\dimen282
\Hy@linkcounter=\count331
\Hy@pagecounter=\count332

(/usr/share/texlive/texmf-dist/tex/latex/hyperref/pd1enc.def
File: pd1enc.def 2020/01/14 v7.00d Hyperref: PDFDocEncoding definition (HO)
Now handling font encoding PD1 ...
... no UTF-8 mapping file for font encoding PD1
)
(/usr/share/texlive/texmf-dist/tex/generic/intcalc/intcalc.sty
Package: intcalc 2019/12/15 v1.3 Expandable calculations with integers (HO)
)
(/usr/share/texlive/texmf-dist/tex/generic/etexcmds/etexcmds.sty
Package: etexcmds 2019/12/15 v1.7 Avoid name clashes with e-TeX commands (HO)
)
\Hy@SavedSpaceFactor=\count333
\pdfmajorversion=\count334
Package hyperref Info: Option `hyperfootnotes' set `false' on input line 4421.
Package hyperref Info: Hyper figures OFF on input line 4547.
Package hyperref Info: Link nesting OFF on input line 4552.
Package hyperref Info: Hyper index ON on input line 4555.
Package hyperref Info: Plain pages OFF on input line 4562.
Package hyperref Info: Backreferencing OFF on input line 4567.
Package hyperref Info: Implicit mode ON; LaTeX internals redefined.
Package hyperref Info: Bookmarks ON on input line 4800.
\c@Hy@tempcnt=\count335

(/home/ecb5/texmf/tex/latex/url/url.sty
\Urlmuskip=\muskip17
Package: url 2013/09/16  ver 3.4  Verb mode for urls, etc.
)
LaTeX Info: Redefining \url on input line 5159.
\XeTeXLinkMargin=\dimen283

(/usr/share/texlive/texmf-dist/tex/generic/bitset/bitset.sty
Package: bitset 2019/12/09 v1.3 Handle bit-vector datatype (HO)

(/usr/share/texlive/texmf-dist/tex/generic/bigintcalc/bigintcalc.sty
Package: bigintcalc 2019/12/15 v1.5 Expandable calculations on big integers (HO
)
))
\Fld@menulength=\count336
\Field@Width=\dimen284
\Fld@charsize=\dimen285
Package hyperref Info: Hyper figures OFF on input line 6430.
Package hyperref Info: Link nesting OFF on input line 6435.
Package hyperref Info: Hyper index ON on input line 6438.
Package hyperref Info: backreferencing OFF on input line 6445.
Package hyperref Info: Link coloring OFF on input line 6450.
Package hyperref Info: Link coloring with OCG OFF on input line 6455.
Package hyperref Info: PDF/A mode OFF on input line 6460.
LaTeX Info: Redefining \ref on input line 6500.
LaTeX Info: Redefining \pageref on input line 6504.

(/usr/share/texlive/texmf-dist/tex/generic/atbegshi/atbegshi.sty
Package: atbegshi 2019/12/05 v1.19 At begin shipout hook (HO)
)
\Hy@abspage=\count337
\c@Item=\count338
)
Package hyperref Info: Driver (autodetected): hpdftex.

(/usr/share/texlive/texmf-dist/tex/latex/hyperref/hpdftex.def
File: hpdftex.def 2020/01/14 v7.00d Hyperref driver for pdfTeX

(/usr/share/texlive/texmf-dist/tex/latex/atveryend/atveryend.sty
Package: atveryend 2019-12-11 v1.11 Hooks at the very end of document (HO)
)
\Fld@listcount=\count339
\c@bookmark@seq@number=\count340

(/usr/share/texlive/texmf-dist/tex/latex/rerunfilecheck/rerunfilecheck.sty
Package: rerunfilecheck 2019/12/05 v1.9 Rerun checks for auxiliary files (HO)

(/usr/share/texlive/texmf-dist/tex/generic/uniquecounter/uniquecounter.sty
Package: uniquecounter 2019/12/15 v1.4 Provide unlimited unique counter (HO)
)
Package uniquecounter Info: New unique counter `rerunfilecheck' on input line 2
86.
)
\Hy@SectionHShift=\skip69
)
Package hyperref Info: Option `colorlinks' set `true' on input line 510.
\c@tcb@cnt@block=\count341
\c@tcb@cnt@project-distinct=\count342
\c@tcb@cnt@subdisplay=\count343

(/usr/share/texlive/texmf-dist/tex/latex/extpfeil/extpfeil.sty
Package: extpfeil 2009/10/31 v0.4 Extensible Pfeile (PE)

(/usr/share/texlive/texmf-dist/tex/latex/mathtools/mathtools.sty
Package: mathtools 2020/01/17 v1.23 mathematical typesetting tools

(/usr/share/texlive/texmf-dist/tex/latex/tools/calc.sty
Package: calc 2017/05/25 v4.3 Infix arithmetic (KKT,FJ)
\calc@Acount=\count344
\calc@Bcount=\count345
\calc@Adimen=\dimen286
\calc@Bdimen=\dimen287
\calc@Askip=\skip70
\calc@Bskip=\skip71
LaTeX Info: Redefining \setlength on input line 80.
LaTeX Info: Redefining \addtolength on input line 81.
\calc@Ccount=\count346
\calc@Cskip=\skip72
)
(/usr/share/texlive/texmf-dist/tex/latex/mathtools/mhsetup.sty
Package: mhsetup 2017/03/31 v1.3 programming setup (MH)
)
LaTeX Info: Thecontrolsequence`\('isalreadyrobust on input line 129.
LaTeX Info: Thecontrolsequence`\)'isalreadyrobust on input line 129.
LaTeX Info: Thecontrolsequence`\['isalreadyrobust on input line 129.
LaTeX Info: Thecontrolsequence`\]'isalreadyrobust on input line 129.
\g_MT_multlinerow_int=\count347
\l_MT_multwidth_dim=\dimen288
\origjot=\skip73
\l_MT_shortvdotswithinadjustabove_dim=\dimen289
\l_MT_shortvdotswithinadjustbelow_dim=\dimen290
\l_MT_above_intertext_sep=\dimen291
\l_MT_below_intertext_sep=\dimen292
\l_MT_above_shortintertext_sep=\dimen293
\l_MT_below_shortintertext_sep=\dimen294
)
(/usr/share/texlive/texmf-dist/tex/latex/stmaryrd/stmaryrd.sty
Package: stmaryrd 1994/03/03 St Mary's Road symbol package
\symstmry=\mathgroup6
LaTeX Font Info:    Overwriting symbol font `stmry' in version `bold'
(Font)                  U/stmry/m/n --> U/stmry/b/n on input line 89.
)) (./ASORA.aux)
\openout1 = `ASORA.aux'.

LaTeX Font Info:    Checking defaults for OML/cmm/m/it on input line 663.
LaTeX Font Info:    ... okay on input line 663.
LaTeX Font Info:    Checking defaults for OMS/cmsy/m/n on input line 663.
LaTeX Font Info:    ... okay on input line 663.
LaTeX Font Info:    Checking defaults for OT1/cmr/m/n on input line 663.
LaTeX Font Info:    ... okay on input line 663.
LaTeX Font Info:    Checking defaults for T1/cmr/m/n on input line 663.
LaTeX Font Info:    ... okay on input line 663.
LaTeX Font Info:    Checking defaults for TS1/cmr/m/n on input line 663.
LaTeX Font Info:    ... okay on input line 663.
LaTeX Font Info:    Checking defaults for OMX/cmex/m/n on input line 663.
LaTeX Font Info:    ... okay on input line 663.
LaTeX Font Info:    Checking defaults for U/cmr/m/n on input line 663.
LaTeX Font Info:    ... okay on input line 663.
LaTeX Font Info:    Checking defaults for PD1/pdf/m/n on input line 663.
LaTeX Font Info:    ... okay on input line 663.

*geometry* driver: auto-detecting
*geometry* detected driver: pdftex
*geometry* verbose mode - [ preamble ] result:
* driver: pdftex
* paper: letterpaper
* layout: <same size as paper>
* layoutoffset:(h,v)=(0.0pt,0.0pt)
* modes: 
* h-part:(L,W,R)=(137.14749pt, 340.0pt, 137.1475pt)
* v-part:(T,H,B)=(57.81598pt, 650.43pt, 86.72401pt)
* \paperwidth=614.295pt
* \paperheight=794.96999pt
* \textwidth=340.0pt
* \textheight=650.43pt
* \oddsidemargin=64.8775pt
* \evensidemargin=64.8775pt
* \topmargin=-44.5215pt
* \headheight=12.0pt
* \headsep=18.06749pt
* \topskip=10.0pt
* \footskip=25.29494pt
* \marginparwidth=69.0pt
* \marginparsep=7.0pt
* \columnsep=10.0pt
* \skip\footins=9.0pt plus 4.0pt minus 2.0pt
* \hoffset=0.0pt
* \voffset=0.0pt
* \mag=1000
* \@twocolumnfalse
* \@twosidefalse
* \@mparswitchfalse
* \@reversemarginfalse
* (1in=72.27pt=25.4mm, 1cm=28.453pt)

(/usr/share/texlive/texmf-dist/tex/context/base/mkii/supp-pdf.mkii
[Loading MPS to PDF converter (version 2006.09.02).]
\scratchcounter=\count348
\scratchdimen=\dimen295
\scratchbox=\box121
\nofMPsegments=\count349
\nofMParguments=\count350
\everyMPshowfont=\toks46
\MPscratchCnt=\count351
\MPscratchDim=\dimen296
\MPnumerator=\count352
\makeMPintoPDFobject=\count353
\everyMPtoPDFconversion=\toks47
) (/usr/share/texlive/texmf-dist/tex/latex/epstopdf-pkg/epstopdf-base.sty
Package: epstopdf-base 2020-01-24 v2.11 Base part for package epstopdf
Package epstopdf-base Info: Redefining graphics rule for `.eps' on input line 4
85.

(/usr/share/texlive/texmf-dist/tex/latex/latexconfig/epstopdf-sys.cfg
File: epstopdf-sys.cfg 2010/07/13 v1.3 Configuration of (r)epstopdf for TeX Liv
e
))
ABD: EveryShipout initializing macros
LaTeX Info: Redefining \microtypecontext on input line 663.
Package microtype Info: Generating PDF output.
Package microtype Info: Character protrusion enabled (level 2).
Package microtype Info: Using default protrusion set `alltext'.
Package microtype Info: Automatic font expansion enabled (level 2),
(microtype)             stretch: 20, shrink: 20, step: 1, non-selected.
Package microtype Info: Using default expansion set `basictext'.
LaTeX Info: Redefining \showhyphens on input line 663.
Package microtype Info: No adjustment of tracking.
Package microtype Info: No adjustment of interword spacing.
Package microtype Info: No adjustment of character kerning.

(/usr/share/texlive/texmf-dist/tex/latex/microtype/mt-cmr.cfg
File: mt-cmr.cfg 2013/05/19 v2.2 microtype config. file: Computer Modern Roman 
(RS)
)
\AtBeginShipoutBox=\box122
Package hyperref Info: Link coloring ON on input line 663.

(/usr/share/texlive/texmf-dist/tex/latex/hyperref/nameref.sty
Package: nameref 2019/09/16 v2.46 Cross-referencing by name of section

(/usr/share/texlive/texmf-dist/tex/latex/refcount/refcount.sty
Package: refcount 2019/12/15 v3.6 Data extraction from label references (HO)
)
(/usr/share/texlive/texmf-dist/tex/generic/gettitlestring/gettitlestring.sty
Package: gettitlestring 2019/12/15 v1.6 Cleanup title references (HO)
)
\c@section@level=\count354
)
LaTeX Info: Redefining \ref on input line 663.
LaTeX Info: Redefining \pageref on input line 663.
LaTeX Info: Redefining \nameref on input line 663.

(./ASORA.out) (./ASORA.out)
\@outlinefile=\write7
\openout7 = `ASORA.out'.

 [1


{/var/lib/texmf/fonts/map/pdftex/updmap/pdftex.map}] [2

]
LaTeX Font Info:    Trying to load font information for TS1+lmr on input line 6
94.
 (/usr/share/texmf/tex/latex/lm/ts1lmr.fd
File: ts1lmr.fd 2009/10/30 v1.6 Font defs for Latin Modern
)
LaTeX Font Info:    Trying to load font information for OT1+lmr on input line 6
95.

(/usr/share/texmf/tex/latex/lm/ot1lmr.fd
File: ot1lmr.fd 2009/10/30 v1.6 Font defs for Latin Modern
)
LaTeX Font Info:    Trying to load font information for OML+lmm on input line 6
95.

(/usr/share/texmf/tex/latex/lm/omllmm.fd
File: omllmm.fd 2009/10/30 v1.6 Font defs for Latin Modern
)
LaTeX Font Info:    Trying to load font information for OMS+lmsy on input line 
695.

(/usr/share/texmf/tex/latex/lm/omslmsy.fd
File: omslmsy.fd 2009/10/30 v1.6 Font defs for Latin Modern
)
LaTeX Font Info:    Trying to load font information for OMX+lmex on input line 
695.

(/usr/share/texmf/tex/latex/lm/omxlmex.fd
File: omxlmex.fd 2009/10/30 v1.6 Font defs for Latin Modern
)
LaTeX Font Info:    External font `lmex10' loaded for size
(Font)              <10> on input line 695.
LaTeX Font Info:    External font `lmex10' loaded for size
(Font)              <7> on input line 695.
LaTeX Font Info:    External font `lmex10' loaded for size
(Font)              <5> on input line 695.
LaTeX Font Info:    Trying to load font information for U+msa on input line 695
.

(/usr/share/texlive/texmf-dist/tex/latex/amsfonts/umsa.fd
File: umsa.fd 2013/01/14 v3.01 AMS symbols A
)
(/usr/share/texlive/texmf-dist/tex/latex/microtype/mt-msa.cfg
File: mt-msa.cfg 2006/02/04 v1.1 microtype config. file: AMS symbols (a) (RS)
)
LaTeX Font Info:    Trying to load font information for U+msb on input line 695
.

(/usr/share/texlive/texmf-dist/tex/latex/amsfonts/umsb.fd
File: umsb.fd 2013/01/14 v3.01 AMS symbols B
)
(/usr/share/texlive/texmf-dist/tex/latex/microtype/mt-msb.cfg
File: mt-msb.cfg 2005/06/01 v1.0 microtype config. file: AMS symbols (b) (RS)
)
LaTeX Font Info:    Trying to load font information for U+stmry on input line 6
95.

(/usr/share/texlive/texmf-dist/tex/latex/stmaryrd/Ustmry.fd)
LaTeX Font Info:    External font `lmex10' loaded for size
(Font)              <8> on input line 695.
LaTeX Font Info:    External font `lmex10' loaded for size
(Font)              <6> on input line 695.
LaTeX Font Info:    Trying to load font information for T1+lmtt on input line 6
95.

(/usr/share/texmf/tex/latex/lm/t1lmtt.fd
File: t1lmtt.fd 2009/10/30 v1.6 Font defs for Latin Modern
)
Package microtype Info: Loading generic protrusion settings for font family
(microtype)             `lmtt' (encoding: T1).
(microtype)             For optimal results, create family-specific settings.
(microtype)             See the microtype manual for details.
LaTeX Font Info:    External font `lmex10' loaded for size
(Font)              <9> on input line 695.
 [3

]
************************************************
Acknowledgements Acknowledgements
************************************************
[4


] (./ASORA.toc
LaTeX Font Info:    External font `lmex10' loaded for size
(Font)              <12> on input line 9.
 [5

])
\tf@toc=\write8
\openout8 = `ASORA.toc'.

 [6]
************************************************
Chapter 1 To the Instructor
************************************************
Chapter 1.
[1


]
************************************************
Chapter 2 Prologue: Three Lessons Before We Begin
************************************************
[2]
Chapter 2.

Overfull \hbox (1.30684pt too wide) in paragraph at lines 769--769
|\T1/lmr/bx/n/24.88 Prologue: Three Lessons Be-
 []

************************************************
Section 2.1 Lesson One
************************************************
[3

]
************************************************
Section 2.2 Lesson Two
************************************************
[4]
<images/Tartaglia.png, id=226, 254.45062pt x 327.47343pt>
File: images/Tartaglia.png Graphic file (type png)
<use images/Tartaglia.png>
Package pdftex.def Info: images/Tartaglia.png  used on input line 882.
(pdftex.def)             Requested size: 95.96759pt x 123.50679pt.
 [5]
<images/Cardan.png, id=236, 249.93375pt x 328.22626pt>
File: images/Cardan.png Graphic file (type png)
<use images/Cardan.png>
Package pdftex.def Info: images/Cardan.png  used on input line 889.
(pdftex.def)             Requested size: 95.96759pt x 126.02943pt.
 [6 <./images/Tartaglia.png> <./images/Cardan.png>]
************************************************
Section 2.3 Lesson Three
************************************************
<images/Polya.png, id=258, 234.1247pt x 327.47343pt>
File: images/Polya.png Graphic file (type png)
<use images/Polya.png>
Package pdftex.def Info: images/Polya.png  used on input line 944.
(pdftex.def)             Requested size: 95.96759pt x 134.235pt.
[7] [8 <./images/Polya.png>]

Package amsmath Warning: Foreign command \atopwithdelims;
(amsmath)                \frac or \genfrac should be used instead
(amsmath)                 on input line 1000.

************************************************
Part I In Which We Raise A Number Of Questions
************************************************
[9] [10

]
************************************************
Chapter 3 Numbers, Real (\(\mathbb {R}\)) and Rational (\(\mathbb {Q}\))
************************************************
Chapter 3.

Package hyperref Warning: Token not allowed in a PDF string (PDFDocEncoding):
(hyperref)                removing `math shift' on input line 1032.


Package hyperref Warning: Token not allowed in a PDF string (PDFDocEncoding):
(hyperref)                removing `math shift' on input line 1032.

LaTeX Font Info:    External font `lmex10' loaded for size
(Font)              <24.88> on input line 1032.
LaTeX Font Info:    External font `lmex10' loaded for size
(Font)              <20.74> on input line 1032.
LaTeX Font Info:    External font `lmex10' loaded for size
(Font)              <17.28> on input line 1032.
<images/Fractions.png, id=313, 179.92218pt x 103.13531pt>
File: images/Fractions.png Graphic file (type png)
<use images/Fractions.png>
Package pdftex.def Info: images/Fractions.png  used on input line 1047.
(pdftex.def)             Requested size: 256.05pt x 146.78519pt.
<images/RationalNumberLine.png, id=314, 483.30562pt x 51.19125pt>
File: images/RationalNumberLine.png Graphic file (type png)
<use images/RationalNumberLine.png>
Package pdftex.def Info: images/RationalNumberLine.png  used on input line 1054
.
(pdftex.def)             Requested size: 341.20001pt x 36.1406pt.
[11

 <./images/Fractions.png>]
<images/Sqrt2.png, id=331, 179.92218pt x 176.91093pt>
File: images/Sqrt2.png Graphic file (type png)
<use images/Sqrt2.png>
Package pdftex.def Info: images/Sqrt2.png  used on input line 1081.
(pdftex.def)             Requested size: 170.90001pt x 168.05362pt.
 [12 <./images/RationalNumberLine.png>] [13 <./images/Sqrt2.png>]
<images/Sqrt2OnRatLine.png, id=359, 264.23718pt x 248.42813pt>
File: images/Sqrt2OnRatLine.png Graphic file (type png)
<use images/Sqrt2OnRatLine.png>
Package pdftex.def Info: images/Sqrt2OnRatLine.png  used on input line 1124.
(pdftex.def)             Requested size: 170.90001pt x 160.67653pt.
<images/Sqrt2Irrational.png, id=360, 306.39468pt x 261.22594pt>
File: images/Sqrt2Irrational.png Graphic file (type png)
<use images/Sqrt2Irrational.png>
Package pdftex.def Info: images/Sqrt2Irrational.png  used on input line 1133.
(pdftex.def)             Requested size: 170.90001pt x 145.70355pt.
 [14 <./images/Sqrt2OnRatLine.png>]
<images/RationalLineWithHoles.png, id=373, 479.54156pt x 57.21375pt>
File: images/RationalLineWithHoles.png Graphic file (type png)
<use images/RationalLineWithHoles.png>
Package pdftex.def Info: images/RationalLineWithHoles.png  used on input line 1
144.
(pdftex.def)             Requested size: 341.20001pt x 40.70845pt.
 [15 <./images/Sqrt2Irrational.png> <./images/RationalLineWithHoles.png>] [16]
<images/RandQ.png, id=408, 476.53032pt x 91.09032pt>
File: images/RandQ.png Graphic file (type png)
<use images/RandQ.png>
Package pdftex.def Info: images/RandQ.png  used on input line 1209.
(pdftex.def)             Requested size: 341.20001pt x 65.22496pt.

************************************************
Section 3.1 Additional Problems
************************************************
[17 <./images/RandQ.png>]
************************************************
Chapter 4 Calculus in the 17th and 18th Centuries
************************************************
[18]
Chapter 4.

Overfull \hbox (11.13968pt too wide) in paragraph at lines 1250--1250
|\T1/lmr/bx/n/24.88 Calculus in the 17th and 18th
 []

************************************************
Section 4.1 Newton and Leibniz Get Started
************************************************
************************************************
Subsection 4.1.1 Leibniz's Calculus Rules
************************************************
<images/Leibniz.png, id=431, 286.82156pt x 329.73187pt>
File: images/Leibniz.png Graphic file (type png)
<use images/Leibniz.png>
Package pdftex.def Info: images/Leibniz.png  used on input line 1268.
(pdftex.def)             Requested size: 119.81207pt x 137.73677pt.
[19

 <./images/Leibniz.png>]
************************************************
Subsection 4.1.2 Leibniz's Approach to the Product Rule
************************************************
<images/fig1.png, id=445, 184.43906pt x 143.03438pt>
File: images/fig1.png Graphic file (type png)
<use images/fig1.png>
Package pdftex.def Info: images/fig1.png  used on input line 1319.
(pdftex.def)             Requested size: 170.90001pt x 132.53387pt.
<images/fig2.png, id=446, 492.33937pt x 171.64125pt>
File: images/fig2.png Graphic file (type png)
<use images/fig2.png>
Package pdftex.def Info: images/fig2.png  used on input line 1326.
(pdftex.def)             Requested size: 307.13792pt x 107.07907pt.
[20 <./images/fig1.png>]
************************************************
Subsection 4.1.3 Newton's Approach to the Product Rule
************************************************
[21 <./images/fig2.png>]
<images/Newton.png, id=472, 265.74281pt x 328.97906pt>
File: images/Newton.png Graphic file (type png)
<use images/Newton.png>
Package pdftex.def Info: images/Newton.png  used on input line 1377.
(pdftex.def)             Requested size: 119.81207pt x 148.32533pt.
 [22 <./images/Newton.png>]
<images/snellfig.png, id=487, 374.14781pt x 158.84344pt>
File: images/snellfig.png Graphic file (type png)
<use images/snellfig.png>
Package pdftex.def Info: images/snellfig.png  used on input line 1412.
(pdftex.def)             Requested size: 256.05pt x 108.71014pt.
<images/snellfig2.png, id=488, 371.13657pt x 173.14688pt>
File: images/snellfig2.png Graphic file (type png)
<use images/snellfig2.png>
Package pdftex.def Info: images/snellfig2.png  used on input line 1422.
(pdftex.def)             Requested size: 256.05pt x 119.45825pt.
<images/snellfig3.png, id=489, 368.87813pt x 165.61874pt>
File: images/snellfig3.png Graphic file (type png)
<use images/snellfig3.png>
Package pdftex.def Info: images/snellfig3.png  used on input line 1442.
(pdftex.def)             Requested size: 256.05pt x 114.9619pt.
 [23 <./images/snellfig.png> <./images/snellfig2.png>]
<images/brachfig1.png, id=503, 373.395pt x 164.11313pt>
File: images/brachfig1.png Graphic file (type png)
<use images/brachfig1.png>
Package pdftex.def Info: images/brachfig1.png  used on input line 1451.
(pdftex.def)             Requested size: 256.05pt x 112.542pt.
<images/BernoulliJohann.png, id=505, 261.97874pt x 327.47343pt>
File: images/BernoulliJohann.png Graphic file (type png)
<use images/BernoulliJohann.png>
Package pdftex.def Info: images/BernoulliJohann.png  used on input line 1462.
(pdftex.def)             Requested size: 119.81207pt x 149.76515pt.
 [24 <./images/snellfig3.png> <./images/brachfig1.png>]
<images/brachfig2.png, id=521, 380.92313pt x 182.18062pt>
File: images/brachfig2.png Graphic file (type png)
<use images/brachfig2.png>
Package pdftex.def Info: images/brachfig2.png  used on input line 1482.
(pdftex.def)             Requested size: 256.05pt x 122.46344pt.
 [25 <./images/BernoulliJohann.png>]
<images/snellfig4.png, id=534, 237.13594pt x 181.42781pt>
File: images/snellfig4.png Graphic file (type png)
<use images/snellfig4.png>
Package pdftex.def Info: images/snellfig4.png  used on input line 1497.
(pdftex.def)             Requested size: 256.05pt x 195.9059pt.
<images/snellfig5.png, id=535, 474.27188pt x 360.59718pt>
File: images/snellfig5.png Graphic file (type png)
<use images/snellfig5.png>
Package pdftex.def Info: images/snellfig5.png  used on input line 1510.
(pdftex.def)             Requested size: 256.05pt x 194.68655pt.
 [26 <./images/brachfig2.png> <./images/snellfig4.png>] [27 <./images/snellfig5
.png>] [28]
************************************************
Section 4.2 Power Series as Infinite Polynomials
************************************************

LaTeX Font Warning: Font shape `U/stmry/b/n' undefined
(Font)              using `U/stmry/m/n' instead on input line 1587.

[29] [30] [31] [32]
Overfull \hbox (7.5192pt too wide) detected at line 1751
[] \OML/lmm/m/it/10 x \OT1/lmr/m/n/10 = \OML/lmm/m/it/10 a[] \OT1/lmr/m/n/10 + 
\OML/lmm/m/it/10 a[]x \OMS/lmsy/m/n/10 ^^@ [] \OML/lmm/m/it/10 a[]x[] \OMS/lmsy
/m/n/10 ^^@ [] \OML/lmm/m/it/10 a[]x[] \OT1/lmr/m/n/10 + [] \OML/lmm/m/it/10 a[
]x[] \OT1/lmr/m/n/10 + [] \OML/lmm/m/it/10 a[]x[] \OMS/lmsy/m/n/10 ^^@ [] \OML/
lmm/m/it/10 a[]x[] \OMS/lmsy/m/n/10 ^^@ [] \OML/lmm/m/it/10 a[]x[] \OT1/lmr/m/n
/10 + []
 []

[33] [34]
Overfull \hbox (2.4154pt too wide) in paragraph at lines 1861--1862
[]\T1/lmr/m/n/10 (-20) Multiply this se-ries by it-self and com-pute the co-ef-
fi-cients for $\OML/lmm/m/it/10 x[];  x[];  x[];  x[];  x[]$
 []

[35] [36]
<images/Euler.png, id=641, 345.54094pt x 400.49625pt>
File: images/Euler.png Graphic file (type png)
<use images/Euler.png>
Package pdftex.def Info: images/Euler.png  used on input line 1930.
(pdftex.def)             Requested size: 119.81207pt x 138.86191pt.
 [37 <./images/Euler.png>]
************************************************
Section 4.3 Additional Problems
************************************************
[38]
************************************************
Chapter 5 Questions Concerning Power Series
************************************************
[39]
Chapter 5.

Overfull \hbox (5.98534pt too wide) in paragraph at lines 2060--2060
|\T1/lmr/bx/n/24.88 Questions Con-cern-ing Power
 []

************************************************
Section 5.1 Taylor's Formula
************************************************
<images/Taylor.png, id=712, 251.43938pt x 326.72063pt>
File: images/Taylor.png Graphic file (type png)
<use images/Taylor.png>
Package pdftex.def Info: images/Taylor.png  used on input line 2088.
(pdftex.def)             Requested size: 119.81207pt x 155.68246pt.
[40

]
<images/Lagrange.png, id=725, 268.00125pt x 341.77687pt>
File: images/Lagrange.png Graphic file (type png)
<use images/Lagrange.png>
Package pdftex.def Info: images/Lagrange.png  used on input line 2109.
(pdftex.def)             Requested size: 119.81207pt x 152.79166pt.
 [41 <./images/Taylor.png>] [42 <./images/Lagrange.png>] [43]
Overfull \hbox (7.40738pt too wide) detected at line 2198
[] []\OML/lmm/m/it/10 x[] \OT1/lmr/m/n/10 = 1 + [] []\OML/lmm/m/it/10 x[] \OT1/
lmr/m/n/10 = 1 + [] []\OML/lmm/m/it/10 x[]
 []


Overfull \hbox (10.56792pt too wide) detected at line 2243
[]
 []

[44]
************************************************
Section 5.2 Series Anomalies
************************************************
<images/AltHarmonic.png, id=776, 501.37312pt x 211.54031pt>
File: images/AltHarmonic.png Graphic file (type png)
<use images/AltHarmonic.png>
Package pdftex.def Info: images/AltHarmonic.png  used on input line 2282.
(pdftex.def)             Requested size: 306.59793pt x 129.3654pt.
[45] [46 <./images/AltHarmonic.png>]
Overfull \hbox (16.55351pt too wide) detected at line 2343
[] \OT1/lmr/m/n/10 + [] + [] [] \OML/lmm/m/it/10 > a \OMS/lmsy/m/n/10 ^^@ [] []

 []


Overfull \hbox (16.43124pt too wide) detected at line 2376
[]
 []

[47]
Overfull \hbox (7.16467pt too wide) detected at line 2382
[]
 []


Overfull \hbox (10.72272pt too wide) in paragraph at lines 2400--2401
[]\T1/lmr/m/n/10 (-20) Continue defin-ing $\OML/lmm/m/it/10 O[]$\T1/lmr/m/n/10 
(-20) and $\OML/lmm/m/it/10 E[]$ \T1/lmr/m/n/10 (-20) in this fash-ion. Since $
[][] [] \OT1/lmr/m/n/10 (-20) =  [][] [] =
 []

[48]
************************************************
Section 5.3 Additional Problems
************************************************
[49]
************************************************
Part II Interregnum
************************************************
[50] [51

]
************************************************
Chapter 6 Joseph Fourier: The Man Who Broke Calculus
************************************************
Chapter 6.

Overfull \hbox (30.85188pt too wide) in paragraph at lines 2469--2469
|\T1/lmr/bx/n/24.88 Joseph Fourier: The Man Who
 []

************************************************
Section 6.1 Joseph Fourier and His Series
************************************************
<images/Fourier.png, id=830, 386.94562pt x 471.26062pt>
File: images/Fourier.png Graphic file (type png)
<use images/Fourier.png>
Package pdftex.def Info: images/Fourier.png  used on input line 2481.
(pdftex.def)             Requested size: 119.81207pt x 145.9167pt.
[52

 <./images/Fourier.png>] [53]
<images/FourierEx1.png, id=855, 469.00218pt x 291.33844pt>
File: images/FourierEx1.png Graphic file (type png)
<use images/FourierEx1.png>
Package pdftex.def Info: images/FourierEx1.png  used on input line 2564.
(pdftex.def)             Requested size: 256.05pt x 159.05414pt.

Overfull \hbox (13.2784pt too wide) in paragraph at lines 2560--2566
[]\T1/lmr/m/n/10 (-20) The above se-ries $\OML/lmm/m/it/10 f\OT1/lmr/m/n/10 (-2
0) (\OML/lmm/m/it/10 x\OT1/lmr/m/n/10 (-20) ) = [][] \OML/lmm/m/it/10 A[] [] []
$ \T1/lmr/m/n/10 (-20) with $\OML/lmm/m/it/10 A[] \OT1/lmr/m/n/10 (-20) = 2 [][
] \OML/lmm/m/it/10 f\OT1/lmr/m/n/10 (-20) (\OML/lmm/m/it/10 x\OT1/lmr/m/n/10 (-
20) ) [] []  d\OML/lmm/m/it/10 x$
 []

[54 <./images/FourierEx1.png>]
<images/FourierEx4.png, id=867, 473.51906pt x 316.93407pt>
File: images/FourierEx4.png Graphic file (type png)
<use images/FourierEx4.png>
Package pdftex.def Info: images/FourierEx4.png  used on input line 2594.
(pdftex.def)             Requested size: 341.20001pt x 228.37611pt.
<images/Ch2fig1.png, id=868, 694.09312pt x 386.94562pt>
File: images/Ch2fig1.png Graphic file (type png)
<use images/Ch2fig1.png>
Package pdftex.def Info: images/Ch2fig1.png  used on input line 2618.
(pdftex.def)             Requested size: 255.6pt x 142.49454pt.
 [55 <./images/FourierEx4.png>]
<images/FourierEx8.png, id=878, 478.78876pt x 302.63063pt>
File: images/FourierEx8.png Graphic file (type png)
<use images/FourierEx8.png>
Package pdftex.def Info: images/FourierEx8.png  used on input line 2630.
(pdftex.def)             Requested size: 341.20001pt x 215.6635pt.
<images/FourierEx10.png, id=879, 484.05844pt x 296.60812pt>
File: images/FourierEx10.png Graphic file (type png)
<use images/FourierEx10.png>
Package pdftex.def Info: images/FourierEx10.png  used on input line 2637.
(pdftex.def)             Requested size: 306.59793pt x 187.8779pt.
 [56 <./images/Ch2fig1.png> <./images/FourierEx8.png>]
<images/FourierEx11.png, id=888, 459.21562pt x 450.18187pt>
File: images/FourierEx11.png Graphic file (type png)
<use images/FourierEx11.png>
Package pdftex.def Info: images/FourierEx11.png  used on input line 2656.
(pdftex.def)             Requested size: 341.20001pt x 334.5032pt.
 [57 <./images/FourierEx10.png>] [58 <./images/FourierEx11.png>]
************************************************
Part III In Which We Find (Some) Answers
************************************************
[59] [60

]
************************************************
Chapter 7 Convergence of Sequences and Series
************************************************
Chapter 7.

Overfull \hbox (23.84192pt too wide) in paragraph at lines 2732--2732
|\T1/lmr/bx/n/24.88 Convergence of Se-quences and
 []

************************************************
Section 7.1 Sequences of Real Numbers
************************************************
<images/NumberLine.png, id=931, 698.61pt x 85.82062pt>
File: images/NumberLine.png Graphic file (type png)
<use images/NumberLine.png>
Package pdftex.def Info: images/NumberLine.png  used on input line 2754.
(pdftex.def)             Requested size: 286.19876pt x 35.15785pt.
[61

 <./images/NumberLine.png>] [62] [63] [64] [65]
************************************************
Section 7.2 The Limit as a Primary Tool
************************************************
[66] [67] [68]
************************************************
Section 7.3 Divergence
************************************************
[69] [70] [71]
************************************************
Section 7.4 Additional Problems
************************************************
[72]
************************************************
Chapter 8 A ``Tayl'' of Three Remainders
************************************************
[73]
Chapter 8.
************************************************
Section 8.1 The Integral Form of the Remainder
************************************************
[74

] [75] [76]
************************************************
Section 8.2 Lagrange's Form of the Remainder
************************************************
[77] [78] [79] [80]
************************************************
Section 8.3 Cauchy's Form of the Remainder
************************************************
[81]
<images/Cauchy.png, id=1322, 389.20406pt x 470.50781pt>
File: images/Cauchy.png Graphic file (type png)
<use images/Cauchy.png>
Package pdftex.def Info: images/Cauchy.png  used on input line 3673.
(pdftex.def)             Requested size: 95.96759pt x 116.0113pt.
 [82]
<images/Ch5fig4.png, id=1330, 621.82312pt x 494.59781pt>
File: images/Ch5fig4.png Graphic file (type png)
<use images/Ch5fig4.png>
Package pdftex.def Info: images/Ch5fig4.png  used on input line 3693.
(pdftex.def)             Requested size: 341.20001pt x 271.38814pt.
 [83 <./images/Cauchy.png> <./images/Ch5fig4.png>]
************************************************
Section 8.4 Additional Problems
************************************************
************************************************
Chapter 9 Continuity: What It Isn't and What It Is
************************************************
[84]
Chapter 9.

Overfull \hbox (18.58289pt too wide) in paragraph at lines 3732--3732
|\T1/lmr/bx/n/24.88 Continuity: What It Isn't and
 []

************************************************
Section 9.1 An Analytic Definition of Continuity
************************************************
[85

]
<images/Ch5fig1.png, id=1367, 694.84593pt x 359.09157pt>
File: images/Ch5fig1.png Graphic file (type png)
<use images/Ch5fig1.png>
Package pdftex.def Info: images/Ch5fig1.png  used on input line 3765.
(pdftex.def)             Requested size: 256.05pt x 132.32481pt.
<images/Ch5fig2.png, id=1368, 650.43pt x 246.9225pt>
File: images/Ch5fig2.png Graphic file (type png)
<use images/Ch5fig2.png>
Package pdftex.def Info: images/Ch5fig2.png  used on input line 3772.
(pdftex.def)             Requested size: 256.05pt x 97.2074pt.
<images/Weierstrass.png, id=1369, 374.90062pt x 469.00218pt>
File: images/Weierstrass.png Graphic file (type png)
<use images/Weierstrass.png>
Package pdftex.def Info: images/Weierstrass.png  used on input line 3780.
(pdftex.def)             Requested size: 119.81207pt x 149.88338pt.
 [86 <./images/Ch5fig1.png> <./images/Ch5fig2.png>]
<images/Bolzano.png, id=1381, 413.29407pt x 470.50781pt>
File: images/Bolzano.png Graphic file (type png)
<use images/Bolzano.png>
Package pdftex.def Info: images/Bolzano.png  used on input line 3811.
(pdftex.def)             Requested size: 119.81207pt x 136.39351pt.
 [87 <./images/Weierstrass.png>] [88 <./images/Bolzano.png>]
<images/Ch5fig3a.png, id=1409, 392.96812pt x 383.18156pt>
File: images/Ch5fig3a.png Graphic file (type png)
<use images/Ch5fig3a.png>
Package pdftex.def Info: images/Ch5fig3a.png  used on input line 3842.
(pdftex.def)             Requested size: 153.59897pt x 149.77347pt.
<images/Ch5fig3b.png, id=1410, 386.19281pt x 392.21532pt>
File: images/Ch5fig3b.png Graphic file (type png)
<use images/Ch5fig3b.png>
Package pdftex.def Info: images/Ch5fig3b.png  used on input line 3845.
(pdftex.def)             Requested size: 153.59897pt x 155.99162pt.
<images/Ch5fig3c.png, id=1411, 382.42876pt x 383.18156pt>
File: images/Ch5fig3c.png Graphic file (type png)
<use images/Ch5fig3c.png>
Package pdftex.def Info: images/Ch5fig3c.png  used on input line 3850.
(pdftex.def)             Requested size: 153.59897pt x 153.90137pt.
<images/Ch5fig3d.png, id=1412, 380.92313pt x 387.69844pt>
File: images/Ch5fig3d.png Graphic file (type png)
<use images/Ch5fig3d.png>
Package pdftex.def Info: images/Ch5fig3d.png  used on input line 3853.
(pdftex.def)             Requested size: 153.59897pt x 156.33076pt.
 [89 <./images/Ch5fig3a.png> <./images/Ch5fig3b.png>] [90 <./images/Ch5fig3c.pn
g> <./images/Ch5fig3d.png>]
<images/Halmos.png, id=1439, 363.60844pt x 470.50781pt>
File: images/Halmos.png Graphic file (type png)
<use images/Halmos.png>
Package pdftex.def Info: images/Halmos.png  used on input line 3937.
(pdftex.def)             Requested size: 119.81207pt x 155.03831pt.
 [91] [92 <./images/Halmos.png>]
File: images/Ch5fig4.png Graphic file (type png)
<use images/Ch5fig4.png>
Package pdftex.def Info: images/Ch5fig4.png  used on input line 3981.
(pdftex.def)             Requested size: 255.6pt x 203.29959pt.
<images/Ch5fig5.png, id=1472, 484.81125pt x 475.7775pt>
File: images/Ch5fig5.png Graphic file (type png)
<use images/Ch5fig5.png>
Package pdftex.def Info: images/Ch5fig5.png  used on input line 4008.
(pdftex.def)             Requested size: 204.60208pt x 200.79073pt.
 [93]
************************************************
Section 9.2 Sequences and Continuity
************************************************
<images/Ch5fig6.png, id=1485, 359.09157pt x 340.27126pt>
File: images/Ch5fig6.png Graphic file (type png)
<use images/Ch5fig6.png>
Package pdftex.def Info: images/Ch5fig6.png  used on input line 4047.
(pdftex.def)             Requested size: 126.39835pt x 119.77168pt.
[94 <./images/Ch5fig5.png>]
<images/Ch5fig7.png, id=1509, 639.89063pt x 439.6425pt>
File: images/Ch5fig7.png Graphic file (type png)
<use images/Ch5fig7.png>
Package pdftex.def Info: images/Ch5fig7.png  used on input line 4092.
(pdftex.def)             Requested size: 256.05pt x 175.92096pt.
 [95 <./images/Ch5fig6.png>] [96 <./images/Ch5fig7.png>]
<images/Ch5fig8.png, id=1576, 612.03656pt x 386.94562pt>
File: images/Ch5fig8.png Graphic file (type png)
<use images/Ch5fig8.png>
Package pdftex.def Info: images/Ch5fig8.png  used on input line 4162.
(pdftex.def)             Requested size: 256.05pt x 161.87839pt.
 [97] [98 <./images/Ch5fig8.png>]
************************************************
Section 9.3 The Definition of the Limit of a Function
************************************************
<images/SinGraph.png, id=1622, 691.83469pt x 305.64188pt>
File: images/SinGraph.png Graphic file (type png)
<use images/SinGraph.png>
Package pdftex.def Info: images/SinGraph.png  used on input line 4226.
(pdftex.def)             Requested size: 190.99918pt x 84.38055pt.
[99 <./images/SinGraph.png>] [100] [101]
<images/UnitCircle.png, id=1681, 496.10344pt x 461.47406pt>
File: images/UnitCircle.png Graphic file (type png)
<use images/UnitCircle.png>
Package pdftex.def Info: images/UnitCircle.png  used on input line 4369.
(pdftex.def)             Requested size: 204.60208pt x 190.31813pt.
 [102]
************************************************
Section 9.4 The Derivative, An Afterthought
************************************************
[103 <./images/UnitCircle.png>] [104]
<images/MVT.png, id=1740, 508.14844pt x 393.72093pt>
File: images/MVT.png Graphic file (type png)
<use images/MVT.png>
Package pdftex.def Info: images/MVT.png  used on input line 4511.
(pdftex.def)             Requested size: 190.99918pt x 147.98743pt.
 [105]
************************************************
Section 9.5 Additional Problems
************************************************
[106 <./images/MVT.png>]
************************************************
Chapter 10 Intermediate and Extreme Values
************************************************
[107]
Chapter 10.

Overfull \hbox (29.50726pt too wide) in paragraph at lines 4582--4582
|\T1/lmr/bx/n/24.88 Intermediate and Ex-treme Val-
 []

************************************************
Section 10.1 Completeness of the Real Number System
************************************************
<images/Ch6fig1.png, id=1790, 281.55188pt x 449.42906pt>
File: images/Ch6fig1.png Graphic file (type png)
<use images/Ch6fig1.png>
Package pdftex.def Info: images/Ch6fig1.png  used on input line 4592.
(pdftex.def)             Requested size: 126.39835pt x 201.76115pt.
<images/Ch6fig2.png, id=1793, 240.9pt x 382.42876pt>
File: images/Ch6fig2.png Graphic file (type png)
<use images/Ch6fig2.png>
Package pdftex.def Info: images/Ch6fig2.png  used on input line 4600.
(pdftex.def)             Requested size: 126.39835pt x 200.65555pt.
[108

 <./images/Ch6fig1.png>]
<images/Ch6fig3.png, id=1800, 510.40688pt x 57.96657pt>
File: images/Ch6fig3.png Graphic file (type png)
<use images/Ch6fig3.png>
Package pdftex.def Info: images/Ch6fig3.png  used on input line 4624.
(pdftex.def)             Requested size: 255.6pt x 29.0283pt.
 [109 <./images/Ch6fig2.png> <./images/Ch6fig3.png>]
<images/Ch6fig4.png, id=1814, 507.39563pt x 55.70813pt>
File: images/Ch6fig4.png Graphic file (type png)
<use images/Ch6fig4.png>
Package pdftex.def Info: images/Ch6fig4.png  used on input line 4632.
(pdftex.def)             Requested size: 255.6pt x 28.0631pt.
<images/Ch6fig5.png, id=1817, 422.32782pt x 76.03406pt>
File: images/Ch6fig5.png Graphic file (type png)
<use images/Ch6fig5.png>
Package pdftex.def Info: images/Ch6fig5.png  used on input line 4663.
(pdftex.def)             Requested size: 191.33517pt x 34.4482pt.
<images/Ch6fig6.png, id=1818, 417.81094pt x 57.96657pt>
File: images/Ch6fig6.png Graphic file (type png)
<use images/Ch6fig6.png>
Package pdftex.def Info: images/Ch6fig6.png  used on input line 4667.
(pdftex.def)             Requested size: 191.33517pt x 26.54642pt.
 [110 <./images/Ch6fig4.png>] [111 <./images/Ch6fig5.png> <./images/Ch6fig6.png
>]
<images/Ch6fig7.png, id=1855, 694.84593pt x 201.75375pt>
File: images/Ch6fig7.png Graphic file (type png)
<use images/Ch6fig7.png>
Package pdftex.def Info: images/Ch6fig7.png  used on input line 4732.
(pdftex.def)             Requested size: 265.70282pt x 77.14746pt.
 [112 <./images/Ch6fig7.png>]
************************************************
Section 10.2 Proof of the Intermediate Value Theorem
************************************************
[113]
************************************************
Section 10.3 The Bolzano-Weierstrass Theorem
************************************************
[114] [115]
************************************************
Section 10.4 The Supremum and the Extreme Value Theorem
************************************************
<images/Ch6fig8.png, id=1932, 656.4525pt x 255.20343pt>
File: images/Ch6fig8.png Graphic file (type png)
<use images/Ch6fig8.png>
Package pdftex.def Info: images/Ch6fig8.png  used on input line 4884.
(pdftex.def)             Requested size: 255.6pt x 99.36928pt.
[116 <./images/Ch6fig8.png>] [117] [118] [119]
************************************************
Section 10.5 Additional Problems
************************************************
[120]
************************************************
Chapter 11 Back to Power Series
************************************************
[121]
Chapter 11.
************************************************
Section 11.1 Uniform Convergence
************************************************
<images/Ch7fig1.png, id=2066, 691.08188pt x 352.31625pt>
File: images/Ch7fig1.png Graphic file (type png)
<use images/Ch7fig1.png>
Package pdftex.def Info: images/Ch7fig1.png  used on input line 5094.
(pdftex.def)             Requested size: 289.60208pt x 147.64388pt.
[122

 <./images/Ch7fig1.png>] [123] [124]
************************************************
Section 11.2 Uniform Convergence: Integrals and Derivatives
************************************************

Overfull \hbox (2.2362pt too wide) in paragraph at lines 5178--5178
|[]\T1/lmr/bx/n/14.4 Uniform Con-ver-gence: In-te-grals and Deriva-
 []

[125]
************************************************
Subsection 11.2.1 Cauchy Sequences
************************************************
[126]
<images/CompletenessAxioms.png, id=2171, 563.85657pt x 202.50656pt>
File: images/CompletenessAxioms.png Graphic file (type png)
<use images/CompletenessAxioms.png>
Package pdftex.def Info: images/CompletenessAxioms.png  used on input line 5304
.
(pdftex.def)             Requested size: 340.6pt x 122.3268pt.
 [127] [128 <./images/CompletenessAxioms.png>]
************************************************
Section 11.3 Radius of Convergence of a Power Series
************************************************
[129] [130]
************************************************
Section 11.4 Boundary Issues and Abel's Theorem
************************************************
[131] [132]
************************************************
Chapter 12 Back to the Real Numbers
************************************************
[133]
Chapter 12.
[134

]
<images/Cantor.png, id=2392, 369.63094pt x 472.01344pt>
File: images/Cantor.png Graphic file (type png)
<use images/Cantor.png>
Package pdftex.def Info: images/Cantor.png  used on input line 5636.
(pdftex.def)             Requested size: 119.81207pt x 152.9992pt.
 [135] [136 <./images/Cantor.png>]
************************************************
Section 12.1 Infinite Sets
************************************************
[137] [138] [139] [140] [141]
************************************************
Section 12.2 Cantor's Theorem and Its Consequences
************************************************
<images/Dedekind.png, id=2526, 377.91188pt x 469.755pt>
File: images/Dedekind.png Graphic file (type png)
<use images/Dedekind.png>
Package pdftex.def Info: images/Dedekind.png  used on input line 5915.
(pdftex.def)             Requested size: 119.81207pt x 148.92693pt.
[142 <./images/Dedekind.png>] [143] [144]
<images/Godel.png, id=2570, 385.44pt x 469.755pt>
File: images/Godel.png Graphic file (type png)
<use images/Godel.png>
Package pdftex.def Info: images/Godel.png  used on input line 6022.
(pdftex.def)             Requested size: 119.81207pt x 146.01677pt.
 [145 <./images/Godel.png>]
************************************************
Chapter 13 Epilogues
************************************************
[146]
Chapter 13.
************************************************
Section 13.1 On the Nature of Numbers: A Dialogue (with Apologies to Galileo)
************************************************

Overfull \hbox (15.47615pt too wide) in paragraph at lines 6065--6066
\T1/lmr/m/n/10 (-20) just the same way that the car-di-nal-ity of the set $\OML
/lmm/m/it/10 S \OT1/lmr/m/n/10 (-20) = []$
 []

[147

] [148] [149] [150] [151]
************************************************
Subsection 13.1.1 Additional Problems
************************************************

Overfull \hbox (15.9289pt too wide) in paragraph at lines 6329--6331
[]\T1/lmr/bx/n/10 Problem 13.1.3 []\T1/lmr/m/n/10 (-20) Con-sider the set of or
-dered pairs of real num-bers, $[]$,
 []

[152]
************************************************
Section 13.2 Building the Real Numbers
************************************************
[153] [154]
************************************************
Subsection 13.2.1 The Decimal Expansion
************************************************
[155]
Overfull \hbox (1.92427pt too wide) detected at line 6493
[]
 []

************************************************
Subsection 13.2.2 Cauchy Sequences
************************************************
[156] [157] [158]
************************************************
Subsection 13.2.3 Dedekind Cuts
************************************************
[159] [160] [161] [162] [163] [164] [165]
************************************************
References Bibliography
************************************************
[166



] [167]
runsystem(makeindex ASORA.idx)...executed safely (allowed).

 (./ASORA.ind [168


] [169] [170] [171] [172]) [173]
Package atveryend Info: Empty hook `BeforeClearDocument' on input line 6972.
Package atveryend Info: Empty hook `AfterLastShipout' on input line 6972.
 (./ASORA.aux)
Package atveryend Info: Executing hook `AtVeryEndDocument' on input line 6972.
\snap@out=\write9
\openout9 = `ASORA.dep'.


Dependency list written on ASORA.dep.
Package atveryend Info: Executing hook `AtEndAfterFileList' on input line 6972.

Package rerunfilecheck Info: File `ASORA.out' has not changed.
(rerunfilecheck)             Checksum: 8273C12FBC5FF7D931C7CCB3EC5B2455;1334.

LaTeX Font Warning: Some font shapes were not available, defaults substituted.

 ) 
Here is how much of TeX's memory you used:
 31051 strings out of 481239
 584270 string characters out of 5920376
 947455 words of memory out of 5000000
 43901 multiletter control sequences out of 15000+600000
 668410 words of font info for 249 fonts, out of 8000000 for 9000
 1141 hyphenation exceptions out of 8191
 59i,17n,83p,1323b,1415s stack positions out of 5000i,500n,10000p,200000b,80000s
{/usr/share/texmf/fonts/enc/dvips/lm/lm-mathit.enc}{/usr/share/texmf/fonts/en
c/dvips/lm/lm-mathsy.enc}{/usr/share/texmf/fonts/enc/dvips/lm/lm-rm.enc}{/usr/s
hare/texmf/fonts/enc/dvips/lm/lm-ec.enc}{/usr/share/texmf/fonts/enc/dvips/lm/lm
-mathex.enc}{/usr/share/texmf/fonts/enc/dvips/lm/lm-ts1.enc}</usr/share/texmf/f
onts/type1/public/lm/lmbx10.pfb></usr/share/texmf/fonts/type1/public/lm/lmbx12.
pfb></usr/share/texmf/fonts/type1/public/lm/lmbxi10.pfb></usr/share/texmf/fonts
/type1/public/lm/lmex10.pfb></usr/share/texmf/fonts/type1/public/lm/lmmi10.pfb>
</usr/share/texmf/fonts/type1/public/lm/lmmi5.pfb></usr/share/texmf/fonts/type1
/public/lm/lmmi7.pfb></usr/share/texmf/fonts/type1/public/lm/lmmib10.pfb></usr/
share/texmf/fonts/type1/public/lm/lmmib7.pfb></usr/share/texmf/fonts/type1/publ
ic/lm/lmr10.pfb></usr/share/texmf/fonts/type1/public/lm/lmr12.pfb></usr/share/t
exmf/fonts/type1/public/lm/lmr17.pfb></usr/share/texmf/fonts/type1/public/lm/lm
r5.pfb></usr/share/texmf/fonts/type1/public/lm/lmr6.pfb></usr/share/texmf/fonts
/type1/public/lm/lmr7.pfb></usr/share/texmf/fonts/type1/public/lm/lmri10.pfb></
usr/share/texmf/fonts/type1/public/lm/lmri7.pfb></usr/share/texmf/fonts/type1/p
ublic/lm/lmro10.pfb></usr/share/texmf/fonts/type1/public/lm/lmsy10.pfb></usr/sh
are/texmf/fonts/type1/public/lm/lmsy5.pfb></usr/share/texmf/fonts/type1/public/
lm/lmsy7.pfb></usr/share/texmf/fonts/type1/public/lm/lmtt9.pfb></usr/share/texl
ive/texmf-dist/fonts/type1/public/amsfonts/symbols/msam10.pfb></usr/share/texli
ve/texmf-dist/fonts/type1/public/amsfonts/symbols/msbm10.pfb>
Output written on ASORA.pdf (179 pages, 3543632 bytes).
PDF statistics:
 3670 PDF objects out of 4296 (max. 8388607)
 3282 compressed objects within 33 object streams
 1518 named destinations out of 1728 (max. 500000)
 34290 words of extra memory for PDF output out of 35830 (max. 10000000)

